17:13:24:417  INFO 46152 --- [main] com.hmall.trade.TradeApplication         : Starting TradeApplication using Java 17.0.17 on DESKTOP-GR78KPD with PID 46152 (D:\code\project\hmall\hmall\trade-service\target\classes started by Chen in D:\code\project\hmall\hmall)
17:13:24:417 DEBUG 46152 --- [main] com.hmall.trade.TradeApplication         : Running with Spring Boot v2.7.12, Spring v5.3.27
17:13:24:418  INFO 46152 --- [main] com.hmall.trade.TradeApplication         : The following 1 profile is active: "local"
17:13:25:139  INFO 46152 --- [main] o.s.cloud.context.scope.GenericScope     : BeanFactory id=3b6967cf-6750-3c50-8ea3-5aaf152b44ef
17:13:25:463  INFO 46152 --- [main] o.s.b.w.embedded.tomcat.TomcatWebServer  : Tomcat initialized with port(s): 8084 (http)
17:13:25:473  INFO 46152 --- [main] o.apache.catalina.core.StandardService   : Starting service [Tomcat]
17:13:25:474  INFO 46152 --- [main] org.apache.catalina.core.StandardEngine  : Starting Servlet engine: [Apache Tomcat/9.0.75]
17:13:25:582  INFO 46152 --- [main] o.a.c.c.C.[Tomcat].[localhost].[/]       : Initializing Spring embedded WebApplicationContext
17:13:25:583  INFO 46152 --- [main] w.s.c.ServletWebServerApplicationContext : Root WebApplicationContext: initialization completed in 1124 ms
17:13:25:734  INFO 46152 --- [main] o.s.c.openfeign.FeignClientFactoryBean   : For 'item-service' URL not provided. Will try picking an instance via load-balancing.
17:13:26:018  INFO 46152 --- [main] o.s.c.openfeign.FeignClientFactoryBean   : For 'cart-service' URL not provided. Will try picking an instance via load-balancing.
17:13:26:503  INFO 46152 --- [main] pertySourcedRequestMappingHandlerMapping : Mapped URL path [/v2/api-docs] onto method [springfox.documentation.swagger2.web.Swagger2ControllerWebMvc#getDocumentation(String, HttpServletRequest)]
17:13:26:842  INFO 46152 --- [main] com.alibaba.nacos.common.remote.client   : [RpcClientFactory] create a new rpc client of a4f3be75-6cc9-4c1e-91dc-b12edc49d285
17:13:26:884  INFO 46152 --- [main] org.reflections.Reflections              : Reflections took 18 ms to scan 1 urls, producing 3 keys and 6 values 
17:13:26:900  INFO 46152 --- [main] org.reflections.Reflections              : Reflections took 5 ms to scan 1 urls, producing 4 keys and 9 values 
17:13:26:907  INFO 46152 --- [main] org.reflections.Reflections              : Reflections took 5 ms to scan 1 urls, producing 3 keys and 10 values 
17:13:26:908  WARN 46152 --- [main] org.reflections.Reflections              : given scan urls are empty. set urls in the configuration
17:13:26:912  INFO 46152 --- [main] org.reflections.Reflections              : Reflections took 4 ms to scan 1 urls, producing 1 keys and 5 values 
17:13:26:919  INFO 46152 --- [main] org.reflections.Reflections              : Reflections took 6 ms to scan 1 urls, producing 1 keys and 7 values 
17:13:26:925  INFO 46152 --- [main] org.reflections.Reflections              : Reflections took 4 ms to scan 1 urls, producing 2 keys and 8 values 
17:13:26:926  WARN 46152 --- [main] org.reflections.Reflections              : given scan urls are empty. set urls in the configuration
17:13:26:928  INFO 46152 --- [main] com.alibaba.nacos.common.remote.client   : [a4f3be75-6cc9-4c1e-91dc-b12edc49d285] RpcClient init label, labels = {module=naming, source=sdk}
17:13:26:929  INFO 46152 --- [main] com.alibaba.nacos.common.remote.client   : [a4f3be75-6cc9-4c1e-91dc-b12edc49d285] RpcClient init, ServerListFactory = com.alibaba.nacos.client.naming.core.ServerListManager
17:13:26:929  INFO 46152 --- [main] com.alibaba.nacos.common.remote.client   : [a4f3be75-6cc9-4c1e-91dc-b12edc49d285] Registry connection listener to current client:com.alibaba.nacos.client.naming.remote.gprc.redo.NamingGrpcRedoService
17:13:26:929  INFO 46152 --- [main] com.alibaba.nacos.common.remote.client   : [a4f3be75-6cc9-4c1e-91dc-b12edc49d285] Register server push request handler:com.alibaba.nacos.client.naming.remote.gprc.NamingPushRequestHandler
17:13:26:930  INFO 46152 --- [main] com.alibaba.nacos.common.remote.client   : [a4f3be75-6cc9-4c1e-91dc-b12edc49d285] Try to connect to server on start up, server: {serverIp = '192.168.100.131', server main port = 8848}
17:13:27:823  INFO 46152 --- [main] com.alibaba.nacos.common.remote.client   : [a4f3be75-6cc9-4c1e-91dc-b12edc49d285] Success to connect to server [192.168.100.131:8848] on start up, connectionId = 1768986808451_192.168.100.1_11586
17:13:27:824  INFO 46152 --- [com.alibaba.nacos.client.remote.worker] com.alibaba.nacos.common.remote.client   : [a4f3be75-6cc9-4c1e-91dc-b12edc49d285] Notify connected event to listeners.
17:13:27:824  INFO 46152 --- [main] com.alibaba.nacos.common.remote.client   : [a4f3be75-6cc9-4c1e-91dc-b12edc49d285] Register server push request handler:com.alibaba.nacos.common.remote.client.RpcClient$ConnectResetRequestHandler
17:13:27:824  INFO 46152 --- [main] com.alibaba.nacos.common.remote.client   : [a4f3be75-6cc9-4c1e-91dc-b12edc49d285] Register server push request handler:com.alibaba.nacos.common.remote.client.RpcClient$$Lambda$990/0x0000025f817c7740
17:13:27:864  INFO 46152 --- [main] o.s.b.w.embedded.tomcat.TomcatWebServer  : Tomcat started on port(s): 8084 (http) with context path ''
17:13:27:872  INFO 46152 --- [main] c.a.c.n.registry.NacosServiceRegistry    : nacos registry, DEFAULT_GROUP order-service 192.168.245.1:8084 register finished
17:13:28:040  INFO 46152 --- [main] d.s.w.p.DocumentationPluginsBootstrapper : Documentation plugins bootstrapped
17:13:28:042  INFO 46152 --- [main] d.s.w.p.DocumentationPluginsBootstrapper : Found 1 custom documentation plugin(s)
17:13:28:058  INFO 46152 --- [main] s.d.s.w.s.ApiListingReferenceScanner     : Scanning for api listing references
17:13:28:121  INFO 46152 --- [main] com.hmall.trade.TradeApplication         : Started TradeApplication in 4.355 seconds (JVM running for 4.958)
17:13:28:416  INFO 46152 --- [nacos-grpc-client-executor-10] com.alibaba.nacos.common.remote.client   : [a4f3be75-6cc9-4c1e-91dc-b12edc49d285] Receive server push request, request = NotifySubscriberRequest, requestId = 87
17:13:28:420  INFO 46152 --- [nacos-grpc-client-executor-10] com.alibaba.nacos.common.remote.client   : [a4f3be75-6cc9-4c1e-91dc-b12edc49d285] Ack server push request, request = NotifySubscriberRequest, requestId = 87
17:13:43:586  INFO 46152 --- [http-nio-8084-exec-1] o.a.c.c.C.[Tomcat].[localhost].[/]       : Initializing Spring DispatcherServlet 'dispatcherServlet'
17:13:43:586  INFO 46152 --- [http-nio-8084-exec-1] o.s.web.servlet.DispatcherServlet        : Initializing Servlet 'dispatcherServlet'
17:13:43:587  INFO 46152 --- [http-nio-8084-exec-1] o.s.web.servlet.DispatcherServlet        : Completed initialization in 1 ms
17:13:43:654  INFO 46152 --- [http-nio-8084-exec-1] com.zaxxer.hikari.HikariDataSource       : HikariPool-1 - Starting...
17:13:43:930  INFO 46152 --- [http-nio-8084-exec-1] com.zaxxer.hikari.HikariDataSource       : HikariPool-1 - Start completed.
17:13:43:936 DEBUG 46152 --- [http-nio-8084-exec-1] c.h.trade.mapper.OrderMapper.updateById  : ==>  Preparing: UPDATE `order` SET status=?, pay_time=? WHERE id=?
17:13:43:954 DEBUG 46152 --- [http-nio-8084-exec-1] c.h.trade.mapper.OrderMapper.updateById  : ==> Parameters: 2(Integer), 2026-01-21T17:13:43.623338400(LocalDateTime), 2013901368975065089(Long)
17:13:43:962 DEBUG 46152 --- [http-nio-8084-exec-1] c.h.trade.mapper.OrderMapper.updateById  : <==    Updates: 1
17:15:02:868  WARN 46152 --- [Thread-7] c.a.n.common.http.HttpClientBeanHolder   : [HttpClientBeanHolder] Start destroying common HttpClient
17:15:02:868  WARN 46152 --- [Thread-4] c.a.nacos.common.notify.NotifyCenter     : [NotifyCenter] Start destroying Publisher
17:15:02:868  WARN 46152 --- [Thread-4] c.a.nacos.common.notify.NotifyCenter     : [NotifyCenter] Destruction of the end
17:15:02:869  WARN 46152 --- [Thread-7] c.a.n.common.http.HttpClientBeanHolder   : [HttpClientBeanHolder] Destruction of the end
17:15:02:891  INFO 46152 --- [SpringApplicationShutdownHook] c.a.c.n.registry.NacosServiceRegistry    : De-registering from Nacos Server now...
17:15:02:894  INFO 46152 --- [SpringApplicationShutdownHook] c.a.c.n.registry.NacosServiceRegistry    : De-registration finished.
17:15:03:229  INFO 46152 --- [SpringApplicationShutdownHook] com.alibaba.nacos.common.remote.client   : Shutdown rpc client, set status to shutdown
17:15:03:229  INFO 46152 --- [SpringApplicationShutdownHook] com.alibaba.nacos.common.remote.client   : Shutdown client event executor java.util.concurrent.ScheduledThreadPoolExecutor@64869683[Running, pool size = 2, active threads = 2, queued tasks = 0, completed tasks = 0]
17:15:03:229  INFO 46152 --- [SpringApplicationShutdownHook] com.alibaba.nacos.common.remote.client   : Close current connection 1768986808451_192.168.100.1_11586
17:15:03:231  INFO 46152 --- [nacos-grpc-client-executor-33] c.a.n.c.remote.client.grpc.GrpcClient    : [1768986808451_192.168.100.1_11586]Ignore complete event,isRunning:false,isAbandon=false
17:15:03:232  INFO 46152 --- [SpringApplicationShutdownHook] c.a.n.c.remote.client.grpc.GrpcClient    : Shutdown grpc executor java.util.concurrent.ThreadPoolExecutor@78e5821b[Running, pool size = 5, active threads = 0, queued tasks = 0, completed tasks = 34]
17:15:03:235  INFO 46152 --- [SpringApplicationShutdownHook] com.zaxxer.hikari.HikariDataSource       : HikariPool-1 - Shutdown initiated...
17:15:03:241  INFO 46152 --- [SpringApplicationShutdownHook] com.zaxxer.hikari.HikariDataSource       : HikariPool-1 - Shutdown completed.
17:15:05:159  INFO 31524 --- [main] com.hmall.trade.TradeApplication         : Starting TradeApplication using Java 17.0.17 on DESKTOP-GR78KPD with PID 31524 (D:\code\project\hmall\hmall\trade-service\target\classes started by Chen in D:\code\project\hmall\hmall)
17:15:05:161 DEBUG 31524 --- [main] com.hmall.trade.TradeApplication         : Running with Spring Boot v2.7.12, Spring v5.3.27
17:15:05:161  INFO 31524 --- [main] com.hmall.trade.TradeApplication         : The following 1 profile is active: "local"
17:15:05:914  INFO 31524 --- [main] o.s.cloud.context.scope.GenericScope     : BeanFactory id=3b6967cf-6750-3c50-8ea3-5aaf152b44ef
17:15:06:173  INFO 31524 --- [main] o.s.b.w.embedded.tomcat.TomcatWebServer  : Tomcat initialized with port(s): 8084 (http)
17:15:06:268  INFO 31524 --- [main] w.s.c.ServletWebServerApplicationContext : Root WebApplicationContext: initialization completed in 1063 ms
17:15:06:388  INFO 31524 --- [main] o.s.c.openfeign.FeignClientFactoryBean   : For 'item-service' URL not provided. Will try picking an instance via load-balancing.
17:15:06:641  INFO 31524 --- [main] o.s.c.openfeign.FeignClientFactoryBean   : For 'cart-service' URL not provided. Will try picking an instance via load-balancing.
17:15:07:086  INFO 31524 --- [main] pertySourcedRequestMappingHandlerMapping : Mapped URL path [/v2/api-docs] onto method [springfox.documentation.swagger2.web.Swagger2ControllerWebMvc#getDocumentation(String, HttpServletRequest)]
17:15:07:362  WARN 31524 --- [main] ConfigServletWebServerApplicationContext : Exception encountered during context initialization - cancelling refresh attempt: org.springframework.context.ApplicationContextException: Failed to start bean 'nacosWatch'; nested exception is java.lang.RuntimeException: ErrCode:-400, ErrMsg:Shutdown in progress
17:15:07:365 ERROR 31524 --- [main] c.a.cloud.nacos.discovery.NacosWatch     : namingService unsubscribe failed, properties:NacosDiscoveryProperties{serverAddr='192.168.100.131:8848', username='', password='', endpoint='', namespace='', watchDelay=30000, logName='', service='order-service', weight=1.0, clusterName='DEFAULT', group='DEFAULT_GROUP', namingLoadCacheAtStart='false', metadata={preserved.register.source=SPRING_CLOUD}, registerEnabled=true, ip='192.168.245.1', networkInterface='', port=-1, secure=false, accessKey='', secretKey='', heartBeatInterval=null, heartBeatTimeout=null, ipDeleteTimeout=null, instanceEnabled=true, ephemeral=true, failureToleranceEnabled=false}, ipDeleteTimeout=null, failFast=true}

java.lang.RuntimeException: ErrCode:-400, ErrMsg:Exception java.lang.IllegalStateException: Shutdown in progress [in thread "main"]
	at com.alibaba.cloud.nacos.NacosServiceManager.createNewNamingService(NacosServiceManager.java:102) ~[spring-cloud-starter-alibaba-nacos-discovery-2021.0.4.0.jar:2021.0.4.0]
	at com.alibaba.cloud.nacos.NacosServiceManager.buildNamingService(NacosServiceManager.java:90) ~[spring-cloud-starter-alibaba-nacos-discovery-2021.0.4.0.jar:2021.0.4.0]
	at com.alibaba.cloud.nacos.NacosServiceManager.getNamingService(NacosServiceManager.java:46) ~[spring-cloud-starter-alibaba-nacos-discovery-2021.0.4.0.jar:2021.0.4.0]
	at com.alibaba.cloud.nacos.discovery.NacosWatch.stop(NacosWatch.java:173) ~[spring-cloud-starter-alibaba-nacos-discovery-2021.0.4.0.jar:2021.0.4.0]
	at com.alibaba.cloud.nacos.discovery.NacosWatch.destroy(NacosWatch.java:204) ~[spring-cloud-starter-alibaba-nacos-discovery-2021.0.4.0.jar:2021.0.4.0]
	at org.springframework.beans.factory.support.DisposableBeanAdapter.destroy(DisposableBeanAdapter.java:213) ~[spring-beans-5.3.27.jar:5.3.27]
	at org.springframework.beans.factory.support.DefaultSingletonBeanRegistry.destroyBean(DefaultSingletonBeanRegistry.java:587) ~[spring-beans-5.3.27.jar:5.3.27]
	at org.springframework.beans.factory.support.DefaultSingletonBeanRegistry.destroySingleton(DefaultSingletonBeanRegistry.java:559) ~[spring-beans-5.3.27.jar:5.3.27]
	at org.springframework.beans.factory.support.DefaultListableBeanFactory.destroySingleton(DefaultListableBeanFactory.java:1163) ~[spring-beans-5.3.27.jar:5.3.27]
	at org.springframework.beans.factory.support.DefaultSingletonBeanRegistry.destroySingletons(DefaultSingletonBeanRegistry.java:520) ~[spring-beans-5.3.27.jar:5.3.27]
	at org.springframework.beans.factory.support.DefaultListableBeanFactory.destroySingletons(DefaultListableBeanFactory.java:1156) ~[spring-beans-5.3.27.jar:5.3.27]
	at org.springframework.context.support.AbstractApplicationContext.destroyBeans(AbstractApplicationContext.java:1108) ~[spring-context-5.3.27.jar:5.3.27]
	at org.springframework.context.support.AbstractApplicationContext.refresh(AbstractApplicationContext.java:596) ~[spring-context-5.3.27.jar:5.3.27]
	at org.springframework.boot.web.servlet.context.ServletWebServerApplicationContext.refresh(ServletWebServerApplicationContext.java:147) ~[spring-boot-2.7.12.jar:2.7.12]
	at org.springframework.boot.SpringApplication.refresh(SpringApplication.java:731) ~[spring-boot-2.7.12.jar:2.7.12]
	at org.springframework.boot.SpringApplication.refreshContext(SpringApplication.java:408) ~[spring-boot-2.7.12.jar:2.7.12]
	at org.springframework.boot.SpringApplication.run(SpringApplication.java:307) ~[spring-boot-2.7.12.jar:2.7.12]
	at org.springframework.boot.SpringApplication.run(SpringApplication.java:1303) ~[spring-boot-2.7.12.jar:2.7.12]
	at org.springframework.boot.SpringApplication.run(SpringApplication.java:1292) ~[spring-boot-2.7.12.jar:2.7.12]
	at com.hmall.trade.TradeApplication.main(TradeApplication.java:14) ~[classes/:na]
Caused by: com.alibaba.nacos.api.exception.NacosException: java.lang.reflect.InvocationTargetException
	at com.alibaba.nacos.api.naming.NamingFactory.createNamingService(NamingFactory.java:61) ~[nacos-client-2.0.4.jar:na]
	at com.alibaba.nacos.api.NacosFactory.createNamingService(NacosFactory.java:77) ~[nacos-client-2.0.4.jar:na]
	at com.alibaba.cloud.nacos.NacosServiceManager.createNewNamingService(NacosServiceManager.java:99) ~[spring-cloud-starter-alibaba-nacos-discovery-2021.0.4.0.jar:2021.0.4.0]
	... 19 common frames omitted
Caused by: java.lang.reflect.InvocationTargetException: null
	at java.base/jdk.internal.reflect.NativeConstructorAccessorImpl.newInstance0(Native Method) ~[na:na]
	at java.base/jdk.internal.reflect.NativeConstructorAccessorImpl.newInstance(NativeConstructorAccessorImpl.java:77) ~[na:na]
	at java.base/jdk.internal.reflect.DelegatingConstructorAccessorImpl.newInstance(DelegatingConstructorAccessorImpl.java:45) ~[na:na]
	at java.base/java.lang.reflect.Constructor.newInstanceWithCaller(Constructor.java:499) ~[na:na]
	at java.base/java.lang.reflect.Constructor.newInstance(Constructor.java:480) ~[na:na]
	at com.alibaba.nacos.api.naming.NamingFactory.createNamingService(NamingFactory.java:59) ~[nacos-client-2.0.4.jar:na]
	... 21 common frames omitted
Caused by: java.lang.NoClassDefFoundError: Could not initialize class com.alibaba.nacos.common.notify.NotifyCenter
	at com.alibaba.nacos.client.naming.NacosNamingService.init(NacosNamingService.java:92) ~[nacos-client-2.0.4.jar:na]
	at com.alibaba.nacos.client.naming.NacosNamingService.<init>(NacosNamingService.java:81) ~[nacos-client-2.0.4.jar:na]
	... 27 common frames omitted
Caused by: java.lang.ExceptionInInitializerError: Exception java.lang.IllegalStateException: Shutdown in progress [in thread "main"]
	at java.base/java.lang.ApplicationShutdownHooks.add(ApplicationShutdownHooks.java:66) ~[na:na]
	at java.base/java.lang.Runtime.addShutdownHook(Runtime.java:216) ~[na:na]
	at com.alibaba.nacos.common.utils.ThreadUtils.addShutdownHook(ThreadUtils.java:150) ~[nacos-client-2.0.4.jar:na]
	at com.alibaba.nacos.common.notify.NotifyCenter.<clinit>(NotifyCenter.java:108) ~[nacos-client-2.0.4.jar:na]
	at com.alibaba.nacos.client.naming.NacosNamingService.init(NacosNamingService.java:92) ~[nacos-client-2.0.4.jar:na]
	at com.alibaba.nacos.client.naming.NacosNamingService.<init>(NacosNamingService.java:81) ~[nacos-client-2.0.4.jar:na]
	at java.base/jdk.internal.reflect.NativeConstructorAccessorImpl.newInstance0(Native Method) ~[na:na]
	at java.base/jdk.internal.reflect.NativeConstructorAccessorImpl.newInstance(NativeConstructorAccessorImpl.java:77) ~[na:na]
	at java.base/jdk.internal.reflect.DelegatingConstructorAccessorImpl.newInstance(DelegatingConstructorAccessorImpl.java:45) ~[na:na]
	at java.base/java.lang.reflect.Constructor.newInstanceWithCaller(Constructor.java:499) ~[na:na]
	at java.base/java.lang.reflect.Constructor.newInstance(Constructor.java:480) ~[na:na]
	at com.alibaba.nacos.api.naming.NamingFactory.createNamingService(NamingFactory.java:59) ~[nacos-client-2.0.4.jar:na]
	at com.alibaba.nacos.api.NacosFactory.createNamingService(NacosFactory.java:77) ~[nacos-client-2.0.4.jar:na]
	at com.alibaba.cloud.nacos.NacosServiceManager.createNewNamingService(NacosServiceManager.java:99) ~[spring-cloud-starter-alibaba-nacos-discovery-2021.0.4.0.jar:2021.0.4.0]
	at com.alibaba.cloud.nacos.NacosServiceManager.buildNamingService(NacosServiceManager.java:90) ~[spring-cloud-starter-alibaba-nacos-discovery-2021.0.4.0.jar:2021.0.4.0]
	at com.alibaba.cloud.nacos.NacosServiceManager.getNamingService(NacosServiceManager.java:46) ~[spring-cloud-starter-alibaba-nacos-discovery-2021.0.4.0.jar:2021.0.4.0]
	at com.alibaba.cloud.nacos.discovery.NacosWatch.start(NacosWatch.java:130) ~[spring-cloud-starter-alibaba-nacos-discovery-2021.0.4.0.jar:2021.0.4.0]
	at org.springframework.context.support.DefaultLifecycleProcessor.doStart(DefaultLifecycleProcessor.java:178) ~[spring-context-5.3.27.jar:5.3.27]
	at org.springframework.context.support.DefaultLifecycleProcessor.access$200(DefaultLifecycleProcessor.java:54) ~[spring-context-5.3.27.jar:5.3.27]
	at org.springframework.context.support.DefaultLifecycleProcessor$LifecycleGroup.start(DefaultLifecycleProcessor.java:356) ~[spring-context-5.3.27.jar:5.3.27]
	at java.base/java.lang.Iterable.forEach(Iterable.java:75) ~[na:na]
	at org.springframework.context.support.DefaultLifecycleProcessor.startBeans(DefaultLifecycleProcessor.java:155) ~[spring-context-5.3.27.jar:5.3.27]
	at org.springframework.context.support.DefaultLifecycleProcessor.onRefresh(DefaultLifecycleProcessor.java:123) ~[spring-context-5.3.27.jar:5.3.27]
	at org.springframework.context.support.AbstractApplicationContext.finishRefresh(AbstractApplicationContext.java:937) ~[spring-context-5.3.27.jar:5.3.27]
	at org.springframework.context.support.AbstractApplicationContext.refresh(AbstractApplicationContext.java:586) ~[spring-context-5.3.27.jar:5.3.27]
	... 7 common frames omitted

17:15:09:642  INFO 46704 --- [main] com.hmall.trade.TradeApplication         : Starting TradeApplication using Java 17.0.17 on DESKTOP-GR78KPD with PID 46704 (D:\code\project\hmall\hmall\trade-service\target\classes started by Chen in D:\code\project\hmall\hmall)
17:15:09:643 DEBUG 46704 --- [main] com.hmall.trade.TradeApplication         : Running with Spring Boot v2.7.12, Spring v5.3.27
17:15:09:643  INFO 46704 --- [main] com.hmall.trade.TradeApplication         : The following 1 profile is active: "local"
17:15:10:397  INFO 46704 --- [main] o.s.cloud.context.scope.GenericScope     : BeanFactory id=3b6967cf-6750-3c50-8ea3-5aaf152b44ef
17:15:10:703  INFO 46704 --- [main] o.s.b.w.embedded.tomcat.TomcatWebServer  : Tomcat initialized with port(s): 8084 (http)
17:15:10:711  INFO 46704 --- [main] o.apache.catalina.core.StandardService   : Starting service [Tomcat]
17:15:10:711  INFO 46704 --- [main] org.apache.catalina.core.StandardEngine  : Starting Servlet engine: [Apache Tomcat/9.0.75]
17:15:10:808  INFO 46704 --- [main] o.a.c.c.C.[Tomcat].[localhost].[/]       : Initializing Spring embedded WebApplicationContext
17:15:10:808  INFO 46704 --- [main] w.s.c.ServletWebServerApplicationContext : Root WebApplicationContext: initialization completed in 1128 ms
17:15:10:942  INFO 46704 --- [main] o.s.c.openfeign.FeignClientFactoryBean   : For 'item-service' URL not provided. Will try picking an instance via load-balancing.
17:15:11:205  INFO 46704 --- [main] o.s.c.openfeign.FeignClientFactoryBean   : For 'cart-service' URL not provided. Will try picking an instance via load-balancing.
17:15:11:690  INFO 46704 --- [main] pertySourcedRequestMappingHandlerMapping : Mapped URL path [/v2/api-docs] onto method [springfox.documentation.swagger2.web.Swagger2ControllerWebMvc#getDocumentation(String, HttpServletRequest)]
17:15:12:025  INFO 46704 --- [main] com.alibaba.nacos.common.remote.client   : [RpcClientFactory] create a new rpc client of 7619328c-7b82-452d-8e07-3856f25a28ee
17:15:12:062  INFO 46704 --- [main] org.reflections.Reflections              : Reflections took 18 ms to scan 1 urls, producing 3 keys and 6 values 
17:15:12:078  INFO 46704 --- [main] org.reflections.Reflections              : Reflections took 6 ms to scan 1 urls, producing 4 keys and 9 values 
17:15:12:084  INFO 46704 --- [main] org.reflections.Reflections              : Reflections took 5 ms to scan 1 urls, producing 3 keys and 10 values 
17:15:12:085  WARN 46704 --- [main] org.reflections.Reflections              : given scan urls are empty. set urls in the configuration
17:15:12:090  INFO 46704 --- [main] org.reflections.Reflections              : Reflections took 3 ms to scan 1 urls, producing 1 keys and 5 values 
17:15:12:097  INFO 46704 --- [main] org.reflections.Reflections              : Reflections took 6 ms to scan 1 urls, producing 1 keys and 7 values 
17:15:12:103  INFO 46704 --- [main] org.reflections.Reflections              : Reflections took 4 ms to scan 1 urls, producing 2 keys and 8 values 
17:15:12:104  WARN 46704 --- [main] org.reflections.Reflections              : given scan urls are empty. set urls in the configuration
17:15:12:106  INFO 46704 --- [main] com.alibaba.nacos.common.remote.client   : [7619328c-7b82-452d-8e07-3856f25a28ee] RpcClient init label, labels = {module=naming, source=sdk}
17:15:12:107  INFO 46704 --- [main] com.alibaba.nacos.common.remote.client   : [7619328c-7b82-452d-8e07-3856f25a28ee] RpcClient init, ServerListFactory = com.alibaba.nacos.client.naming.core.ServerListManager
17:15:12:108  INFO 46704 --- [main] com.alibaba.nacos.common.remote.client   : [7619328c-7b82-452d-8e07-3856f25a28ee] Registry connection listener to current client:com.alibaba.nacos.client.naming.remote.gprc.redo.NamingGrpcRedoService
17:15:12:108  INFO 46704 --- [main] com.alibaba.nacos.common.remote.client   : [7619328c-7b82-452d-8e07-3856f25a28ee] Register server push request handler:com.alibaba.nacos.client.naming.remote.gprc.NamingPushRequestHandler
17:15:12:109  INFO 46704 --- [main] com.alibaba.nacos.common.remote.client   : [7619328c-7b82-452d-8e07-3856f25a28ee] Try to connect to server on start up, server: {serverIp = '192.168.100.131', server main port = 8848}
17:15:12:847  INFO 46704 --- [main] com.alibaba.nacos.common.remote.client   : [7619328c-7b82-452d-8e07-3856f25a28ee] Success to connect to server [192.168.100.131:8848] on start up, connectionId = 1768986913485_192.168.100.1_10531
17:15:12:848  INFO 46704 --- [com.alibaba.nacos.client.remote.worker] com.alibaba.nacos.common.remote.client   : [7619328c-7b82-452d-8e07-3856f25a28ee] Notify connected event to listeners.
17:15:12:848  INFO 46704 --- [main] com.alibaba.nacos.common.remote.client   : [7619328c-7b82-452d-8e07-3856f25a28ee] Register server push request handler:com.alibaba.nacos.common.remote.client.RpcClient$ConnectResetRequestHandler
17:15:12:849  INFO 46704 --- [main] com.alibaba.nacos.common.remote.client   : [7619328c-7b82-452d-8e07-3856f25a28ee] Register server push request handler:com.alibaba.nacos.common.remote.client.RpcClient$$Lambda$990/0x000001f3867c7758
17:15:12:896  INFO 46704 --- [main] o.s.b.w.embedded.tomcat.TomcatWebServer  : Tomcat started on port(s): 8084 (http) with context path ''
17:15:12:904  INFO 46704 --- [main] c.a.c.n.registry.NacosServiceRegistry    : nacos registry, DEFAULT_GROUP order-service 192.168.245.1:8084 register finished
17:15:13:078  INFO 46704 --- [main] d.s.w.p.DocumentationPluginsBootstrapper : Documentation plugins bootstrapped
17:15:13:081  INFO 46704 --- [main] d.s.w.p.DocumentationPluginsBootstrapper : Found 1 custom documentation plugin(s)
17:15:13:100  INFO 46704 --- [main] s.d.s.w.s.ApiListingReferenceScanner     : Scanning for api listing references
17:15:13:164  INFO 46704 --- [main] com.hmall.trade.TradeApplication         : Started TradeApplication in 4.151 seconds (JVM running for 4.724)
17:15:13:388  INFO 46704 --- [nacos-grpc-client-executor-9] com.alibaba.nacos.common.remote.client   : [7619328c-7b82-452d-8e07-3856f25a28ee] Receive server push request, request = NotifySubscriberRequest, requestId = 91
17:15:13:391  INFO 46704 --- [nacos-grpc-client-executor-9] com.alibaba.nacos.common.remote.client   : [7619328c-7b82-452d-8e07-3856f25a28ee] Ack server push request, request = NotifySubscriberRequest, requestId = 91
17:16:03:135  WARN 46704 --- [Thread-7] c.a.n.common.http.HttpClientBeanHolder   : [HttpClientBeanHolder] Start destroying common HttpClient
17:16:03:135  WARN 46704 --- [Thread-4] c.a.nacos.common.notify.NotifyCenter     : [NotifyCenter] Start destroying Publisher
17:16:03:135  WARN 46704 --- [Thread-4] c.a.nacos.common.notify.NotifyCenter     : [NotifyCenter] Destruction of the end
17:16:03:135  WARN 46704 --- [Thread-7] c.a.n.common.http.HttpClientBeanHolder   : [HttpClientBeanHolder] Destruction of the end
17:16:03:166  INFO 46704 --- [SpringApplicationShutdownHook] c.a.c.n.registry.NacosServiceRegistry    : De-registering from Nacos Server now...
17:16:03:171  INFO 46704 --- [SpringApplicationShutdownHook] c.a.c.n.registry.NacosServiceRegistry    : De-registration finished.
17:16:03:499  INFO 46704 --- [SpringApplicationShutdownHook] com.alibaba.nacos.common.remote.client   : Shutdown rpc client, set status to shutdown
17:16:03:499  INFO 46704 --- [SpringApplicationShutdownHook] com.alibaba.nacos.common.remote.client   : Shutdown client event executor java.util.concurrent.ScheduledThreadPoolExecutor@603f1fb1[Running, pool size = 2, active threads = 2, queued tasks = 0, completed tasks = 0]
17:16:03:500  INFO 46704 --- [SpringApplicationShutdownHook] com.alibaba.nacos.common.remote.client   : Close current connection 1768986913485_192.168.100.1_10531
17:16:03:502  INFO 46704 --- [nacos-grpc-client-executor-25] c.a.n.c.remote.client.grpc.GrpcClient    : [1768986913485_192.168.100.1_10531]Ignore complete event,isRunning:false,isAbandon=false
17:16:03:504  INFO 46704 --- [SpringApplicationShutdownHook] c.a.n.c.remote.client.grpc.GrpcClient    : Shutdown grpc executor java.util.concurrent.ThreadPoolExecutor@5f9052be[Running, pool size = 7, active threads = 0, queued tasks = 0, completed tasks = 26]
