16:13:48:316  INFO 43392 --- [main] com.hmall.trade.TradeApplication         : Starting TradeApplication using Java 17.0.17 on DESKTOP-GR78KPD with PID 43392 (D:\code\project\hmall\hmall\trade-service\target\classes started by Chen in D:\code\project\hmall\hmall)
16:13:48:318 DEBUG 43392 --- [main] com.hmall.trade.TradeApplication         : Running with Spring Boot v2.7.12, Spring v5.3.27
16:13:48:318  INFO 43392 --- [main] com.hmall.trade.TradeApplication         : The following 1 profile is active: "local"
16:13:49:201  INFO 43392 --- [main] o.s.cloud.context.scope.GenericScope     : BeanFactory id=93adfba8-0eee-369f-85f3-9828b822bbce
16:13:49:564  INFO 43392 --- [main] o.s.b.w.embedded.tomcat.TomcatWebServer  : Tomcat initialized with port(s): 8084 (http)
16:13:49:572  INFO 43392 --- [main] o.apache.catalina.core.StandardService   : Starting service [Tomcat]
16:13:49:574  INFO 43392 --- [main] org.apache.catalina.core.StandardEngine  : Starting Servlet engine: [Apache Tomcat/9.0.75]
16:13:49:710  INFO 43392 --- [main] o.a.c.c.C.[Tomcat].[localhost].[/]       : Initializing Spring embedded WebApplicationContext
16:13:49:710  INFO 43392 --- [main] w.s.c.ServletWebServerApplicationContext : Root WebApplicationContext: initialization completed in 1350 ms
16:13:49:888  INFO 43392 --- [main] o.s.c.openfeign.FeignClientFactoryBean   : For 'item-service' URL not provided. Will try picking an instance via load-balancing.
16:13:50:214  INFO 43392 --- [main] o.s.c.openfeign.FeignClientFactoryBean   : For 'cart-service' URL not provided. Will try picking an instance via load-balancing.
16:13:50:888  INFO 43392 --- [main] pertySourcedRequestMappingHandlerMapping : Mapped URL path [/v2/api-docs] onto method [springfox.documentation.swagger2.web.Swagger2ControllerWebMvc#getDocumentation(String, HttpServletRequest)]
16:13:51:320  INFO 43392 --- [main] com.alibaba.nacos.common.remote.client   : [RpcClientFactory] create a new rpc client of 21453b7a-ccd5-4c44-8e88-4cf5a0598d6a
16:13:51:361  INFO 43392 --- [main] org.reflections.Reflections              : Reflections took 19 ms to scan 1 urls, producing 3 keys and 6 values 
16:13:51:378  INFO 43392 --- [main] org.reflections.Reflections              : Reflections took 7 ms to scan 1 urls, producing 4 keys and 9 values 
16:13:51:386  INFO 43392 --- [main] org.reflections.Reflections              : Reflections took 4 ms to scan 1 urls, producing 3 keys and 10 values 
16:13:51:389  WARN 43392 --- [main] org.reflections.Reflections              : given scan urls are empty. set urls in the configuration
16:13:51:395  INFO 43392 --- [main] org.reflections.Reflections              : Reflections took 4 ms to scan 1 urls, producing 1 keys and 5 values 
16:13:51:403  INFO 43392 --- [main] org.reflections.Reflections              : Reflections took 6 ms to scan 1 urls, producing 1 keys and 7 values 
16:13:51:411  INFO 43392 --- [main] org.reflections.Reflections              : Reflections took 5 ms to scan 1 urls, producing 2 keys and 8 values 
16:13:51:413  WARN 43392 --- [main] org.reflections.Reflections              : given scan urls are empty. set urls in the configuration
16:13:51:415  INFO 43392 --- [main] com.alibaba.nacos.common.remote.client   : [21453b7a-ccd5-4c44-8e88-4cf5a0598d6a] RpcClient init label, labels = {module=naming, source=sdk}
16:13:51:416  INFO 43392 --- [main] com.alibaba.nacos.common.remote.client   : [21453b7a-ccd5-4c44-8e88-4cf5a0598d6a] RpcClient init, ServerListFactory = com.alibaba.nacos.client.naming.core.ServerListManager
16:13:51:417  INFO 43392 --- [main] com.alibaba.nacos.common.remote.client   : [21453b7a-ccd5-4c44-8e88-4cf5a0598d6a] Registry connection listener to current client:com.alibaba.nacos.client.naming.remote.gprc.redo.NamingGrpcRedoService
16:13:51:417  INFO 43392 --- [main] com.alibaba.nacos.common.remote.client   : [21453b7a-ccd5-4c44-8e88-4cf5a0598d6a] Register server push request handler:com.alibaba.nacos.client.naming.remote.gprc.NamingPushRequestHandler
16:13:51:420  INFO 43392 --- [main] com.alibaba.nacos.common.remote.client   : [21453b7a-ccd5-4c44-8e88-4cf5a0598d6a] Try to connect to server on start up, server: {serverIp = '192.168.100.131', server main port = 8848}
16:13:52:343  INFO 43392 --- [main] com.alibaba.nacos.common.remote.client   : [21453b7a-ccd5-4c44-8e88-4cf5a0598d6a] Success to connect to server [192.168.100.131:8848] on start up, connectionId = 1768983232959_192.168.100.1_10558
16:13:52:343  INFO 43392 --- [com.alibaba.nacos.client.remote.worker] com.alibaba.nacos.common.remote.client   : [21453b7a-ccd5-4c44-8e88-4cf5a0598d6a] Notify connected event to listeners.
16:13:52:344  INFO 43392 --- [main] com.alibaba.nacos.common.remote.client   : [21453b7a-ccd5-4c44-8e88-4cf5a0598d6a] Register server push request handler:com.alibaba.nacos.common.remote.client.RpcClient$ConnectResetRequestHandler
16:13:52:344  INFO 43392 --- [main] com.alibaba.nacos.common.remote.client   : [21453b7a-ccd5-4c44-8e88-4cf5a0598d6a] Register server push request handler:com.alibaba.nacos.common.remote.client.RpcClient$$Lambda$990/0x0000023a4f7c7220
16:13:52:396  INFO 43392 --- [main] o.s.b.w.embedded.tomcat.TomcatWebServer  : Tomcat started on port(s): 8084 (http) with context path ''
16:13:52:406  INFO 43392 --- [main] c.a.c.n.registry.NacosServiceRegistry    : nacos registry, DEFAULT_GROUP trade-service 192.168.245.1:8084 register finished
16:13:52:656  INFO 43392 --- [main] d.s.w.p.DocumentationPluginsBootstrapper : Documentation plugins bootstrapped
16:13:52:660  INFO 43392 --- [main] d.s.w.p.DocumentationPluginsBootstrapper : Found 1 custom documentation plugin(s)
16:13:52:685  INFO 43392 --- [main] s.d.s.w.s.ApiListingReferenceScanner     : Scanning for api listing references
16:13:52:797  INFO 43392 --- [main] com.hmall.trade.TradeApplication         : Started TradeApplication in 5.114 seconds (JVM running for 5.679)
16:13:52:876  INFO 43392 --- [nacos-grpc-client-executor-9] com.alibaba.nacos.common.remote.client   : [21453b7a-ccd5-4c44-8e88-4cf5a0598d6a] Receive server push request, request = NotifySubscriberRequest, requestId = 40
16:13:52:889  INFO 43392 --- [nacos-grpc-client-executor-9] com.alibaba.nacos.common.remote.client   : [21453b7a-ccd5-4c44-8e88-4cf5a0598d6a] Ack server push request, request = NotifySubscriberRequest, requestId = 40
16:49:24:840  WARN 43392 --- [Thread-4] c.a.nacos.common.notify.NotifyCenter     : [NotifyCenter] Start destroying Publisher
16:49:24:840  WARN 43392 --- [Thread-7] c.a.n.common.http.HttpClientBeanHolder   : [HttpClientBeanHolder] Start destroying common HttpClient
16:49:24:840  WARN 43392 --- [Thread-4] c.a.nacos.common.notify.NotifyCenter     : [NotifyCenter] Destruction of the end
16:49:24:841  WARN 43392 --- [Thread-7] c.a.n.common.http.HttpClientBeanHolder   : [HttpClientBeanHolder] Destruction of the end
16:49:24:882  INFO 43392 --- [SpringApplicationShutdownHook] c.a.c.n.registry.NacosServiceRegistry    : De-registering from Nacos Server now...
16:49:24:885  INFO 43392 --- [SpringApplicationShutdownHook] c.a.c.n.registry.NacosServiceRegistry    : De-registration finished.
16:49:25:220  INFO 43392 --- [SpringApplicationShutdownHook] com.alibaba.nacos.common.remote.client   : Shutdown rpc client, set status to shutdown
16:49:25:220  INFO 43392 --- [SpringApplicationShutdownHook] com.alibaba.nacos.common.remote.client   : Shutdown client event executor java.util.concurrent.ScheduledThreadPoolExecutor@61d373bb[Running, pool size = 2, active threads = 2, queued tasks = 0, completed tasks = 0]
16:49:25:220  INFO 43392 --- [SpringApplicationShutdownHook] com.alibaba.nacos.common.remote.client   : Close current connection 1768983232959_192.168.100.1_10558
16:49:25:223  INFO 43392 --- [nacos-grpc-client-executor-472] c.a.n.c.remote.client.grpc.GrpcClient    : [1768983232959_192.168.100.1_10558]Ignore complete event,isRunning:false,isAbandon=false
16:49:25:226  INFO 43392 --- [SpringApplicationShutdownHook] c.a.n.c.remote.client.grpc.GrpcClient    : Shutdown grpc executor java.util.concurrent.ThreadPoolExecutor@2b7c4cf6[Running, pool size = 5, active threads = 0, queued tasks = 0, completed tasks = 473]
16:49:47:655  INFO 46432 --- [main] com.hmall.trade.TradeApplication         : Starting TradeApplication using Java 17.0.17 on DESKTOP-GR78KPD with PID 46432 (D:\code\project\hmall\hmall\trade-service\target\classes started by Chen in D:\code\project\hmall\hmall)
16:49:47:655 DEBUG 46432 --- [main] com.hmall.trade.TradeApplication         : Running with Spring Boot v2.7.12, Spring v5.3.27
16:49:47:655  INFO 46432 --- [main] com.hmall.trade.TradeApplication         : The following 1 profile is active: "local"
16:49:48:699  INFO 46432 --- [main] o.s.cloud.context.scope.GenericScope     : BeanFactory id=3b6967cf-6750-3c50-8ea3-5aaf152b44ef
16:49:49:114  INFO 46432 --- [main] o.s.b.w.embedded.tomcat.TomcatWebServer  : Tomcat initialized with port(s): 8084 (http)
16:49:49:122  INFO 46432 --- [main] o.apache.catalina.core.StandardService   : Starting service [Tomcat]
16:49:49:122  INFO 46432 --- [main] org.apache.catalina.core.StandardEngine  : Starting Servlet engine: [Apache Tomcat/9.0.75]
16:49:49:253  INFO 46432 --- [main] o.a.c.c.C.[Tomcat].[localhost].[/]       : Initializing Spring embedded WebApplicationContext
16:49:49:253  INFO 46432 --- [main] w.s.c.ServletWebServerApplicationContext : Root WebApplicationContext: initialization completed in 1541 ms
16:49:49:484  INFO 46432 --- [main] o.s.c.openfeign.FeignClientFactoryBean   : For 'item-service' URL not provided. Will try picking an instance via load-balancing.
16:49:49:843  INFO 46432 --- [main] o.s.c.openfeign.FeignClientFactoryBean   : For 'cart-service' URL not provided. Will try picking an instance via load-balancing.
16:49:50:524  INFO 46432 --- [main] pertySourcedRequestMappingHandlerMapping : Mapped URL path [/v2/api-docs] onto method [springfox.documentation.swagger2.web.Swagger2ControllerWebMvc#getDocumentation(String, HttpServletRequest)]
16:49:50:990  INFO 46432 --- [main] com.alibaba.nacos.common.remote.client   : [RpcClientFactory] create a new rpc client of 35f45fc8-25e4-4929-8965-d0b2b70b2a0a
16:49:51:057  INFO 46432 --- [main] org.reflections.Reflections              : Reflections took 32 ms to scan 1 urls, producing 3 keys and 6 values 
16:49:51:087  INFO 46432 --- [main] org.reflections.Reflections              : Reflections took 10 ms to scan 1 urls, producing 4 keys and 9 values 
16:49:51:096  INFO 46432 --- [main] org.reflections.Reflections              : Reflections took 7 ms to scan 1 urls, producing 3 keys and 10 values 
16:49:51:101  WARN 46432 --- [main] org.reflections.Reflections              : given scan urls are empty. set urls in the configuration
16:49:51:108  INFO 46432 --- [main] org.reflections.Reflections              : Reflections took 7 ms to scan 1 urls, producing 1 keys and 5 values 
16:49:51:119  INFO 46432 --- [main] org.reflections.Reflections              : Reflections took 9 ms to scan 1 urls, producing 1 keys and 7 values 
16:49:51:129  INFO 46432 --- [main] org.reflections.Reflections              : Reflections took 6 ms to scan 1 urls, producing 2 keys and 8 values 
16:49:51:131  WARN 46432 --- [main] org.reflections.Reflections              : given scan urls are empty. set urls in the configuration
16:49:51:135  INFO 46432 --- [main] com.alibaba.nacos.common.remote.client   : [35f45fc8-25e4-4929-8965-d0b2b70b2a0a] RpcClient init label, labels = {module=naming, source=sdk}
16:49:51:137  INFO 46432 --- [main] com.alibaba.nacos.common.remote.client   : [35f45fc8-25e4-4929-8965-d0b2b70b2a0a] RpcClient init, ServerListFactory = com.alibaba.nacos.client.naming.core.ServerListManager
16:49:51:137  INFO 46432 --- [main] com.alibaba.nacos.common.remote.client   : [35f45fc8-25e4-4929-8965-d0b2b70b2a0a] Registry connection listener to current client:com.alibaba.nacos.client.naming.remote.gprc.redo.NamingGrpcRedoService
16:49:51:138  INFO 46432 --- [main] com.alibaba.nacos.common.remote.client   : [35f45fc8-25e4-4929-8965-d0b2b70b2a0a] Register server push request handler:com.alibaba.nacos.client.naming.remote.gprc.NamingPushRequestHandler
16:49:51:140  INFO 46432 --- [main] com.alibaba.nacos.common.remote.client   : [35f45fc8-25e4-4929-8965-d0b2b70b2a0a] Try to connect to server on start up, server: {serverIp = '192.168.100.131', server main port = 8848}
16:49:52:429  INFO 46432 --- [main] com.alibaba.nacos.common.remote.client   : [35f45fc8-25e4-4929-8965-d0b2b70b2a0a] Success to connect to server [192.168.100.131:8848] on start up, connectionId = 1768985393008_192.168.100.1_10986
16:49:52:430  INFO 46432 --- [com.alibaba.nacos.client.remote.worker] com.alibaba.nacos.common.remote.client   : [35f45fc8-25e4-4929-8965-d0b2b70b2a0a] Notify connected event to listeners.
16:49:52:431  INFO 46432 --- [main] com.alibaba.nacos.common.remote.client   : [35f45fc8-25e4-4929-8965-d0b2b70b2a0a] Register server push request handler:com.alibaba.nacos.common.remote.client.RpcClient$ConnectResetRequestHandler
16:49:52:431  INFO 46432 --- [main] com.alibaba.nacos.common.remote.client   : [35f45fc8-25e4-4929-8965-d0b2b70b2a0a] Register server push request handler:com.alibaba.nacos.common.remote.client.RpcClient$$Lambda$990/0x0000026f4a7cd8e0
16:49:52:519  INFO 46432 --- [main] o.s.b.w.embedded.tomcat.TomcatWebServer  : Tomcat started on port(s): 8084 (http) with context path ''
16:49:52:534  INFO 46432 --- [main] c.a.c.n.registry.NacosServiceRegistry    : nacos registry, DEFAULT_GROUP trade-service 192.168.245.1:8084 register finished
16:49:52:871  INFO 46432 --- [main] d.s.w.p.DocumentationPluginsBootstrapper : Documentation plugins bootstrapped
16:49:52:875  INFO 46432 --- [main] d.s.w.p.DocumentationPluginsBootstrapper : Found 1 custom documentation plugin(s)
16:49:52:903  INFO 46432 --- [main] s.d.s.w.s.ApiListingReferenceScanner     : Scanning for api listing references
16:49:52:996  INFO 46432 --- [nacos-grpc-client-executor-8] com.alibaba.nacos.common.remote.client   : [35f45fc8-25e4-4929-8965-d0b2b70b2a0a] Receive server push request, request = NotifySubscriberRequest, requestId = 63
16:49:53:011  INFO 46432 --- [nacos-grpc-client-executor-8] com.alibaba.nacos.common.remote.client   : [35f45fc8-25e4-4929-8965-d0b2b70b2a0a] Ack server push request, request = NotifySubscriberRequest, requestId = 63
16:49:53:012  INFO 46432 --- [main] com.hmall.trade.TradeApplication         : Started TradeApplication in 6.136 seconds (JVM running for 7.053)
16:50:17:565  WARN 46432 --- [Thread-7] c.a.n.common.http.HttpClientBeanHolder   : [HttpClientBeanHolder] Start destroying common HttpClient
16:50:17:565  WARN 46432 --- [Thread-4] c.a.nacos.common.notify.NotifyCenter     : [NotifyCenter] Start destroying Publisher
16:50:17:565  WARN 46432 --- [Thread-4] c.a.nacos.common.notify.NotifyCenter     : [NotifyCenter] Destruction of the end
16:50:17:565  WARN 46432 --- [Thread-7] c.a.n.common.http.HttpClientBeanHolder   : [HttpClientBeanHolder] Destruction of the end
16:50:17:601  INFO 46432 --- [SpringApplicationShutdownHook] c.a.c.n.registry.NacosServiceRegistry    : De-registering from Nacos Server now...
16:50:17:606  INFO 46432 --- [SpringApplicationShutdownHook] c.a.c.n.registry.NacosServiceRegistry    : De-registration finished.
16:50:17:932  INFO 46432 --- [SpringApplicationShutdownHook] com.alibaba.nacos.common.remote.client   : Shutdown rpc client, set status to shutdown
16:50:17:932  INFO 46432 --- [SpringApplicationShutdownHook] com.alibaba.nacos.common.remote.client   : Shutdown client event executor java.util.concurrent.ScheduledThreadPoolExecutor@6825fa10[Running, pool size = 2, active threads = 2, queued tasks = 0, completed tasks = 0]
16:50:17:932  INFO 46432 --- [SpringApplicationShutdownHook] com.alibaba.nacos.common.remote.client   : Close current connection 1768985393008_192.168.100.1_10986
16:50:17:937  INFO 46432 --- [nacos-grpc-client-executor-17] c.a.n.c.remote.client.grpc.GrpcClient    : [1768985393008_192.168.100.1_10986]Ignore complete event,isRunning:false,isAbandon=false
16:50:17:938  INFO 46432 --- [SpringApplicationShutdownHook] c.a.n.c.remote.client.grpc.GrpcClient    : Shutdown grpc executor java.util.concurrent.ThreadPoolExecutor@356c9a01[Running, pool size = 5, active threads = 0, queued tasks = 0, completed tasks = 18]
17:06:47:868  INFO 29660 --- [main] com.hmall.trade.TradeApplication         : Starting TradeApplication using Java 17.0.17 on DESKTOP-GR78KPD with PID 29660 (D:\code\project\hmall\hmall\trade-service\target\classes started by Chen in D:\code\project\hmall\hmall)
17:06:47:869 DEBUG 29660 --- [main] com.hmall.trade.TradeApplication         : Running with Spring Boot v2.7.12, Spring v5.3.27
17:06:47:870  INFO 29660 --- [main] com.hmall.trade.TradeApplication         : The following 1 profile is active: "local"
17:06:48:816  INFO 29660 --- [main] o.s.cloud.context.scope.GenericScope     : BeanFactory id=3b6967cf-6750-3c50-8ea3-5aaf152b44ef
17:06:49:282  INFO 29660 --- [main] o.s.b.w.embedded.tomcat.TomcatWebServer  : Tomcat initialized with port(s): 8084 (http)
17:06:49:289  INFO 29660 --- [main] o.apache.catalina.core.StandardService   : Starting service [Tomcat]
17:06:49:289  INFO 29660 --- [main] org.apache.catalina.core.StandardEngine  : Starting Servlet engine: [Apache Tomcat/9.0.75]
17:06:49:411  INFO 29660 --- [main] o.a.c.c.C.[Tomcat].[localhost].[/]       : Initializing Spring embedded WebApplicationContext
17:06:49:413  INFO 29660 --- [main] w.s.c.ServletWebServerApplicationContext : Root WebApplicationContext: initialization completed in 1503 ms
17:06:49:608  INFO 29660 --- [main] o.s.c.openfeign.FeignClientFactoryBean   : For 'item-service' URL not provided. Will try picking an instance via load-balancing.
17:06:49:974  INFO 29660 --- [main] o.s.c.openfeign.FeignClientFactoryBean   : For 'cart-service' URL not provided. Will try picking an instance via load-balancing.
17:06:50:717  INFO 29660 --- [main] pertySourcedRequestMappingHandlerMapping : Mapped URL path [/v2/api-docs] onto method [springfox.documentation.swagger2.web.Swagger2ControllerWebMvc#getDocumentation(String, HttpServletRequest)]
17:06:51:172  INFO 29660 --- [main] com.alibaba.nacos.common.remote.client   : [RpcClientFactory] create a new rpc client of 3f7fb522-b983-4bd8-ad05-45ae86fae2f9
17:06:51:233  INFO 29660 --- [main] org.reflections.Reflections              : Reflections took 29 ms to scan 1 urls, producing 3 keys and 6 values 
17:06:51:262  INFO 29660 --- [main] org.reflections.Reflections              : Reflections took 11 ms to scan 1 urls, producing 4 keys and 9 values 
17:06:51:272  INFO 29660 --- [main] org.reflections.Reflections              : Reflections took 7 ms to scan 1 urls, producing 3 keys and 10 values 
17:06:51:274  WARN 29660 --- [main] org.reflections.Reflections              : given scan urls are empty. set urls in the configuration
17:06:51:279  INFO 29660 --- [main] org.reflections.Reflections              : Reflections took 4 ms to scan 1 urls, producing 1 keys and 5 values 
17:06:51:290  INFO 29660 --- [main] org.reflections.Reflections              : Reflections took 9 ms to scan 1 urls, producing 1 keys and 7 values 
17:06:51:297  INFO 29660 --- [main] org.reflections.Reflections              : Reflections took 5 ms to scan 1 urls, producing 2 keys and 8 values 
17:06:51:299  WARN 29660 --- [main] org.reflections.Reflections              : given scan urls are empty. set urls in the configuration
17:06:51:301  INFO 29660 --- [main] com.alibaba.nacos.common.remote.client   : [3f7fb522-b983-4bd8-ad05-45ae86fae2f9] RpcClient init label, labels = {module=naming, source=sdk}
17:06:51:304  INFO 29660 --- [main] com.alibaba.nacos.common.remote.client   : [3f7fb522-b983-4bd8-ad05-45ae86fae2f9] RpcClient init, ServerListFactory = com.alibaba.nacos.client.naming.core.ServerListManager
17:06:51:304  INFO 29660 --- [main] com.alibaba.nacos.common.remote.client   : [3f7fb522-b983-4bd8-ad05-45ae86fae2f9] Registry connection listener to current client:com.alibaba.nacos.client.naming.remote.gprc.redo.NamingGrpcRedoService
17:06:51:305  INFO 29660 --- [main] com.alibaba.nacos.common.remote.client   : [3f7fb522-b983-4bd8-ad05-45ae86fae2f9] Register server push request handler:com.alibaba.nacos.client.naming.remote.gprc.NamingPushRequestHandler
17:06:51:307  INFO 29660 --- [main] com.alibaba.nacos.common.remote.client   : [3f7fb522-b983-4bd8-ad05-45ae86fae2f9] Try to connect to server on start up, server: {serverIp = '192.168.100.131', server main port = 8848}
17:06:52:331  INFO 29660 --- [main] com.alibaba.nacos.common.remote.client   : [3f7fb522-b983-4bd8-ad05-45ae86fae2f9] Success to connect to server [192.168.100.131:8848] on start up, connectionId = 1768986412917_192.168.100.1_4650
17:06:52:331  INFO 29660 --- [com.alibaba.nacos.client.remote.worker] com.alibaba.nacos.common.remote.client   : [3f7fb522-b983-4bd8-ad05-45ae86fae2f9] Notify connected event to listeners.
17:06:52:332  INFO 29660 --- [main] com.alibaba.nacos.common.remote.client   : [3f7fb522-b983-4bd8-ad05-45ae86fae2f9] Register server push request handler:com.alibaba.nacos.common.remote.client.RpcClient$ConnectResetRequestHandler
17:06:52:332  INFO 29660 --- [main] com.alibaba.nacos.common.remote.client   : [3f7fb522-b983-4bd8-ad05-45ae86fae2f9] Register server push request handler:com.alibaba.nacos.common.remote.client.RpcClient$$Lambda$990/0x00000220817c7cd0
17:06:52:396  INFO 29660 --- [main] o.s.b.w.embedded.tomcat.TomcatWebServer  : Tomcat started on port(s): 8084 (http) with context path ''
17:06:52:424  INFO 29660 --- [main] c.a.c.n.registry.NacosServiceRegistry    : nacos registry, DEFAULT_GROUP trade-service 192.168.245.1:8084 register finished
17:06:52:682  INFO 29660 --- [main] d.s.w.p.DocumentationPluginsBootstrapper : Documentation plugins bootstrapped
17:06:52:684  INFO 29660 --- [main] d.s.w.p.DocumentationPluginsBootstrapper : Found 1 custom documentation plugin(s)
17:06:52:701  INFO 29660 --- [main] s.d.s.w.s.ApiListingReferenceScanner     : Scanning for api listing references
17:06:52:785  INFO 29660 --- [main] com.hmall.trade.TradeApplication         : Started TradeApplication in 5.551 seconds (JVM running for 6.194)
17:06:52:916  INFO 29660 --- [nacos-grpc-client-executor-10] com.alibaba.nacos.common.remote.client   : [3f7fb522-b983-4bd8-ad05-45ae86fae2f9] Receive server push request, request = NotifySubscriberRequest, requestId = 67
17:06:52:933  INFO 29660 --- [nacos-grpc-client-executor-10] com.alibaba.nacos.common.remote.client   : [3f7fb522-b983-4bd8-ad05-45ae86fae2f9] Ack server push request, request = NotifySubscriberRequest, requestId = 67
17:07:57:151  INFO 29660 --- [http-nio-8084-exec-2] o.a.c.c.C.[Tomcat].[localhost].[/]       : Initializing Spring DispatcherServlet 'dispatcherServlet'
17:07:57:152  INFO 29660 --- [http-nio-8084-exec-2] o.s.web.servlet.DispatcherServlet        : Initializing Servlet 'dispatcherServlet'
17:07:57:152  INFO 29660 --- [http-nio-8084-exec-2] o.s.web.servlet.DispatcherServlet        : Completed initialization in 0 ms
17:07:57:195  INFO 29660 --- [http-nio-8084-exec-2] com.zaxxer.hikari.HikariDataSource       : HikariPool-1 - Starting...
17:07:57:379  INFO 29660 --- [http-nio-8084-exec-2] com.zaxxer.hikari.HikariDataSource       : HikariPool-1 - Start completed.
17:07:57:390 DEBUG 29660 --- [http-nio-8084-exec-2] com.hmall.api.client.ItemClient          : [ItemClient#queryItemByIds] ---> GET http://item-service/items?ids=2120808 HTTP/1.1
17:07:57:390 DEBUG 29660 --- [http-nio-8084-exec-2] com.hmall.api.client.ItemClient          : [ItemClient#queryItemByIds] user-info: 2
17:07:57:390 DEBUG 29660 --- [http-nio-8084-exec-2] com.hmall.api.client.ItemClient          : [ItemClient#queryItemByIds] ---> END HTTP (0-byte body)
17:07:57:471 DEBUG 29660 --- [http-nio-8084-exec-2] com.hmall.api.client.ItemClient          : [ItemClient#queryItemByIds] <--- HTTP/1.1 200 (79ms)
17:07:57:471 DEBUG 29660 --- [http-nio-8084-exec-2] com.hmall.api.client.ItemClient          : [ItemClient#queryItemByIds] connection: keep-alive
17:07:57:471 DEBUG 29660 --- [http-nio-8084-exec-2] com.hmall.api.client.ItemClient          : [ItemClient#queryItemByIds] content-type: application/json
17:07:57:471 DEBUG 29660 --- [http-nio-8084-exec-2] com.hmall.api.client.ItemClient          : [ItemClient#queryItemByIds] date: Wed, 21 Jan 2026 09:07:57 GMT
17:07:57:471 DEBUG 29660 --- [http-nio-8084-exec-2] com.hmall.api.client.ItemClient          : [ItemClient#queryItemByIds] keep-alive: timeout=60
17:07:57:471 DEBUG 29660 --- [http-nio-8084-exec-2] com.hmall.api.client.ItemClient          : [ItemClient#queryItemByIds] transfer-encoding: chunked
17:07:57:471 DEBUG 29660 --- [http-nio-8084-exec-2] com.hmall.api.client.ItemClient          : [ItemClient#queryItemByIds] 
17:07:57:472 DEBUG 29660 --- [http-nio-8084-exec-2] com.hmall.api.client.ItemClient          : [ItemClient#queryItemByIds] [{"id":"2120808","name":"姬龙雪 guy laroche女包 GL经典手提包女牛皮大容量单肩包女欧美时尚包包女包GS1210001-06杏色","price":71800,"stock":1,"image":"https://m.360buyimg.com/mobilecms/s720x720_jfs/t30694/267/398774087/90954/6fc143cf/5bf25358N14dadbf7.jpg!q70.jpg.webp","category":"真皮包","brand":"姬龙雪","spec":"{}","sold":0,"commentCount":0,"isAD":false,"status":1}]
17:07:57:472 DEBUG 29660 --- [http-nio-8084-exec-2] com.hmall.api.client.ItemClient          : [ItemClient#queryItemByIds] <--- END HTTP (402-byte body)
17:07:57:506 DEBUG 29660 --- [http-nio-8084-exec-2] c.hmall.trade.mapper.OrderMapper.insert  : ==>  Preparing: INSERT INTO `order` ( id, total_fee, payment_type, user_id, status ) VALUES ( ?, ?, ?, ?, ? )
17:07:57:526 DEBUG 29660 --- [http-nio-8084-exec-2] c.hmall.trade.mapper.OrderMapper.insert  : ==> Parameters: 2013901368975065089(Long), 71800(Integer), 3(Integer), 2(Long), 1(Integer)
17:07:57:555 DEBUG 29660 --- [http-nio-8084-exec-2] c.hmall.trade.mapper.OrderMapper.insert  : <==    Updates: 1
17:07:57:563 DEBUG 29660 --- [http-nio-8084-exec-2] c.h.t.mapper.OrderDetailMapper.insert    : ==>  Preparing: INSERT INTO order_detail ( order_id, item_id, num, name, spec, price, image ) VALUES ( ?, ?, ?, ?, ?, ?, ? )
17:07:57:565 DEBUG 29660 --- [http-nio-8084-exec-2] c.h.t.mapper.OrderDetailMapper.insert    : ==> Parameters: 2013901368975065089(Long), 2120808(Long), 1(Integer), 姬龙雪 guy laroche女包 GL经典手提包女牛皮大容量单肩包女欧美时尚包包女包GS1210001-06杏色(String), {}(String), 71800(Integer), https://m.360buyimg.com/mobilecms/s720x720_jfs/t30694/267/398774087/90954/6fc143cf/5bf25358N14dadbf7.jpg!q70.jpg.webp(String)
17:07:57:581 DEBUG 29660 --- [http-nio-8084-exec-2] com.hmall.api.client.CartClient          : [CartClient#deleteCartItemByIds] ---> DELETE http://cart-service/carts?ids=2120808 HTTP/1.1
17:07:57:582 DEBUG 29660 --- [http-nio-8084-exec-2] com.hmall.api.client.CartClient          : [CartClient#deleteCartItemByIds] user-info: 2
17:07:57:582 DEBUG 29660 --- [http-nio-8084-exec-2] com.hmall.api.client.CartClient          : [CartClient#deleteCartItemByIds] ---> END HTTP (0-byte body)
17:07:57:624 DEBUG 29660 --- [http-nio-8084-exec-2] com.hmall.api.client.CartClient          : [CartClient#deleteCartItemByIds] <--- HTTP/1.1 200 (42ms)
17:07:57:624 DEBUG 29660 --- [http-nio-8084-exec-2] com.hmall.api.client.CartClient          : [CartClient#deleteCartItemByIds] connection: keep-alive
17:07:57:625 DEBUG 29660 --- [http-nio-8084-exec-2] com.hmall.api.client.CartClient          : [CartClient#deleteCartItemByIds] content-length: 0
17:07:57:625 DEBUG 29660 --- [http-nio-8084-exec-2] com.hmall.api.client.CartClient          : [CartClient#deleteCartItemByIds] date: Wed, 21 Jan 2026 09:07:57 GMT
17:07:57:625 DEBUG 29660 --- [http-nio-8084-exec-2] com.hmall.api.client.CartClient          : [CartClient#deleteCartItemByIds] keep-alive: timeout=60
17:07:57:625 DEBUG 29660 --- [http-nio-8084-exec-2] com.hmall.api.client.CartClient          : [CartClient#deleteCartItemByIds] 
17:07:57:625 DEBUG 29660 --- [http-nio-8084-exec-2] com.hmall.api.client.CartClient          : [CartClient#deleteCartItemByIds] <--- END HTTP (0-byte body)
17:07:57:864 DEBUG 29660 --- [http-nio-8084-exec-3] c.h.trade.mapper.OrderMapper.selectById  : ==>  Preparing: SELECT id,total_fee,payment_type,user_id,status,create_time,pay_time,consign_time,end_time,close_time,comment_time,update_time FROM `order` WHERE id=?
17:07:57:864 DEBUG 29660 --- [http-nio-8084-exec-3] c.h.trade.mapper.OrderMapper.selectById  : ==> Parameters: 2013901368975065089(Long)
17:07:57:877 DEBUG 29660 --- [http-nio-8084-exec-3] c.h.trade.mapper.OrderMapper.selectById  : <==      Total: 1
17:07:58:024  INFO 29660 --- [nacos-grpc-client-executor-32] com.alibaba.nacos.common.remote.client   : [3f7fb522-b983-4bd8-ad05-45ae86fae2f9] Receive server push request, request = NotifySubscriberRequest, requestId = 80
17:07:58:025  INFO 29660 --- [nacos-grpc-client-executor-32] com.alibaba.nacos.common.remote.client   : [3f7fb522-b983-4bd8-ad05-45ae86fae2f9] Ack server push request, request = NotifySubscriberRequest, requestId = 80
17:07:58:124  INFO 29660 --- [nacos-grpc-client-executor-33] com.alibaba.nacos.common.remote.client   : [3f7fb522-b983-4bd8-ad05-45ae86fae2f9] Receive server push request, request = NotifySubscriberRequest, requestId = 81
17:07:58:125  INFO 29660 --- [nacos-grpc-client-executor-33] com.alibaba.nacos.common.remote.client   : [3f7fb522-b983-4bd8-ad05-45ae86fae2f9] Ack server push request, request = NotifySubscriberRequest, requestId = 81
17:13:21:759  WARN 29660 --- [Thread-7] c.a.n.common.http.HttpClientBeanHolder   : [HttpClientBeanHolder] Start destroying common HttpClient
17:13:21:760  WARN 29660 --- [Thread-4] c.a.nacos.common.notify.NotifyCenter     : [NotifyCenter] Start destroying Publisher
17:13:21:760  WARN 29660 --- [Thread-4] c.a.nacos.common.notify.NotifyCenter     : [NotifyCenter] Destruction of the end
17:13:21:760  WARN 29660 --- [Thread-7] c.a.n.common.http.HttpClientBeanHolder   : [HttpClientBeanHolder] Destruction of the end
17:13:21:784  INFO 29660 --- [SpringApplicationShutdownHook] c.a.c.n.registry.NacosServiceRegistry    : De-registering from Nacos Server now...
17:13:21:789  INFO 29660 --- [SpringApplicationShutdownHook] c.a.c.n.registry.NacosServiceRegistry    : De-registration finished.
17:13:22:117  INFO 29660 --- [SpringApplicationShutdownHook] com.alibaba.nacos.common.remote.client   : Shutdown rpc client, set status to shutdown
17:13:22:117  INFO 29660 --- [SpringApplicationShutdownHook] com.alibaba.nacos.common.remote.client   : Shutdown client event executor java.util.concurrent.ScheduledThreadPoolExecutor@5f165c[Running, pool size = 2, active threads = 2, queued tasks = 0, completed tasks = 0]
17:13:22:117  INFO 29660 --- [SpringApplicationShutdownHook] com.alibaba.nacos.common.remote.client   : Close current connection 1768986412917_192.168.100.1_4650
17:13:22:118  INFO 29660 --- [nacos-grpc-client-executor-112] c.a.n.c.remote.client.grpc.GrpcClient    : [1768986412917_192.168.100.1_4650]Ignore complete event,isRunning:false,isAbandon=false
17:13:22:122  INFO 29660 --- [SpringApplicationShutdownHook] c.a.n.c.remote.client.grpc.GrpcClient    : Shutdown grpc executor java.util.concurrent.ThreadPoolExecutor@7365c82c[Running, pool size = 5, active threads = 0, queued tasks = 0, completed tasks = 113]
17:13:22:125  INFO 29660 --- [SpringApplicationShutdownHook] com.zaxxer.hikari.HikariDataSource       : HikariPool-1 - Shutdown initiated...
17:13:22:132  INFO 29660 --- [SpringApplicationShutdownHook] com.zaxxer.hikari.HikariDataSource       : HikariPool-1 - Shutdown completed.
17:16:11:691  INFO 48412 --- [main] com.hmall.trade.TradeApplication         : Starting TradeApplication using Java 17.0.17 on DESKTOP-GR78KPD with PID 48412 (D:\code\project\hmall\hmall\trade-service\target\classes started by Chen in D:\code\project\hmall\hmall)
17:16:11:693 DEBUG 48412 --- [main] com.hmall.trade.TradeApplication         : Running with Spring Boot v2.7.12, Spring v5.3.27
17:16:11:693  INFO 48412 --- [main] com.hmall.trade.TradeApplication         : The following 1 profile is active: "local"
17:16:12:604  INFO 48412 --- [main] o.s.cloud.context.scope.GenericScope     : BeanFactory id=681da489-fb6e-3bd4-83cd-8f4e3a07abbb
17:16:13:103  INFO 48412 --- [main] o.s.b.w.embedded.tomcat.TomcatWebServer  : Tomcat initialized with port(s): 8084 (http)
17:16:13:117  INFO 48412 --- [main] o.apache.catalina.core.StandardService   : Starting service [Tomcat]
17:16:13:117  INFO 48412 --- [main] org.apache.catalina.core.StandardEngine  : Starting Servlet engine: [Apache Tomcat/9.0.75]
17:16:13:262  INFO 48412 --- [main] o.a.c.c.C.[Tomcat].[localhost].[/]       : Initializing Spring embedded WebApplicationContext
17:16:13:262  INFO 48412 --- [main] w.s.c.ServletWebServerApplicationContext : Root WebApplicationContext: initialization completed in 1527 ms
17:16:13:429  INFO 48412 --- [main] o.s.c.openfeign.FeignClientFactoryBean   : For 'item-service' URL not provided. Will try picking an instance via load-balancing.
17:16:13:804  INFO 48412 --- [main] o.s.c.openfeign.FeignClientFactoryBean   : For 'cart-service' URL not provided. Will try picking an instance via load-balancing.
17:16:14:494  INFO 48412 --- [main] pertySourcedRequestMappingHandlerMapping : Mapped URL path [/v2/api-docs] onto method [springfox.documentation.swagger2.web.Swagger2ControllerWebMvc#getDocumentation(String, HttpServletRequest)]
17:16:14:977  INFO 48412 --- [main] com.alibaba.nacos.common.remote.client   : [RpcClientFactory] create a new rpc client of d5d573a4-fef1-4c8d-992e-eec79d41086c
17:16:15:048  INFO 48412 --- [main] org.reflections.Reflections              : Reflections took 30 ms to scan 1 urls, producing 3 keys and 6 values 
17:16:15:077  INFO 48412 --- [main] org.reflections.Reflections              : Reflections took 8 ms to scan 1 urls, producing 4 keys and 9 values 
17:16:15:089  INFO 48412 --- [main] org.reflections.Reflections              : Reflections took 7 ms to scan 1 urls, producing 3 keys and 10 values 
17:16:15:091  WARN 48412 --- [main] org.reflections.Reflections              : given scan urls are empty. set urls in the configuration
17:16:15:098  INFO 48412 --- [main] org.reflections.Reflections              : Reflections took 6 ms to scan 1 urls, producing 1 keys and 5 values 
17:16:15:110  INFO 48412 --- [main] org.reflections.Reflections              : Reflections took 10 ms to scan 1 urls, producing 1 keys and 7 values 
17:16:15:120  INFO 48412 --- [main] org.reflections.Reflections              : Reflections took 7 ms to scan 1 urls, producing 2 keys and 8 values 
17:16:15:121  WARN 48412 --- [main] org.reflections.Reflections              : given scan urls are empty. set urls in the configuration
17:16:15:124  INFO 48412 --- [main] com.alibaba.nacos.common.remote.client   : [d5d573a4-fef1-4c8d-992e-eec79d41086c] RpcClient init label, labels = {module=naming, source=sdk}
17:16:15:127  INFO 48412 --- [main] com.alibaba.nacos.common.remote.client   : [d5d573a4-fef1-4c8d-992e-eec79d41086c] RpcClient init, ServerListFactory = com.alibaba.nacos.client.naming.core.ServerListManager
17:16:15:127  INFO 48412 --- [main] com.alibaba.nacos.common.remote.client   : [d5d573a4-fef1-4c8d-992e-eec79d41086c] Registry connection listener to current client:com.alibaba.nacos.client.naming.remote.gprc.redo.NamingGrpcRedoService
17:16:15:128  INFO 48412 --- [main] com.alibaba.nacos.common.remote.client   : [d5d573a4-fef1-4c8d-992e-eec79d41086c] Register server push request handler:com.alibaba.nacos.client.naming.remote.gprc.NamingPushRequestHandler
17:16:15:130  INFO 48412 --- [main] com.alibaba.nacos.common.remote.client   : [d5d573a4-fef1-4c8d-992e-eec79d41086c] Try to connect to server on start up, server: {serverIp = '192.168.100.131', server main port = 8848}
17:16:16:276  INFO 48412 --- [main] com.alibaba.nacos.common.remote.client   : [d5d573a4-fef1-4c8d-992e-eec79d41086c] Success to connect to server [192.168.100.131:8848] on start up, connectionId = 1768986976862_192.168.100.1_7516
17:16:16:277  INFO 48412 --- [com.alibaba.nacos.client.remote.worker] com.alibaba.nacos.common.remote.client   : [d5d573a4-fef1-4c8d-992e-eec79d41086c] Notify connected event to listeners.
17:16:16:277  INFO 48412 --- [main] com.alibaba.nacos.common.remote.client   : [d5d573a4-fef1-4c8d-992e-eec79d41086c] Register server push request handler:com.alibaba.nacos.common.remote.client.RpcClient$ConnectResetRequestHandler
17:16:16:278  INFO 48412 --- [main] com.alibaba.nacos.common.remote.client   : [d5d573a4-fef1-4c8d-992e-eec79d41086c] Register server push request handler:com.alibaba.nacos.common.remote.client.RpcClient$$Lambda$990/0x00000201ad7c7690
17:16:16:345  INFO 48412 --- [main] o.s.b.w.embedded.tomcat.TomcatWebServer  : Tomcat started on port(s): 8084 (http) with context path ''
17:16:16:358  INFO 48412 --- [main] c.a.c.n.registry.NacosServiceRegistry    : nacos registry, DEFAULT_GROUP trade-service 192.168.245.1:8084 register finished
17:16:16:614  INFO 48412 --- [main] d.s.w.p.DocumentationPluginsBootstrapper : Documentation plugins bootstrapped
17:16:16:618  INFO 48412 --- [main] d.s.w.p.DocumentationPluginsBootstrapper : Found 1 custom documentation plugin(s)
17:16:16:643  INFO 48412 --- [main] s.d.s.w.s.ApiListingReferenceScanner     : Scanning for api listing references
17:16:16:733  INFO 48412 --- [main] com.hmall.trade.TradeApplication         : Started TradeApplication in 5.76 seconds (JVM running for 6.376)
17:16:16:872  INFO 48412 --- [nacos-grpc-client-executor-9] com.alibaba.nacos.common.remote.client   : [d5d573a4-fef1-4c8d-992e-eec79d41086c] Receive server push request, request = NotifySubscriberRequest, requestId = 94
17:16:16:888  INFO 48412 --- [nacos-grpc-client-executor-9] com.alibaba.nacos.common.remote.client   : [d5d573a4-fef1-4c8d-992e-eec79d41086c] Ack server push request, request = NotifySubscriberRequest, requestId = 94
17:16:37:292  INFO 48412 --- [http-nio-8084-exec-1] o.a.c.c.C.[Tomcat].[localhost].[/]       : Initializing Spring DispatcherServlet 'dispatcherServlet'
17:16:37:292  INFO 48412 --- [http-nio-8084-exec-1] o.s.web.servlet.DispatcherServlet        : Initializing Servlet 'dispatcherServlet'
17:16:37:294  INFO 48412 --- [http-nio-8084-exec-1] o.s.web.servlet.DispatcherServlet        : Completed initialization in 0 ms
17:16:37:339  INFO 48412 --- [http-nio-8084-exec-1] com.zaxxer.hikari.HikariDataSource       : HikariPool-1 - Starting...
17:16:37:524  INFO 48412 --- [http-nio-8084-exec-1] com.zaxxer.hikari.HikariDataSource       : HikariPool-1 - Start completed.
17:16:37:536 DEBUG 48412 --- [http-nio-8084-exec-1] com.hmall.api.client.ItemClient          : [ItemClient#queryItemByIds] ---> GET http://item-service/items?ids=2120808 HTTP/1.1
17:16:37:536 DEBUG 48412 --- [http-nio-8084-exec-1] com.hmall.api.client.ItemClient          : [ItemClient#queryItemByIds] user-info: 2
17:16:37:536 DEBUG 48412 --- [http-nio-8084-exec-1] com.hmall.api.client.ItemClient          : [ItemClient#queryItemByIds] ---> END HTTP (0-byte body)
17:16:37:924 DEBUG 48412 --- [http-nio-8084-exec-1] com.hmall.api.client.ItemClient          : [ItemClient#queryItemByIds] <--- HTTP/1.1 200 (388ms)
17:16:37:925 DEBUG 48412 --- [http-nio-8084-exec-1] com.hmall.api.client.ItemClient          : [ItemClient#queryItemByIds] connection: keep-alive
17:16:37:925 DEBUG 48412 --- [http-nio-8084-exec-1] com.hmall.api.client.ItemClient          : [ItemClient#queryItemByIds] content-type: application/json
17:16:37:925 DEBUG 48412 --- [http-nio-8084-exec-1] com.hmall.api.client.ItemClient          : [ItemClient#queryItemByIds] date: Wed, 21 Jan 2026 09:16:37 GMT
17:16:37:925 DEBUG 48412 --- [http-nio-8084-exec-1] com.hmall.api.client.ItemClient          : [ItemClient#queryItemByIds] keep-alive: timeout=60
17:16:37:925 DEBUG 48412 --- [http-nio-8084-exec-1] com.hmall.api.client.ItemClient          : [ItemClient#queryItemByIds] transfer-encoding: chunked
17:16:37:925 DEBUG 48412 --- [http-nio-8084-exec-1] com.hmall.api.client.ItemClient          : [ItemClient#queryItemByIds] 
17:16:37:925 DEBUG 48412 --- [http-nio-8084-exec-1] com.hmall.api.client.ItemClient          : [ItemClient#queryItemByIds] [{"id":"2120808","name":"姬龙雪 guy laroche女包 GL经典手提包女牛皮大容量单肩包女欧美时尚包包女包GS1210001-06杏色","price":71800,"stock":1,"image":"https://m.360buyimg.com/mobilecms/s720x720_jfs/t30694/267/398774087/90954/6fc143cf/5bf25358N14dadbf7.jpg!q70.jpg.webp","category":"真皮包","brand":"姬龙雪","spec":"{}","sold":0,"commentCount":0,"isAD":false,"status":1}]
17:16:37:925 DEBUG 48412 --- [http-nio-8084-exec-1] com.hmall.api.client.ItemClient          : [ItemClient#queryItemByIds] <--- END HTTP (402-byte body)
17:16:37:959 DEBUG 48412 --- [http-nio-8084-exec-1] c.hmall.trade.mapper.OrderMapper.insert  : ==>  Preparing: INSERT INTO `order` ( id, total_fee, payment_type, user_id, status ) VALUES ( ?, ?, ?, ?, ? )
17:16:37:977 DEBUG 48412 --- [http-nio-8084-exec-1] c.hmall.trade.mapper.OrderMapper.insert  : ==> Parameters: 2013903551925780482(Long), 71800(Integer), 3(Integer), 2(Long), 1(Integer)
17:16:37:980 DEBUG 48412 --- [http-nio-8084-exec-1] c.hmall.trade.mapper.OrderMapper.insert  : <==    Updates: 1
17:16:37:988 DEBUG 48412 --- [http-nio-8084-exec-1] c.h.t.mapper.OrderDetailMapper.insert    : ==>  Preparing: INSERT INTO order_detail ( order_id, item_id, num, name, spec, price, image ) VALUES ( ?, ?, ?, ?, ?, ?, ? )
17:16:37:989 DEBUG 48412 --- [http-nio-8084-exec-1] c.h.t.mapper.OrderDetailMapper.insert    : ==> Parameters: 2013903551925780482(Long), 2120808(Long), 1(Integer), 姬龙雪 guy laroche女包 GL经典手提包女牛皮大容量单肩包女欧美时尚包包女包GS1210001-06杏色(String), {}(String), 71800(Integer), https://m.360buyimg.com/mobilecms/s720x720_jfs/t30694/267/398774087/90954/6fc143cf/5bf25358N14dadbf7.jpg!q70.jpg.webp(String)
17:16:38:002 DEBUG 48412 --- [http-nio-8084-exec-1] com.hmall.api.client.CartClient          : [CartClient#deleteCartItemByIds] ---> DELETE http://cart-service/carts?ids=2120808 HTTP/1.1
17:16:38:002 DEBUG 48412 --- [http-nio-8084-exec-1] com.hmall.api.client.CartClient          : [CartClient#deleteCartItemByIds] user-info: 2
17:16:38:002 DEBUG 48412 --- [http-nio-8084-exec-1] com.hmall.api.client.CartClient          : [CartClient#deleteCartItemByIds] ---> END HTTP (0-byte body)
17:16:38:156  INFO 48412 --- [nacos-grpc-client-executor-18] com.alibaba.nacos.common.remote.client   : [d5d573a4-fef1-4c8d-992e-eec79d41086c] Receive server push request, request = NotifySubscriberRequest, requestId = 103
17:16:38:156  INFO 48412 --- [nacos-grpc-client-executor-18] com.alibaba.nacos.common.remote.client   : [d5d573a4-fef1-4c8d-992e-eec79d41086c] Ack server push request, request = NotifySubscriberRequest, requestId = 103
17:16:38:332 DEBUG 48412 --- [http-nio-8084-exec-1] com.hmall.api.client.CartClient          : [CartClient#deleteCartItemByIds] <--- HTTP/1.1 200 (330ms)
17:16:38:332 DEBUG 48412 --- [http-nio-8084-exec-1] com.hmall.api.client.CartClient          : [CartClient#deleteCartItemByIds] connection: keep-alive
17:16:38:332 DEBUG 48412 --- [http-nio-8084-exec-1] com.hmall.api.client.CartClient          : [CartClient#deleteCartItemByIds] content-length: 0
17:16:38:332 DEBUG 48412 --- [http-nio-8084-exec-1] com.hmall.api.client.CartClient          : [CartClient#deleteCartItemByIds] date: Wed, 21 Jan 2026 09:16:38 GMT
17:16:38:332 DEBUG 48412 --- [http-nio-8084-exec-1] com.hmall.api.client.CartClient          : [CartClient#deleteCartItemByIds] keep-alive: timeout=60
17:16:38:332 DEBUG 48412 --- [http-nio-8084-exec-1] com.hmall.api.client.CartClient          : [CartClient#deleteCartItemByIds] 
17:16:38:332 DEBUG 48412 --- [http-nio-8084-exec-1] com.hmall.api.client.CartClient          : [CartClient#deleteCartItemByIds] <--- END HTTP (0-byte body)
17:16:38:510 DEBUG 48412 --- [http-nio-8084-exec-2] c.h.trade.mapper.OrderMapper.selectById  : ==>  Preparing: SELECT id,total_fee,payment_type,user_id,status,create_time,pay_time,consign_time,end_time,close_time,comment_time,update_time FROM `order` WHERE id=?
17:16:38:511 DEBUG 48412 --- [http-nio-8084-exec-2] c.h.trade.mapper.OrderMapper.selectById  : ==> Parameters: 2013903551925780482(Long)
17:16:38:523 DEBUG 48412 --- [http-nio-8084-exec-2] c.h.trade.mapper.OrderMapper.selectById  : <==      Total: 1
17:16:38:557  INFO 48412 --- [nacos-grpc-client-executor-19] com.alibaba.nacos.common.remote.client   : [d5d573a4-fef1-4c8d-992e-eec79d41086c] Receive server push request, request = NotifySubscriberRequest, requestId = 104
17:16:38:557  INFO 48412 --- [nacos-grpc-client-executor-19] com.alibaba.nacos.common.remote.client   : [d5d573a4-fef1-4c8d-992e-eec79d41086c] Ack server push request, request = NotifySubscriberRequest, requestId = 104
17:16:43:473  WARN 48412 --- [Thread-7] c.a.n.common.http.HttpClientBeanHolder   : [HttpClientBeanHolder] Start destroying common HttpClient
17:16:43:473  WARN 48412 --- [Thread-4] c.a.nacos.common.notify.NotifyCenter     : [NotifyCenter] Start destroying Publisher
17:16:43:474  WARN 48412 --- [Thread-4] c.a.nacos.common.notify.NotifyCenter     : [NotifyCenter] Destruction of the end
17:16:43:474  WARN 48412 --- [Thread-7] c.a.n.common.http.HttpClientBeanHolder   : [HttpClientBeanHolder] Destruction of the end
17:16:43:504  INFO 48412 --- [SpringApplicationShutdownHook] c.a.c.n.registry.NacosServiceRegistry    : De-registering from Nacos Server now...
17:16:43:509  INFO 48412 --- [SpringApplicationShutdownHook] c.a.c.n.registry.NacosServiceRegistry    : De-registration finished.
17:16:43:831  INFO 48412 --- [SpringApplicationShutdownHook] com.alibaba.nacos.common.remote.client   : Shutdown rpc client, set status to shutdown
17:16:43:831  INFO 48412 --- [SpringApplicationShutdownHook] com.alibaba.nacos.common.remote.client   : Shutdown client event executor java.util.concurrent.ScheduledThreadPoolExecutor@36b05aff[Running, pool size = 2, active threads = 2, queued tasks = 0, completed tasks = 0]
17:16:43:831  INFO 48412 --- [SpringApplicationShutdownHook] com.alibaba.nacos.common.remote.client   : Close current connection 1768986976862_192.168.100.1_7516
17:16:43:834  INFO 48412 --- [nacos-grpc-client-executor-25] c.a.n.c.remote.client.grpc.GrpcClient    : [1768986976862_192.168.100.1_7516]Ignore complete event,isRunning:false,isAbandon=false
17:16:43:836  INFO 48412 --- [SpringApplicationShutdownHook] c.a.n.c.remote.client.grpc.GrpcClient    : Shutdown grpc executor java.util.concurrent.ThreadPoolExecutor@61d45e2d[Running, pool size = 12, active threads = 0, queued tasks = 0, completed tasks = 26]
17:16:43:839  INFO 48412 --- [SpringApplicationShutdownHook] com.zaxxer.hikari.HikariDataSource       : HikariPool-1 - Shutdown initiated...
17:16:43:849  INFO 48412 --- [SpringApplicationShutdownHook] com.zaxxer.hikari.HikariDataSource       : HikariPool-1 - Shutdown completed.
17:16:46:244  INFO 51576 --- [main] com.hmall.trade.TradeApplication         : Starting TradeApplication using Java 17.0.17 on DESKTOP-GR78KPD with PID 51576 (D:\code\project\hmall\hmall\trade-service\target\classes started by Chen in D:\code\project\hmall\hmall)
17:16:46:244 DEBUG 51576 --- [main] com.hmall.trade.TradeApplication         : Running with Spring Boot v2.7.12, Spring v5.3.27
17:16:46:245  INFO 51576 --- [main] com.hmall.trade.TradeApplication         : The following 1 profile is active: "local"
17:16:46:925  INFO 51576 --- [main] o.s.cloud.context.scope.GenericScope     : BeanFactory id=681da489-fb6e-3bd4-83cd-8f4e3a07abbb
17:16:47:199  INFO 51576 --- [main] o.s.b.w.embedded.tomcat.TomcatWebServer  : Tomcat initialized with port(s): 8084 (http)
17:16:47:205  INFO 51576 --- [main] o.apache.catalina.core.StandardService   : Starting service [Tomcat]
17:16:47:206  INFO 51576 --- [main] org.apache.catalina.core.StandardEngine  : Starting Servlet engine: [Apache Tomcat/9.0.75]
17:16:47:302  INFO 51576 --- [main] o.a.c.c.C.[Tomcat].[localhost].[/]       : Initializing Spring embedded WebApplicationContext
17:16:47:303  INFO 51576 --- [main] w.s.c.ServletWebServerApplicationContext : Root WebApplicationContext: initialization completed in 1019 ms
17:16:47:443  INFO 51576 --- [main] o.s.c.openfeign.FeignClientFactoryBean   : For 'item-service' URL not provided. Will try picking an instance via load-balancing.
17:16:47:705  INFO 51576 --- [main] o.s.c.openfeign.FeignClientFactoryBean   : For 'cart-service' URL not provided. Will try picking an instance via load-balancing.
17:16:48:186  INFO 51576 --- [main] pertySourcedRequestMappingHandlerMapping : Mapped URL path [/v2/api-docs] onto method [springfox.documentation.swagger2.web.Swagger2ControllerWebMvc#getDocumentation(String, HttpServletRequest)]
17:16:48:496  INFO 51576 --- [main] com.alibaba.nacos.common.remote.client   : [RpcClientFactory] create a new rpc client of 35a958f7-25d2-4dd8-a3a7-3d292bf15a4d
17:16:48:536  INFO 51576 --- [main] org.reflections.Reflections              : Reflections took 17 ms to scan 1 urls, producing 3 keys and 6 values 
17:16:48:553  INFO 51576 --- [main] org.reflections.Reflections              : Reflections took 6 ms to scan 1 urls, producing 4 keys and 9 values 
17:16:48:558  INFO 51576 --- [main] org.reflections.Reflections              : Reflections took 4 ms to scan 1 urls, producing 3 keys and 10 values 
17:16:48:560  WARN 51576 --- [main] org.reflections.Reflections              : given scan urls are empty. set urls in the configuration
17:16:48:564  INFO 51576 --- [main] org.reflections.Reflections              : Reflections took 4 ms to scan 1 urls, producing 1 keys and 5 values 
17:16:48:571  INFO 51576 --- [main] org.reflections.Reflections              : Reflections took 5 ms to scan 1 urls, producing 1 keys and 7 values 
17:16:48:577  INFO 51576 --- [main] org.reflections.Reflections              : Reflections took 3 ms to scan 1 urls, producing 2 keys and 8 values 
17:16:48:578  WARN 51576 --- [main] org.reflections.Reflections              : given scan urls are empty. set urls in the configuration
17:16:48:580  INFO 51576 --- [main] com.alibaba.nacos.common.remote.client   : [35a958f7-25d2-4dd8-a3a7-3d292bf15a4d] RpcClient init label, labels = {module=naming, source=sdk}
17:16:48:581  INFO 51576 --- [main] com.alibaba.nacos.common.remote.client   : [35a958f7-25d2-4dd8-a3a7-3d292bf15a4d] RpcClient init, ServerListFactory = com.alibaba.nacos.client.naming.core.ServerListManager
17:16:48:581  INFO 51576 --- [main] com.alibaba.nacos.common.remote.client   : [35a958f7-25d2-4dd8-a3a7-3d292bf15a4d] Registry connection listener to current client:com.alibaba.nacos.client.naming.remote.gprc.redo.NamingGrpcRedoService
17:16:48:581  INFO 51576 --- [main] com.alibaba.nacos.common.remote.client   : [35a958f7-25d2-4dd8-a3a7-3d292bf15a4d] Register server push request handler:com.alibaba.nacos.client.naming.remote.gprc.NamingPushRequestHandler
17:16:48:582  INFO 51576 --- [main] com.alibaba.nacos.common.remote.client   : [35a958f7-25d2-4dd8-a3a7-3d292bf15a4d] Try to connect to server on start up, server: {serverIp = '192.168.100.131', server main port = 8848}
17:16:49:321  INFO 51576 --- [main] com.alibaba.nacos.common.remote.client   : [35a958f7-25d2-4dd8-a3a7-3d292bf15a4d] Success to connect to server [192.168.100.131:8848] on start up, connectionId = 1768987009958_192.168.100.1_7741
17:16:49:321  INFO 51576 --- [com.alibaba.nacos.client.remote.worker] com.alibaba.nacos.common.remote.client   : [35a958f7-25d2-4dd8-a3a7-3d292bf15a4d] Notify connected event to listeners.
17:16:49:321  INFO 51576 --- [main] com.alibaba.nacos.common.remote.client   : [35a958f7-25d2-4dd8-a3a7-3d292bf15a4d] Register server push request handler:com.alibaba.nacos.common.remote.client.RpcClient$ConnectResetRequestHandler
17:16:49:322  INFO 51576 --- [main] com.alibaba.nacos.common.remote.client   : [35a958f7-25d2-4dd8-a3a7-3d292bf15a4d] Register server push request handler:com.alibaba.nacos.common.remote.client.RpcClient$$Lambda$990/0x00000244817d7cd0
17:16:49:367  INFO 51576 --- [main] o.s.b.w.embedded.tomcat.TomcatWebServer  : Tomcat started on port(s): 8084 (http) with context path ''
17:16:49:376  INFO 51576 --- [main] c.a.c.n.registry.NacosServiceRegistry    : nacos registry, DEFAULT_GROUP trade-service 192.168.245.1:8084 register finished
17:16:49:542  INFO 51576 --- [main] d.s.w.p.DocumentationPluginsBootstrapper : Documentation plugins bootstrapped
17:16:49:544  INFO 51576 --- [main] d.s.w.p.DocumentationPluginsBootstrapper : Found 1 custom documentation plugin(s)
17:16:49:561  INFO 51576 --- [main] s.d.s.w.s.ApiListingReferenceScanner     : Scanning for api listing references
17:16:49:627  INFO 51576 --- [main] com.hmall.trade.TradeApplication         : Started TradeApplication in 3.988 seconds (JVM running for 4.538)
17:16:49:913  INFO 51576 --- [nacos-grpc-client-executor-9] com.alibaba.nacos.common.remote.client   : [35a958f7-25d2-4dd8-a3a7-3d292bf15a4d] Receive server push request, request = NotifySubscriberRequest, requestId = 108
17:16:49:927  INFO 51576 --- [nacos-grpc-client-executor-9] com.alibaba.nacos.common.remote.client   : [35a958f7-25d2-4dd8-a3a7-3d292bf15a4d] Ack server push request, request = NotifySubscriberRequest, requestId = 108
17:16:54:271  INFO 51576 --- [http-nio-8084-exec-1] o.a.c.c.C.[Tomcat].[localhost].[/]       : Initializing Spring DispatcherServlet 'dispatcherServlet'
17:16:54:271  INFO 51576 --- [http-nio-8084-exec-1] o.s.web.servlet.DispatcherServlet        : Initializing Servlet 'dispatcherServlet'
17:16:54:273  INFO 51576 --- [http-nio-8084-exec-1] o.s.web.servlet.DispatcherServlet        : Completed initialization in 2 ms
17:16:54:341  INFO 51576 --- [http-nio-8084-exec-1] com.zaxxer.hikari.HikariDataSource       : HikariPool-1 - Starting...
17:16:54:542  INFO 51576 --- [http-nio-8084-exec-1] com.zaxxer.hikari.HikariDataSource       : HikariPool-1 - Start completed.
17:16:54:548 DEBUG 51576 --- [http-nio-8084-exec-1] c.h.trade.mapper.OrderMapper.updateById  : ==>  Preparing: UPDATE `order` SET status=?, pay_time=? WHERE id=?
17:16:54:568 DEBUG 51576 --- [http-nio-8084-exec-1] c.h.trade.mapper.OrderMapper.updateById  : ==> Parameters: 2(Integer), 2026-01-21T17:16:54.304186100(LocalDateTime), 2013903551925780482(Long)
17:16:54:575 DEBUG 51576 --- [http-nio-8084-exec-1] c.h.trade.mapper.OrderMapper.updateById  : <==    Updates: 1
17:16:54:756 DEBUG 51576 --- [http-nio-8084-exec-3] c.h.trade.mapper.OrderMapper.selectById  : ==>  Preparing: SELECT id,total_fee,payment_type,user_id,status,create_time,pay_time,consign_time,end_time,close_time,comment_time,update_time FROM `order` WHERE id=?
17:16:54:756 DEBUG 51576 --- [http-nio-8084-exec-3] c.h.trade.mapper.OrderMapper.selectById  : ==> Parameters: 2013903551925780482(Long)
17:16:54:780 DEBUG 51576 --- [http-nio-8084-exec-3] c.h.trade.mapper.OrderMapper.selectById  : <==      Total: 1
17:17:41:431 DEBUG 51576 --- [http-nio-8084-exec-5] com.hmall.api.client.ItemClient          : [ItemClient#queryItemByIds] ---> GET http://item-service/items?ids=2120808 HTTP/1.1
17:17:41:431 DEBUG 51576 --- [http-nio-8084-exec-5] com.hmall.api.client.ItemClient          : [ItemClient#queryItemByIds] user-info: 2
17:17:41:431 DEBUG 51576 --- [http-nio-8084-exec-5] com.hmall.api.client.ItemClient          : [ItemClient#queryItemByIds] ---> END HTTP (0-byte body)
17:17:42:001 DEBUG 51576 --- [http-nio-8084-exec-5] com.hmall.api.client.ItemClient          : [ItemClient#queryItemByIds] <--- HTTP/1.1 200 (569ms)
17:17:42:001 DEBUG 51576 --- [http-nio-8084-exec-5] com.hmall.api.client.ItemClient          : [ItemClient#queryItemByIds] connection: keep-alive
17:17:42:001 DEBUG 51576 --- [http-nio-8084-exec-5] com.hmall.api.client.ItemClient          : [ItemClient#queryItemByIds] content-type: application/json
17:17:42:001 DEBUG 51576 --- [http-nio-8084-exec-5] com.hmall.api.client.ItemClient          : [ItemClient#queryItemByIds] date: Wed, 21 Jan 2026 09:17:41 GMT
17:17:42:001 DEBUG 51576 --- [http-nio-8084-exec-5] com.hmall.api.client.ItemClient          : [ItemClient#queryItemByIds] keep-alive: timeout=60
17:17:42:001 DEBUG 51576 --- [http-nio-8084-exec-5] com.hmall.api.client.ItemClient          : [ItemClient#queryItemByIds] transfer-encoding: chunked
17:17:42:001 DEBUG 51576 --- [http-nio-8084-exec-5] com.hmall.api.client.ItemClient          : [ItemClient#queryItemByIds] 
17:17:42:003 DEBUG 51576 --- [http-nio-8084-exec-5] com.hmall.api.client.ItemClient          : [ItemClient#queryItemByIds] [{"id":"2120808","name":"姬龙雪 guy laroche女包 GL经典手提包女牛皮大容量单肩包女欧美时尚包包女包GS1210001-06杏色","price":71800,"stock":1,"image":"https://m.360buyimg.com/mobilecms/s720x720_jfs/t30694/267/398774087/90954/6fc143cf/5bf25358N14dadbf7.jpg!q70.jpg.webp","category":"真皮包","brand":"姬龙雪","spec":"{}","sold":0,"commentCount":0,"isAD":false,"status":1}]
17:17:42:003 DEBUG 51576 --- [http-nio-8084-exec-5] com.hmall.api.client.ItemClient          : [ItemClient#queryItemByIds] <--- END HTTP (402-byte body)
17:17:42:015 DEBUG 51576 --- [http-nio-8084-exec-5] c.hmall.trade.mapper.OrderMapper.insert  : ==>  Preparing: INSERT INTO `order` ( id, total_fee, payment_type, user_id, status ) VALUES ( ?, ?, ?, ?, ? )
17:17:42:016 DEBUG 51576 --- [http-nio-8084-exec-5] c.hmall.trade.mapper.OrderMapper.insert  : ==> Parameters: 2013903820617117697(Long), 71800(Integer), 3(Integer), 2(Long), 1(Integer)
17:17:42:018 DEBUG 51576 --- [http-nio-8084-exec-5] c.hmall.trade.mapper.OrderMapper.insert  : <==    Updates: 1
17:17:42:028 DEBUG 51576 --- [http-nio-8084-exec-5] c.h.t.mapper.OrderDetailMapper.insert    : ==>  Preparing: INSERT INTO order_detail ( order_id, item_id, num, name, spec, price, image ) VALUES ( ?, ?, ?, ?, ?, ?, ? )
17:17:42:029 DEBUG 51576 --- [http-nio-8084-exec-5] c.h.t.mapper.OrderDetailMapper.insert    : ==> Parameters: 2013903820617117697(Long), 2120808(Long), 1(Integer), 姬龙雪 guy laroche女包 GL经典手提包女牛皮大容量单肩包女欧美时尚包包女包GS1210001-06杏色(String), {}(String), 71800(Integer), https://m.360buyimg.com/mobilecms/s720x720_jfs/t30694/267/398774087/90954/6fc143cf/5bf25358N14dadbf7.jpg!q70.jpg.webp(String)
17:17:42:035 DEBUG 51576 --- [http-nio-8084-exec-5] com.hmall.api.client.CartClient          : [CartClient#deleteCartItemByIds] ---> DELETE http://cart-service/carts?ids=2120808 HTTP/1.1
17:17:42:035 DEBUG 51576 --- [http-nio-8084-exec-5] com.hmall.api.client.CartClient          : [CartClient#deleteCartItemByIds] user-info: 2
17:17:42:035 DEBUG 51576 --- [http-nio-8084-exec-5] com.hmall.api.client.CartClient          : [CartClient#deleteCartItemByIds] ---> END HTTP (0-byte body)
17:17:42:043  INFO 51576 --- [nacos-grpc-client-executor-22] com.alibaba.nacos.common.remote.client   : [35a958f7-25d2-4dd8-a3a7-3d292bf15a4d] Receive server push request, request = NotifySubscriberRequest, requestId = 114
17:17:42:044  INFO 51576 --- [nacos-grpc-client-executor-22] com.alibaba.nacos.common.remote.client   : [35a958f7-25d2-4dd8-a3a7-3d292bf15a4d] Ack server push request, request = NotifySubscriberRequest, requestId = 114
17:17:42:079 DEBUG 51576 --- [http-nio-8084-exec-5] com.hmall.api.client.CartClient          : [CartClient#deleteCartItemByIds] <--- HTTP/1.1 200 (43ms)
17:17:42:079 DEBUG 51576 --- [http-nio-8084-exec-5] com.hmall.api.client.CartClient          : [CartClient#deleteCartItemByIds] connection: keep-alive
17:17:42:079 DEBUG 51576 --- [http-nio-8084-exec-5] com.hmall.api.client.CartClient          : [CartClient#deleteCartItemByIds] content-length: 0
17:17:42:079 DEBUG 51576 --- [http-nio-8084-exec-5] com.hmall.api.client.CartClient          : [CartClient#deleteCartItemByIds] date: Wed, 21 Jan 2026 09:17:42 GMT
17:17:42:079 DEBUG 51576 --- [http-nio-8084-exec-5] com.hmall.api.client.CartClient          : [CartClient#deleteCartItemByIds] keep-alive: timeout=60
17:17:42:079 DEBUG 51576 --- [http-nio-8084-exec-5] com.hmall.api.client.CartClient          : [CartClient#deleteCartItemByIds] 
17:17:42:079 DEBUG 51576 --- [http-nio-8084-exec-5] com.hmall.api.client.CartClient          : [CartClient#deleteCartItemByIds] <--- END HTTP (0-byte body)
17:17:42:196 DEBUG 51576 --- [http-nio-8084-exec-4] c.h.trade.mapper.OrderMapper.selectById  : ==>  Preparing: SELECT id,total_fee,payment_type,user_id,status,create_time,pay_time,consign_time,end_time,close_time,comment_time,update_time FROM `order` WHERE id=?
17:17:42:197 DEBUG 51576 --- [http-nio-8084-exec-4] c.h.trade.mapper.OrderMapper.selectById  : ==> Parameters: 2013903820617117697(Long)
17:17:42:199 DEBUG 51576 --- [http-nio-8084-exec-4] c.h.trade.mapper.OrderMapper.selectById  : <==      Total: 1
17:17:42:644  INFO 51576 --- [nacos-grpc-client-executor-26] com.alibaba.nacos.common.remote.client   : [35a958f7-25d2-4dd8-a3a7-3d292bf15a4d] Receive server push request, request = NotifySubscriberRequest, requestId = 115
17:17:42:645  INFO 51576 --- [nacos-grpc-client-executor-26] com.alibaba.nacos.common.remote.client   : [35a958f7-25d2-4dd8-a3a7-3d292bf15a4d] Ack server push request, request = NotifySubscriberRequest, requestId = 115
17:18:14:591 DEBUG 51576 --- [http-nio-8084-exec-10] com.hmall.api.client.ItemClient          : [ItemClient#queryItemByIds] ---> GET http://item-service/items?ids=2120808 HTTP/1.1
17:18:14:593 DEBUG 51576 --- [http-nio-8084-exec-10] com.hmall.api.client.ItemClient          : [ItemClient#queryItemByIds] user-info: 2
17:18:14:593 DEBUG 51576 --- [http-nio-8084-exec-10] com.hmall.api.client.ItemClient          : [ItemClient#queryItemByIds] ---> END HTTP (0-byte body)
17:18:14:603 DEBUG 51576 --- [http-nio-8084-exec-10] com.hmall.api.client.ItemClient          : [ItemClient#queryItemByIds] <--- HTTP/1.1 200 (9ms)
17:18:14:603 DEBUG 51576 --- [http-nio-8084-exec-10] com.hmall.api.client.ItemClient          : [ItemClient#queryItemByIds] connection: keep-alive
17:18:14:603 DEBUG 51576 --- [http-nio-8084-exec-10] com.hmall.api.client.ItemClient          : [ItemClient#queryItemByIds] content-type: application/json
17:18:14:603 DEBUG 51576 --- [http-nio-8084-exec-10] com.hmall.api.client.ItemClient          : [ItemClient#queryItemByIds] date: Wed, 21 Jan 2026 09:18:14 GMT
17:18:14:603 DEBUG 51576 --- [http-nio-8084-exec-10] com.hmall.api.client.ItemClient          : [ItemClient#queryItemByIds] keep-alive: timeout=60
17:18:14:603 DEBUG 51576 --- [http-nio-8084-exec-10] com.hmall.api.client.ItemClient          : [ItemClient#queryItemByIds] transfer-encoding: chunked
17:18:14:603 DEBUG 51576 --- [http-nio-8084-exec-10] com.hmall.api.client.ItemClient          : [ItemClient#queryItemByIds] 
17:18:14:603 DEBUG 51576 --- [http-nio-8084-exec-10] com.hmall.api.client.ItemClient          : [ItemClient#queryItemByIds] [{"id":"2120808","name":"姬龙雪 guy laroche女包 GL经典手提包女牛皮大容量单肩包女欧美时尚包包女包GS1210001-06杏色","price":71800,"stock":1,"image":"https://m.360buyimg.com/mobilecms/s720x720_jfs/t30694/267/398774087/90954/6fc143cf/5bf25358N14dadbf7.jpg!q70.jpg.webp","category":"真皮包","brand":"姬龙雪","spec":"{}","sold":0,"commentCount":0,"isAD":false,"status":1}]
17:18:14:603 DEBUG 51576 --- [http-nio-8084-exec-10] com.hmall.api.client.ItemClient          : [ItemClient#queryItemByIds] <--- END HTTP (402-byte body)
17:18:14:604 DEBUG 51576 --- [http-nio-8084-exec-10] c.hmall.trade.mapper.OrderMapper.insert  : ==>  Preparing: INSERT INTO `order` ( id, total_fee, payment_type, user_id, status ) VALUES ( ?, ?, ?, ?, ? )
17:18:14:605 DEBUG 51576 --- [http-nio-8084-exec-10] c.hmall.trade.mapper.OrderMapper.insert  : ==> Parameters: 2013903957275930625(Long), 71800(Integer), 3(Integer), 2(Long), 1(Integer)
17:18:14:607 DEBUG 51576 --- [http-nio-8084-exec-10] c.hmall.trade.mapper.OrderMapper.insert  : <==    Updates: 1
17:18:14:607 DEBUG 51576 --- [http-nio-8084-exec-10] c.h.t.mapper.OrderDetailMapper.insert    : ==>  Preparing: INSERT INTO order_detail ( order_id, item_id, num, name, spec, price, image ) VALUES ( ?, ?, ?, ?, ?, ?, ? )
17:18:14:608 DEBUG 51576 --- [http-nio-8084-exec-10] c.h.t.mapper.OrderDetailMapper.insert    : ==> Parameters: 2013903957275930625(Long), 2120808(Long), 1(Integer), 姬龙雪 guy laroche女包 GL经典手提包女牛皮大容量单肩包女欧美时尚包包女包GS1210001-06杏色(String), {}(String), 71800(Integer), https://m.360buyimg.com/mobilecms/s720x720_jfs/t30694/267/398774087/90954/6fc143cf/5bf25358N14dadbf7.jpg!q70.jpg.webp(String)
17:18:14:609 DEBUG 51576 --- [http-nio-8084-exec-10] com.hmall.api.client.CartClient          : [CartClient#deleteCartItemByIds] ---> DELETE http://cart-service/carts?ids=2120808 HTTP/1.1
17:18:14:609 DEBUG 51576 --- [http-nio-8084-exec-10] com.hmall.api.client.CartClient          : [CartClient#deleteCartItemByIds] user-info: 2
17:18:14:609 DEBUG 51576 --- [http-nio-8084-exec-10] com.hmall.api.client.CartClient          : [CartClient#deleteCartItemByIds] ---> END HTTP (0-byte body)
17:18:14:615 DEBUG 51576 --- [http-nio-8084-exec-10] com.hmall.api.client.CartClient          : [CartClient#deleteCartItemByIds] <--- HTTP/1.1 200 (6ms)
17:18:14:615 DEBUG 51576 --- [http-nio-8084-exec-10] com.hmall.api.client.CartClient          : [CartClient#deleteCartItemByIds] connection: keep-alive
17:18:14:615 DEBUG 51576 --- [http-nio-8084-exec-10] com.hmall.api.client.CartClient          : [CartClient#deleteCartItemByIds] content-length: 0
17:18:14:615 DEBUG 51576 --- [http-nio-8084-exec-10] com.hmall.api.client.CartClient          : [CartClient#deleteCartItemByIds] date: Wed, 21 Jan 2026 09:18:14 GMT
17:18:14:615 DEBUG 51576 --- [http-nio-8084-exec-10] com.hmall.api.client.CartClient          : [CartClient#deleteCartItemByIds] keep-alive: timeout=60
17:18:14:615 DEBUG 51576 --- [http-nio-8084-exec-10] com.hmall.api.client.CartClient          : [CartClient#deleteCartItemByIds] 
17:18:14:615 DEBUG 51576 --- [http-nio-8084-exec-10] com.hmall.api.client.CartClient          : [CartClient#deleteCartItemByIds] <--- END HTTP (0-byte body)
17:18:14:707 DEBUG 51576 --- [http-nio-8084-exec-7] c.h.trade.mapper.OrderMapper.selectById  : ==>  Preparing: SELECT id,total_fee,payment_type,user_id,status,create_time,pay_time,consign_time,end_time,close_time,comment_time,update_time FROM `order` WHERE id=?
17:18:14:708 DEBUG 51576 --- [http-nio-8084-exec-7] c.h.trade.mapper.OrderMapper.selectById  : ==> Parameters: 2013903957275930625(Long)
17:18:14:710 DEBUG 51576 --- [http-nio-8084-exec-7] c.h.trade.mapper.OrderMapper.selectById  : <==      Total: 1
17:25:30:388 DEBUG 51576 --- [http-nio-8084-exec-6] c.h.trade.mapper.OrderMapper.selectById  : ==>  Preparing: SELECT id,total_fee,payment_type,user_id,status,create_time,pay_time,consign_time,end_time,close_time,comment_time,update_time FROM `order` WHERE id=?
17:25:30:388 DEBUG 51576 --- [http-nio-8084-exec-6] c.h.trade.mapper.OrderMapper.selectById  : ==> Parameters: 2013903957275930625(Long)
17:25:30:390 DEBUG 51576 --- [http-nio-8084-exec-6] c.h.trade.mapper.OrderMapper.selectById  : <==      Total: 1
17:56:16:916  WARN 51576 --- [Thread-7] c.a.n.common.http.HttpClientBeanHolder   : [HttpClientBeanHolder] Start destroying common HttpClient
17:56:16:915  WARN 51576 --- [Thread-4] c.a.nacos.common.notify.NotifyCenter     : [NotifyCenter] Start destroying Publisher
17:56:16:917  WARN 51576 --- [Thread-4] c.a.nacos.common.notify.NotifyCenter     : [NotifyCenter] Destruction of the end
17:56:16:919  WARN 51576 --- [Thread-7] c.a.n.common.http.HttpClientBeanHolder   : [HttpClientBeanHolder] Destruction of the end
17:56:16:982  INFO 51576 --- [SpringApplicationShutdownHook] c.a.c.n.registry.NacosServiceRegistry    : De-registering from Nacos Server now...
17:56:16:985  INFO 51576 --- [SpringApplicationShutdownHook] c.a.c.n.registry.NacosServiceRegistry    : De-registration finished.
17:56:17:309  INFO 51576 --- [SpringApplicationShutdownHook] com.alibaba.nacos.common.remote.client   : Shutdown rpc client, set status to shutdown
17:56:17:309  INFO 51576 --- [SpringApplicationShutdownHook] com.alibaba.nacos.common.remote.client   : Shutdown client event executor java.util.concurrent.ScheduledThreadPoolExecutor@e34cedb[Running, pool size = 2, active threads = 2, queued tasks = 0, completed tasks = 0]
17:56:17:310  INFO 51576 --- [SpringApplicationShutdownHook] com.alibaba.nacos.common.remote.client   : Close current connection 1768987009958_192.168.100.1_7741
17:56:17:311  INFO 51576 --- [nacos-grpc-client-executor-555] c.a.n.c.remote.client.grpc.GrpcClient    : [1768987009958_192.168.100.1_7741]Ignore complete event,isRunning:false,isAbandon=false
17:56:17:319  INFO 51576 --- [SpringApplicationShutdownHook] c.a.n.c.remote.client.grpc.GrpcClient    : Shutdown grpc executor java.util.concurrent.ThreadPoolExecutor@31362109[Running, pool size = 5, active threads = 0, queued tasks = 0, completed tasks = 556]
17:56:17:323  INFO 51576 --- [SpringApplicationShutdownHook] com.zaxxer.hikari.HikariDataSource       : HikariPool-1 - Shutdown initiated...
17:56:17:335  INFO 51576 --- [SpringApplicationShutdownHook] com.zaxxer.hikari.HikariDataSource       : HikariPool-1 - Shutdown completed.
17:56:36:946  INFO 55200 --- [main] com.hmall.trade.TradeApplication         : Starting TradeApplication using Java 17.0.17 on DESKTOP-GR78KPD with PID 55200 (D:\code\project\hmall\hmall\trade-service\target\classes started by Chen in D:\code\project\hmall\hmall)
17:56:36:947 DEBUG 55200 --- [main] com.hmall.trade.TradeApplication         : Running with Spring Boot v2.7.12, Spring v5.3.27
17:56:36:947  INFO 55200 --- [main] com.hmall.trade.TradeApplication         : The following 1 profile is active: "local"
17:56:37:836  INFO 55200 --- [main] o.s.cloud.context.scope.GenericScope     : BeanFactory id=681da489-fb6e-3bd4-83cd-8f4e3a07abbb
17:56:38:257  INFO 55200 --- [main] o.s.b.w.embedded.tomcat.TomcatWebServer  : Tomcat initialized with port(s): 8084 (http)
17:56:38:269  INFO 55200 --- [main] o.apache.catalina.core.StandardService   : Starting service [Tomcat]
17:56:38:269  INFO 55200 --- [main] org.apache.catalina.core.StandardEngine  : Starting Servlet engine: [Apache Tomcat/9.0.75]
17:56:38:388  INFO 55200 --- [main] o.a.c.c.C.[Tomcat].[localhost].[/]       : Initializing Spring embedded WebApplicationContext
17:56:38:388  INFO 55200 --- [main] w.s.c.ServletWebServerApplicationContext : Root WebApplicationContext: initialization completed in 1396 ms
17:56:38:564  INFO 55200 --- [main] o.s.c.openfeign.FeignClientFactoryBean   : For 'item-service' URL not provided. Will try picking an instance via load-balancing.
17:56:38:898  INFO 55200 --- [main] o.s.c.openfeign.FeignClientFactoryBean   : For 'cart-service' URL not provided. Will try picking an instance via load-balancing.
17:56:39:637  INFO 55200 --- [main] pertySourcedRequestMappingHandlerMapping : Mapped URL path [/v2/api-docs] onto method [springfox.documentation.swagger2.web.Swagger2ControllerWebMvc#getDocumentation(String, HttpServletRequest)]
17:56:40:096  INFO 55200 --- [main] com.alibaba.nacos.common.remote.client   : [RpcClientFactory] create a new rpc client of 8406c46b-aa02-433d-bcb0-b55b13f75d3a
17:56:40:166  INFO 55200 --- [main] org.reflections.Reflections              : Reflections took 29 ms to scan 1 urls, producing 3 keys and 6 values 
17:56:40:191  INFO 55200 --- [main] org.reflections.Reflections              : Reflections took 8 ms to scan 1 urls, producing 4 keys and 9 values 
17:56:40:202  INFO 55200 --- [main] org.reflections.Reflections              : Reflections took 8 ms to scan 1 urls, producing 3 keys and 10 values 
17:56:40:203  WARN 55200 --- [main] org.reflections.Reflections              : given scan urls are empty. set urls in the configuration
17:56:40:210  INFO 55200 --- [main] org.reflections.Reflections              : Reflections took 6 ms to scan 1 urls, producing 1 keys and 5 values 
17:56:40:218  INFO 55200 --- [main] org.reflections.Reflections              : Reflections took 6 ms to scan 1 urls, producing 1 keys and 7 values 
17:56:40:225  INFO 55200 --- [main] org.reflections.Reflections              : Reflections took 5 ms to scan 1 urls, producing 2 keys and 8 values 
17:56:40:227  WARN 55200 --- [main] org.reflections.Reflections              : given scan urls are empty. set urls in the configuration
17:56:40:227  INFO 55200 --- [main] com.alibaba.nacos.common.remote.client   : [8406c46b-aa02-433d-bcb0-b55b13f75d3a] RpcClient init label, labels = {module=naming, source=sdk}
17:56:40:230  INFO 55200 --- [main] com.alibaba.nacos.common.remote.client   : [8406c46b-aa02-433d-bcb0-b55b13f75d3a] RpcClient init, ServerListFactory = com.alibaba.nacos.client.naming.core.ServerListManager
17:56:40:230  INFO 55200 --- [main] com.alibaba.nacos.common.remote.client   : [8406c46b-aa02-433d-bcb0-b55b13f75d3a] Registry connection listener to current client:com.alibaba.nacos.client.naming.remote.gprc.redo.NamingGrpcRedoService
17:56:40:230  INFO 55200 --- [main] com.alibaba.nacos.common.remote.client   : [8406c46b-aa02-433d-bcb0-b55b13f75d3a] Register server push request handler:com.alibaba.nacos.client.naming.remote.gprc.NamingPushRequestHandler
17:56:40:232  INFO 55200 --- [main] com.alibaba.nacos.common.remote.client   : [8406c46b-aa02-433d-bcb0-b55b13f75d3a] Try to connect to server on start up, server: {serverIp = '192.168.100.131', server main port = 8848}
17:56:41:221  INFO 55200 --- [main] com.alibaba.nacos.common.remote.client   : [8406c46b-aa02-433d-bcb0-b55b13f75d3a] Success to connect to server [192.168.100.131:8848] on start up, connectionId = 1768989401837_192.168.100.1_3193
17:56:41:221  INFO 55200 --- [com.alibaba.nacos.client.remote.worker] com.alibaba.nacos.common.remote.client   : [8406c46b-aa02-433d-bcb0-b55b13f75d3a] Notify connected event to listeners.
17:56:41:222  INFO 55200 --- [main] com.alibaba.nacos.common.remote.client   : [8406c46b-aa02-433d-bcb0-b55b13f75d3a] Register server push request handler:com.alibaba.nacos.common.remote.client.RpcClient$ConnectResetRequestHandler
17:56:41:222  INFO 55200 --- [main] com.alibaba.nacos.common.remote.client   : [8406c46b-aa02-433d-bcb0-b55b13f75d3a] Register server push request handler:com.alibaba.nacos.common.remote.client.RpcClient$$Lambda$990/0x000001f5947d7b80
17:56:41:291  INFO 55200 --- [main] o.s.b.w.embedded.tomcat.TomcatWebServer  : Tomcat started on port(s): 8084 (http) with context path ''
17:56:41:305  INFO 55200 --- [main] c.a.c.n.registry.NacosServiceRegistry    : nacos registry, DEFAULT_GROUP trade-service 192.168.245.1:8084 register finished
17:56:41:559  INFO 55200 --- [main] d.s.w.p.DocumentationPluginsBootstrapper : Documentation plugins bootstrapped
17:56:41:563  INFO 55200 --- [main] d.s.w.p.DocumentationPluginsBootstrapper : Found 1 custom documentation plugin(s)
17:56:41:582  INFO 55200 --- [main] s.d.s.w.s.ApiListingReferenceScanner     : Scanning for api listing references
17:56:41:671  INFO 55200 --- [main] com.hmall.trade.TradeApplication         : Started TradeApplication in 5.402 seconds (JVM running for 6.045)
17:56:41:835  INFO 55200 --- [nacos-grpc-client-executor-10] com.alibaba.nacos.common.remote.client   : [8406c46b-aa02-433d-bcb0-b55b13f75d3a] Receive server push request, request = NotifySubscriberRequest, requestId = 117
17:56:41:849  INFO 55200 --- [nacos-grpc-client-executor-10] com.alibaba.nacos.common.remote.client   : [8406c46b-aa02-433d-bcb0-b55b13f75d3a] Ack server push request, request = NotifySubscriberRequest, requestId = 117
18:07:16:848  INFO 55200 --- [http-nio-8084-exec-2] o.a.c.c.C.[Tomcat].[localhost].[/]       : Initializing Spring DispatcherServlet 'dispatcherServlet'
18:07:16:848  INFO 55200 --- [http-nio-8084-exec-2] o.s.web.servlet.DispatcherServlet        : Initializing Servlet 'dispatcherServlet'
18:07:16:849  INFO 55200 --- [http-nio-8084-exec-2] o.s.web.servlet.DispatcherServlet        : Completed initialization in 1 ms
18:07:16:896  INFO 55200 --- [http-nio-8084-exec-2] com.zaxxer.hikari.HikariDataSource       : HikariPool-1 - Starting...
18:07:17:080  INFO 55200 --- [http-nio-8084-exec-2] com.zaxxer.hikari.HikariDataSource       : HikariPool-1 - Start completed.
18:07:17:093 DEBUG 55200 --- [http-nio-8084-exec-2] com.hmall.api.client.ItemClient          : [ItemClient#queryItemByIds] ---> GET http://item-service/items?ids=2120808&ids=14741770661 HTTP/1.1
18:07:17:093 DEBUG 55200 --- [http-nio-8084-exec-2] com.hmall.api.client.ItemClient          : [ItemClient#queryItemByIds] user-info: 1
18:07:17:093 DEBUG 55200 --- [http-nio-8084-exec-2] com.hmall.api.client.ItemClient          : [ItemClient#queryItemByIds] ---> END HTTP (0-byte body)
18:07:17:173 DEBUG 55200 --- [http-nio-8084-exec-2] com.hmall.api.client.ItemClient          : [ItemClient#queryItemByIds] <--- HTTP/1.1 200 (79ms)
18:07:17:173 DEBUG 55200 --- [http-nio-8084-exec-2] com.hmall.api.client.ItemClient          : [ItemClient#queryItemByIds] connection: keep-alive
18:07:17:173 DEBUG 55200 --- [http-nio-8084-exec-2] com.hmall.api.client.ItemClient          : [ItemClient#queryItemByIds] content-type: application/json
18:07:17:173 DEBUG 55200 --- [http-nio-8084-exec-2] com.hmall.api.client.ItemClient          : [ItemClient#queryItemByIds] date: Wed, 21 Jan 2026 10:07:17 GMT
18:07:17:173 DEBUG 55200 --- [http-nio-8084-exec-2] com.hmall.api.client.ItemClient          : [ItemClient#queryItemByIds] keep-alive: timeout=60
18:07:17:173 DEBUG 55200 --- [http-nio-8084-exec-2] com.hmall.api.client.ItemClient          : [ItemClient#queryItemByIds] transfer-encoding: chunked
18:07:17:173 DEBUG 55200 --- [http-nio-8084-exec-2] com.hmall.api.client.ItemClient          : [ItemClient#queryItemByIds] 
18:07:17:174 DEBUG 55200 --- [http-nio-8084-exec-2] com.hmall.api.client.ItemClient          : [ItemClient#queryItemByIds] [{"id":"2120808","name":"姬龙雪 guy laroche女包 GL经典手提包女牛皮大容量单肩包女欧美时尚包包女包GS1210001-06杏色","price":71800,"stock":1,"image":"https://m.360buyimg.com/mobilecms/s720x720_jfs/t30694/267/398774087/90954/6fc143cf/5bf25358N14dadbf7.jpg!q70.jpg.webp","category":"真皮包","brand":"姬龙雪","spec":"{}","sold":0,"commentCount":0,"isAD":false,"status":1},{"id":"14741770661","name":"康佳（KONKA） LED49UC3 49英寸超薄曲面36核4K HDR人工智能电视","price":144600,"stock":10000,"image":"https://m.360buyimg.com/mobilecms/s720x720_jfs/t16477/84/2032772431/400946/2887be91/5a912776N7e343ec3.jpg!q70.jpg.webp","category":"曲面电视","brand":"康佳","spec":"{}","sold":0,"commentCount":0,"isAD":false,"status":1}]
18:07:17:174 DEBUG 55200 --- [http-nio-8084-exec-2] com.hmall.api.client.ItemClient          : [ItemClient#queryItemByIds] <--- END HTTP (772-byte body)
18:07:17:215 DEBUG 55200 --- [http-nio-8084-exec-2] c.hmall.trade.mapper.OrderMapper.insert  : ==>  Preparing: INSERT INTO `order` ( id, total_fee, payment_type, user_id, status ) VALUES ( ?, ?, ?, ?, ? )
18:07:17:234 DEBUG 55200 --- [http-nio-8084-exec-2] c.hmall.trade.mapper.OrderMapper.insert  : ==> Parameters: 2013916299485188097(Long), 216400(Integer), 3(Integer), 1(Long), 1(Integer)
18:07:17:238 DEBUG 55200 --- [http-nio-8084-exec-2] c.hmall.trade.mapper.OrderMapper.insert  : <==    Updates: 1
18:07:17:247 DEBUG 55200 --- [http-nio-8084-exec-2] c.h.t.mapper.OrderDetailMapper.insert    : ==>  Preparing: INSERT INTO order_detail ( order_id, item_id, num, name, spec, price, image ) VALUES ( ?, ?, ?, ?, ?, ?, ? )
18:07:17:249 DEBUG 55200 --- [http-nio-8084-exec-2] c.h.t.mapper.OrderDetailMapper.insert    : ==> Parameters: 2013916299485188097(Long), 2120808(Long), 1(Integer), 姬龙雪 guy laroche女包 GL经典手提包女牛皮大容量单肩包女欧美时尚包包女包GS1210001-06杏色(String), {}(String), 71800(Integer), https://m.360buyimg.com/mobilecms/s720x720_jfs/t30694/267/398774087/90954/6fc143cf/5bf25358N14dadbf7.jpg!q70.jpg.webp(String)
18:07:17:249 DEBUG 55200 --- [http-nio-8084-exec-2] c.h.t.mapper.OrderDetailMapper.insert    : ==> Parameters: 2013916299485188097(Long), 14741770661(Long), 1(Integer), 康佳（KONKA） LED49UC3 49英寸超薄曲面36核4K HDR人工智能电视(String), {}(String), 144600(Integer), https://m.360buyimg.com/mobilecms/s720x720_jfs/t16477/84/2032772431/400946/2887be91/5a912776N7e343ec3.jpg!q70.jpg.webp(String)
18:07:17:262 DEBUG 55200 --- [http-nio-8084-exec-2] com.hmall.api.client.CartClient          : [CartClient#deleteCartItemByIds] ---> DELETE http://cart-service/carts?ids=2120808&ids=14741770661 HTTP/1.1
18:07:17:262 DEBUG 55200 --- [http-nio-8084-exec-2] com.hmall.api.client.CartClient          : [CartClient#deleteCartItemByIds] user-info: 1
18:07:17:263 DEBUG 55200 --- [http-nio-8084-exec-2] com.hmall.api.client.CartClient          : [CartClient#deleteCartItemByIds] ---> END HTTP (0-byte body)
18:07:17:295 DEBUG 55200 --- [http-nio-8084-exec-2] com.hmall.api.client.CartClient          : [CartClient#deleteCartItemByIds] <--- HTTP/1.1 200 (31ms)
18:07:17:295 DEBUG 55200 --- [http-nio-8084-exec-2] com.hmall.api.client.CartClient          : [CartClient#deleteCartItemByIds] connection: keep-alive
18:07:17:295 DEBUG 55200 --- [http-nio-8084-exec-2] com.hmall.api.client.CartClient          : [CartClient#deleteCartItemByIds] content-length: 0
18:07:17:295 DEBUG 55200 --- [http-nio-8084-exec-2] com.hmall.api.client.CartClient          : [CartClient#deleteCartItemByIds] date: Wed, 21 Jan 2026 10:07:17 GMT
18:07:17:295 DEBUG 55200 --- [http-nio-8084-exec-2] com.hmall.api.client.CartClient          : [CartClient#deleteCartItemByIds] keep-alive: timeout=60
18:07:17:296 DEBUG 55200 --- [http-nio-8084-exec-2] com.hmall.api.client.CartClient          : [CartClient#deleteCartItemByIds] 
18:07:17:296 DEBUG 55200 --- [http-nio-8084-exec-2] com.hmall.api.client.CartClient          : [CartClient#deleteCartItemByIds] <--- END HTTP (0-byte body)
18:07:17:419 DEBUG 55200 --- [http-nio-8084-exec-1] c.h.trade.mapper.OrderMapper.selectById  : ==>  Preparing: SELECT id,total_fee,payment_type,user_id,status,create_time,pay_time,consign_time,end_time,close_time,comment_time,update_time FROM `order` WHERE id=?
18:07:17:420 DEBUG 55200 --- [http-nio-8084-exec-1] c.h.trade.mapper.OrderMapper.selectById  : ==> Parameters: 2013916299485188097(Long)
18:07:17:433 DEBUG 55200 --- [http-nio-8084-exec-1] c.h.trade.mapper.OrderMapper.selectById  : <==      Total: 1
18:07:17:648  INFO 55200 --- [nacos-grpc-client-executor-145] com.alibaba.nacos.common.remote.client   : [8406c46b-aa02-433d-bcb0-b55b13f75d3a] Receive server push request, request = NotifySubscriberRequest, requestId = 128
18:07:17:649  INFO 55200 --- [nacos-grpc-client-executor-145] com.alibaba.nacos.common.remote.client   : [8406c46b-aa02-433d-bcb0-b55b13f75d3a] Ack server push request, request = NotifySubscriberRequest, requestId = 128
18:07:17:847  INFO 55200 --- [nacos-grpc-client-executor-146] com.alibaba.nacos.common.remote.client   : [8406c46b-aa02-433d-bcb0-b55b13f75d3a] Receive server push request, request = NotifySubscriberRequest, requestId = 129
18:07:17:848  INFO 55200 --- [nacos-grpc-client-executor-146] com.alibaba.nacos.common.remote.client   : [8406c46b-aa02-433d-bcb0-b55b13f75d3a] Ack server push request, request = NotifySubscriberRequest, requestId = 129
18:07:20:236 DEBUG 55200 --- [http-nio-8084-exec-4] c.h.trade.mapper.OrderMapper.updateById  : ==>  Preparing: UPDATE `order` SET status=?, pay_time=? WHERE id=?
18:07:20:238 DEBUG 55200 --- [http-nio-8084-exec-4] c.h.trade.mapper.OrderMapper.updateById  : ==> Parameters: 2(Integer), 2026-01-21T18:07:20.228607400(LocalDateTime), 2013916299485188097(Long)
18:07:20:242 DEBUG 55200 --- [http-nio-8084-exec-4] c.h.trade.mapper.OrderMapper.updateById  : <==    Updates: 1
18:07:20:336 DEBUG 55200 --- [http-nio-8084-exec-3] c.h.trade.mapper.OrderMapper.selectById  : ==>  Preparing: SELECT id,total_fee,payment_type,user_id,status,create_time,pay_time,consign_time,end_time,close_time,comment_time,update_time FROM `order` WHERE id=?
18:07:20:336 DEBUG 55200 --- [http-nio-8084-exec-3] c.h.trade.mapper.OrderMapper.selectById  : ==> Parameters: 2013916299485188097(Long)
18:07:20:338 DEBUG 55200 --- [http-nio-8084-exec-3] c.h.trade.mapper.OrderMapper.selectById  : <==      Total: 1
18:08:42:920  WARN 55200 --- [Thread-7] c.a.n.common.http.HttpClientBeanHolder   : [HttpClientBeanHolder] Start destroying common HttpClient
18:08:42:920  WARN 55200 --- [Thread-4] c.a.nacos.common.notify.NotifyCenter     : [NotifyCenter] Start destroying Publisher
18:08:42:921  WARN 55200 --- [Thread-4] c.a.nacos.common.notify.NotifyCenter     : [NotifyCenter] Destruction of the end
18:08:42:921  WARN 55200 --- [Thread-7] c.a.n.common.http.HttpClientBeanHolder   : [HttpClientBeanHolder] Destruction of the end
18:08:42:949  INFO 55200 --- [SpringApplicationShutdownHook] c.a.c.n.registry.NacosServiceRegistry    : De-registering from Nacos Server now...
18:08:42:953  INFO 55200 --- [SpringApplicationShutdownHook] c.a.c.n.registry.NacosServiceRegistry    : De-registration finished.
18:08:43:284  INFO 55200 --- [SpringApplicationShutdownHook] com.alibaba.nacos.common.remote.client   : Shutdown rpc client, set status to shutdown
18:08:43:284  INFO 55200 --- [SpringApplicationShutdownHook] com.alibaba.nacos.common.remote.client   : Shutdown client event executor java.util.concurrent.ScheduledThreadPoolExecutor@25ca5b12[Running, pool size = 2, active threads = 2, queued tasks = 0, completed tasks = 0]
18:08:43:284  INFO 55200 --- [SpringApplicationShutdownHook] com.alibaba.nacos.common.remote.client   : Close current connection 1768989401837_192.168.100.1_3193
18:08:43:286  INFO 55200 --- [nacos-grpc-client-executor-169] c.a.n.c.remote.client.grpc.GrpcClient    : [1768989401837_192.168.100.1_3193]Ignore complete event,isRunning:false,isAbandon=false
18:08:43:287  INFO 55200 --- [SpringApplicationShutdownHook] c.a.n.c.remote.client.grpc.GrpcClient    : Shutdown grpc executor java.util.concurrent.ThreadPoolExecutor@6eae404f[Running, pool size = 6, active threads = 0, queued tasks = 0, completed tasks = 170]
18:08:43:291  INFO 55200 --- [SpringApplicationShutdownHook] com.zaxxer.hikari.HikariDataSource       : HikariPool-1 - Shutdown initiated...
18:08:43:302  INFO 55200 --- [SpringApplicationShutdownHook] com.zaxxer.hikari.HikariDataSource       : HikariPool-1 - Shutdown completed.
19:04:44:472  INFO 48396 --- [main] com.hmall.trade.TradeApplication         : Starting TradeApplication using Java 17.0.17 on DESKTOP-GR78KPD with PID 48396 (D:\code\project\hmall\hmall\trade-service\target\classes started by Chen in D:\code\project\hmall\hmall)
19:04:44:472 DEBUG 48396 --- [main] com.hmall.trade.TradeApplication         : Running with Spring Boot v2.7.12, Spring v5.3.27
19:04:44:473  INFO 48396 --- [main] com.hmall.trade.TradeApplication         : The following 1 profile is active: "local"
19:04:45:588  INFO 48396 --- [main] o.s.cloud.context.scope.GenericScope     : BeanFactory id=681da489-fb6e-3bd4-83cd-8f4e3a07abbb
19:04:46:123  INFO 48396 --- [main] o.s.b.w.embedded.tomcat.TomcatWebServer  : Tomcat initialized with port(s): 8084 (http)
19:04:46:141  INFO 48396 --- [main] o.apache.catalina.core.StandardService   : Starting service [Tomcat]
19:04:46:141  INFO 48396 --- [main] org.apache.catalina.core.StandardEngine  : Starting Servlet engine: [Apache Tomcat/9.0.75]
19:04:46:308  INFO 48396 --- [main] o.a.c.c.C.[Tomcat].[localhost].[/]       : Initializing Spring embedded WebApplicationContext
19:04:46:308  INFO 48396 --- [main] w.s.c.ServletWebServerApplicationContext : Root WebApplicationContext: initialization completed in 1794 ms
19:04:46:542  INFO 48396 --- [main] o.s.c.openfeign.FeignClientFactoryBean   : For 'item-service' URL not provided. Will try picking an instance via load-balancing.
19:04:46:981  INFO 48396 --- [main] o.s.c.openfeign.FeignClientFactoryBean   : For 'cart-service' URL not provided. Will try picking an instance via load-balancing.
19:04:47:762  INFO 48396 --- [main] pertySourcedRequestMappingHandlerMapping : Mapped URL path [/v2/api-docs] onto method [springfox.documentation.swagger2.web.Swagger2ControllerWebMvc#getDocumentation(String, HttpServletRequest)]
19:04:48:222  INFO 48396 --- [main] com.alibaba.nacos.common.remote.client   : [RpcClientFactory] create a new rpc client of bef0b589-b3e6-4409-a082-7fca0f2a56d9
19:04:48:279  INFO 48396 --- [main] org.reflections.Reflections              : Reflections took 27 ms to scan 1 urls, producing 3 keys and 6 values 
19:04:48:300  INFO 48396 --- [main] org.reflections.Reflections              : Reflections took 8 ms to scan 1 urls, producing 4 keys and 9 values 
19:04:48:309  INFO 48396 --- [main] org.reflections.Reflections              : Reflections took 7 ms to scan 1 urls, producing 3 keys and 10 values 
19:04:48:310  WARN 48396 --- [main] org.reflections.Reflections              : given scan urls are empty. set urls in the configuration
19:04:48:316  INFO 48396 --- [main] org.reflections.Reflections              : Reflections took 4 ms to scan 1 urls, producing 1 keys and 5 values 
19:04:48:322  INFO 48396 --- [main] org.reflections.Reflections              : Reflections took 5 ms to scan 1 urls, producing 1 keys and 7 values 
19:04:48:332  INFO 48396 --- [main] org.reflections.Reflections              : Reflections took 7 ms to scan 1 urls, producing 2 keys and 8 values 
19:04:48:335  WARN 48396 --- [main] org.reflections.Reflections              : given scan urls are empty. set urls in the configuration
19:04:48:337  INFO 48396 --- [main] com.alibaba.nacos.common.remote.client   : [bef0b589-b3e6-4409-a082-7fca0f2a56d9] RpcClient init label, labels = {module=naming, source=sdk}
19:04:48:339  INFO 48396 --- [main] com.alibaba.nacos.common.remote.client   : [bef0b589-b3e6-4409-a082-7fca0f2a56d9] RpcClient init, ServerListFactory = com.alibaba.nacos.client.naming.core.ServerListManager
19:04:48:339  INFO 48396 --- [main] com.alibaba.nacos.common.remote.client   : [bef0b589-b3e6-4409-a082-7fca0f2a56d9] Registry connection listener to current client:com.alibaba.nacos.client.naming.remote.gprc.redo.NamingGrpcRedoService
19:04:48:340  INFO 48396 --- [main] com.alibaba.nacos.common.remote.client   : [bef0b589-b3e6-4409-a082-7fca0f2a56d9] Register server push request handler:com.alibaba.nacos.client.naming.remote.gprc.NamingPushRequestHandler
19:04:48:342  INFO 48396 --- [main] com.alibaba.nacos.common.remote.client   : [bef0b589-b3e6-4409-a082-7fca0f2a56d9] Try to connect to server on start up, server: {serverIp = '192.168.100.131', server main port = 8848}
19:04:49:437  INFO 48396 --- [main] com.alibaba.nacos.common.remote.client   : [bef0b589-b3e6-4409-a082-7fca0f2a56d9] Success to connect to server [192.168.100.131:8848] on start up, connectionId = 1768993490022_192.168.100.1_4604
19:04:49:437  INFO 48396 --- [com.alibaba.nacos.client.remote.worker] com.alibaba.nacos.common.remote.client   : [bef0b589-b3e6-4409-a082-7fca0f2a56d9] Notify connected event to listeners.
19:04:49:437  INFO 48396 --- [main] com.alibaba.nacos.common.remote.client   : [bef0b589-b3e6-4409-a082-7fca0f2a56d9] Register server push request handler:com.alibaba.nacos.common.remote.client.RpcClient$ConnectResetRequestHandler
19:04:49:437  INFO 48396 --- [main] com.alibaba.nacos.common.remote.client   : [bef0b589-b3e6-4409-a082-7fca0f2a56d9] Register server push request handler:com.alibaba.nacos.common.remote.client.RpcClient$$Lambda$990/0x0000020dd67c7758
19:04:49:492  INFO 48396 --- [main] o.s.b.w.embedded.tomcat.TomcatWebServer  : Tomcat started on port(s): 8084 (http) with context path ''
19:04:49:503  INFO 48396 --- [main] c.a.c.n.registry.NacosServiceRegistry    : nacos registry, DEFAULT_GROUP trade-service 192.168.245.1:8084 register finished
19:04:49:727  INFO 48396 --- [main] d.s.w.p.DocumentationPluginsBootstrapper : Documentation plugins bootstrapped
19:04:49:729  INFO 48396 --- [main] d.s.w.p.DocumentationPluginsBootstrapper : Found 1 custom documentation plugin(s)
19:04:49:750  INFO 48396 --- [main] s.d.s.w.s.ApiListingReferenceScanner     : Scanning for api listing references
19:04:49:833  INFO 48396 --- [main] com.hmall.trade.TradeApplication         : Started TradeApplication in 6.059 seconds (JVM running for 6.799)
19:04:50:056  INFO 48396 --- [nacos-grpc-client-executor-10] com.alibaba.nacos.common.remote.client   : [bef0b589-b3e6-4409-a082-7fca0f2a56d9] Receive server push request, request = NotifySubscriberRequest, requestId = 140
19:04:50:067  INFO 48396 --- [nacos-grpc-client-executor-10] com.alibaba.nacos.common.remote.client   : [bef0b589-b3e6-4409-a082-7fca0f2a56d9] Ack server push request, request = NotifySubscriberRequest, requestId = 140
19:58:55:745  WARN 48396 --- [Thread-4] c.a.nacos.common.notify.NotifyCenter     : [NotifyCenter] Start destroying Publisher
19:58:55:745  WARN 48396 --- [Thread-7] c.a.n.common.http.HttpClientBeanHolder   : [HttpClientBeanHolder] Start destroying common HttpClient
19:58:55:750  WARN 48396 --- [Thread-4] c.a.nacos.common.notify.NotifyCenter     : [NotifyCenter] Destruction of the end
19:58:55:752  WARN 48396 --- [Thread-7] c.a.n.common.http.HttpClientBeanHolder   : [HttpClientBeanHolder] Destruction of the end
19:58:55:870  INFO 48396 --- [SpringApplicationShutdownHook] c.a.c.n.registry.NacosServiceRegistry    : De-registering from Nacos Server now...
19:58:55:874  INFO 48396 --- [SpringApplicationShutdownHook] c.a.c.n.registry.NacosServiceRegistry    : De-registration finished.
19:58:56:199  INFO 48396 --- [SpringApplicationShutdownHook] com.alibaba.nacos.common.remote.client   : Shutdown rpc client, set status to shutdown
19:58:56:199  INFO 48396 --- [SpringApplicationShutdownHook] com.alibaba.nacos.common.remote.client   : Shutdown client event executor java.util.concurrent.ScheduledThreadPoolExecutor@257e5a52[Running, pool size = 2, active threads = 2, queued tasks = 0, completed tasks = 0]
19:58:56:199  INFO 48396 --- [SpringApplicationShutdownHook] com.alibaba.nacos.common.remote.client   : Close current connection 1768993490022_192.168.100.1_4604
19:58:56:201  INFO 48396 --- [nacos-grpc-client-executor-701] c.a.n.c.remote.client.grpc.GrpcClient    : [1768993490022_192.168.100.1_4604]Ignore complete event,isRunning:false,isAbandon=false
19:58:56:207  INFO 48396 --- [SpringApplicationShutdownHook] c.a.n.c.remote.client.grpc.GrpcClient    : Shutdown grpc executor java.util.concurrent.ThreadPoolExecutor@56ca6799[Running, pool size = 7, active threads = 0, queued tasks = 0, completed tasks = 702]
