14:45:07:529  INFO 42492 --- [main] com.hmall.user.UserApplication           : Starting UserApplication using Java 17.0.17 on DESKTOP-GR78KPD with PID 42492 (D:\code\project\hmall\hmall\user-service\target\classes started by Chen in D:\code\project\hmall\hmall)
14:45:07:533 DEBUG 42492 --- [main] com.hmall.user.UserApplication           : Running with Spring Boot v2.7.12, Spring v5.3.27
14:45:07:533  INFO 42492 --- [main] com.hmall.user.UserApplication           : The following 1 profile is active: "local"
14:45:08:551  INFO 42492 --- [main] o.s.cloud.context.scope.GenericScope     : BeanFactory id=cb6cefc0-bb89-3611-ae0f-df35870559d1
14:45:08:902  INFO 42492 --- [main] o.s.b.w.embedded.tomcat.TomcatWebServer  : Tomcat initialized with port(s): 8085 (http)
14:45:08:911  INFO 42492 --- [main] o.apache.catalina.core.StandardService   : Starting service [Tomcat]
14:45:08:911  INFO 42492 --- [main] org.apache.catalina.core.StandardEngine  : Starting Servlet engine: [Apache Tomcat/9.0.75]
14:45:09:016  INFO 42492 --- [main] o.a.c.c.C.[Tomcat].[localhost].[/]       : Initializing Spring embedded WebApplicationContext
14:45:09:016  INFO 42492 --- [main] w.s.c.ServletWebServerApplicationContext : Root WebApplicationContext: initialization completed in 1425 ms
14:45:10:175  INFO 42492 --- [main] pertySourcedRequestMappingHandlerMapping : Mapped URL path [/v2/api-docs] onto method [springfox.documentation.swagger2.web.Swagger2ControllerWebMvc#getDocumentation(String, HttpServletRequest)]
14:45:10:543  INFO 42492 --- [main] com.alibaba.nacos.common.remote.client   : [RpcClientFactory] create a new rpc client of c2bc2ec3-d1bf-43eb-b176-dc93ff4b8312
14:45:10:587  INFO 42492 --- [main] org.reflections.Reflections              : Reflections took 21 ms to scan 1 urls, producing 3 keys and 6 values 
14:45:10:612  INFO 42492 --- [main] org.reflections.Reflections              : Reflections took 11 ms to scan 1 urls, producing 4 keys and 9 values 
14:45:10:618  INFO 42492 --- [main] org.reflections.Reflections              : Reflections took 4 ms to scan 1 urls, producing 3 keys and 10 values 
14:45:10:620  WARN 42492 --- [main] org.reflections.Reflections              : given scan urls are empty. set urls in the configuration
14:45:10:624  INFO 42492 --- [main] org.reflections.Reflections              : Reflections took 4 ms to scan 1 urls, producing 1 keys and 5 values 
14:45:10:631  INFO 42492 --- [main] org.reflections.Reflections              : Reflections took 6 ms to scan 1 urls, producing 1 keys and 7 values 
14:45:10:636  INFO 42492 --- [main] org.reflections.Reflections              : Reflections took 3 ms to scan 1 urls, producing 2 keys and 8 values 
14:45:10:638  WARN 42492 --- [main] org.reflections.Reflections              : given scan urls are empty. set urls in the configuration
14:45:10:639  INFO 42492 --- [main] com.alibaba.nacos.common.remote.client   : [c2bc2ec3-d1bf-43eb-b176-dc93ff4b8312] RpcClient init label, labels = {module=naming, source=sdk}
14:45:10:640  INFO 42492 --- [main] com.alibaba.nacos.common.remote.client   : [c2bc2ec3-d1bf-43eb-b176-dc93ff4b8312] RpcClient init, ServerListFactory = com.alibaba.nacos.client.naming.core.ServerListManager
14:45:10:640  INFO 42492 --- [main] com.alibaba.nacos.common.remote.client   : [c2bc2ec3-d1bf-43eb-b176-dc93ff4b8312] Registry connection listener to current client:com.alibaba.nacos.client.naming.remote.gprc.redo.NamingGrpcRedoService
14:45:10:641  INFO 42492 --- [main] com.alibaba.nacos.common.remote.client   : [c2bc2ec3-d1bf-43eb-b176-dc93ff4b8312] Register server push request handler:com.alibaba.nacos.client.naming.remote.gprc.NamingPushRequestHandler
14:45:10:642  INFO 42492 --- [main] com.alibaba.nacos.common.remote.client   : [c2bc2ec3-d1bf-43eb-b176-dc93ff4b8312] Try to connect to server on start up, server: {serverIp = '192.168.100.131', server main port = 8848}
14:45:11:492  INFO 42492 --- [main] com.alibaba.nacos.common.remote.client   : [c2bc2ec3-d1bf-43eb-b176-dc93ff4b8312] Success to connect to server [192.168.100.131:8848] on start up, connectionId = 1769064311591_192.168.100.1_1671
14:45:11:492  INFO 42492 --- [com.alibaba.nacos.client.remote.worker] com.alibaba.nacos.common.remote.client   : [c2bc2ec3-d1bf-43eb-b176-dc93ff4b8312] Notify connected event to listeners.
14:45:11:493  INFO 42492 --- [main] com.alibaba.nacos.common.remote.client   : [c2bc2ec3-d1bf-43eb-b176-dc93ff4b8312] Register server push request handler:com.alibaba.nacos.common.remote.client.RpcClient$ConnectResetRequestHandler
14:45:11:494  INFO 42492 --- [main] com.alibaba.nacos.common.remote.client   : [c2bc2ec3-d1bf-43eb-b176-dc93ff4b8312] Register server push request handler:com.alibaba.nacos.common.remote.client.RpcClient$$Lambda$972/0x0000017d4d7fd8e0
14:45:11:547  INFO 42492 --- [main] o.s.b.w.embedded.tomcat.TomcatWebServer  : Tomcat started on port(s): 8085 (http) with context path ''
14:45:11:557  INFO 42492 --- [main] c.a.c.n.registry.NacosServiceRegistry    : nacos registry, DEFAULT_GROUP user-service 192.168.245.1:8085 register finished
14:45:11:770  INFO 42492 --- [main] d.s.w.p.DocumentationPluginsBootstrapper : Documentation plugins bootstrapped
14:45:11:772  INFO 42492 --- [main] d.s.w.p.DocumentationPluginsBootstrapper : Found 1 custom documentation plugin(s)
14:45:11:798  INFO 42492 --- [main] s.d.s.w.s.ApiListingReferenceScanner     : Scanning for api listing references
14:45:11:899  INFO 42492 --- [main] com.hmall.user.UserApplication           : Started UserApplication in 5.126 seconds (JVM running for 5.897)
14:45:12:033  INFO 42492 --- [nacos-grpc-client-executor-9] com.alibaba.nacos.common.remote.client   : [c2bc2ec3-d1bf-43eb-b176-dc93ff4b8312] Receive server push request, request = NotifySubscriberRequest, requestId = 13
14:45:12:044  INFO 42492 --- [nacos-grpc-client-executor-9] com.alibaba.nacos.common.remote.client   : [c2bc2ec3-d1bf-43eb-b176-dc93ff4b8312] Ack server push request, request = NotifySubscriberRequest, requestId = 13
14:45:36:092  INFO 42492 --- [http-nio-8085-exec-1] o.a.c.c.C.[Tomcat].[localhost].[/]       : Initializing Spring DispatcherServlet 'dispatcherServlet'
14:45:36:093  INFO 42492 --- [http-nio-8085-exec-1] o.s.web.servlet.DispatcherServlet        : Initializing Servlet 'dispatcherServlet'
14:45:36:094  INFO 42492 --- [http-nio-8085-exec-1] o.s.web.servlet.DispatcherServlet        : Completed initialization in 1 ms
14:45:36:236  WARN 42492 --- [http-nio-8085-exec-1] c.b.m.c.t.support.ReflectLambdaMeta      : Unable to make field private final java.lang.Class java.lang.invoke.SerializedLambda.capturingClass accessible: module java.base does not "opens java.lang.invoke" to unnamed module @2ef9b8bc
14:45:36:251  INFO 42492 --- [http-nio-8085-exec-1] com.zaxxer.hikari.HikariDataSource       : HikariPool-1 - Starting...
14:45:36:603  INFO 42492 --- [http-nio-8085-exec-1] com.zaxxer.hikari.HikariDataSource       : HikariPool-1 - Start completed.
14:45:36:611 DEBUG 42492 --- [http-nio-8085-exec-1] c.h.user.mapper.UserMapper.selectList    : ==>  Preparing: SELECT id,username,password,phone,create_time,update_time,status,balance FROM user WHERE (username = ?)
14:45:36:633 DEBUG 42492 --- [http-nio-8085-exec-1] c.h.user.mapper.UserMapper.selectList    : ==> Parameters: jack(String)
14:45:36:675 DEBUG 42492 --- [http-nio-8085-exec-1] c.h.user.mapper.UserMapper.selectList    : <==      Total: 1
15:16:12:488 DEBUG 42492 --- [http-nio-8085-exec-3] c.h.user.mapper.UserMapper.selectList    : ==>  Preparing: SELECT id,username,password,phone,create_time,update_time,status,balance FROM user WHERE (username = ?)
15:16:12:494 DEBUG 42492 --- [http-nio-8085-exec-3] c.h.user.mapper.UserMapper.selectList    : ==> Parameters: jack(String)
15:16:12:512 DEBUG 42492 --- [http-nio-8085-exec-3] c.h.user.mapper.UserMapper.selectList    : <==      Total: 1
16:22:12:104  WARN 42492 --- [Thread-4] c.a.nacos.common.notify.NotifyCenter     : [NotifyCenter] Start destroying Publisher
16:22:12:105  WARN 42492 --- [Thread-7] c.a.n.common.http.HttpClientBeanHolder   : [HttpClientBeanHolder] Start destroying common HttpClient
16:22:12:109  WARN 42492 --- [Thread-4] c.a.nacos.common.notify.NotifyCenter     : [NotifyCenter] Destruction of the end
16:22:12:122  WARN 42492 --- [Thread-7] c.a.n.common.http.HttpClientBeanHolder   : [HttpClientBeanHolder] Destruction of the end
16:22:12:311  INFO 42492 --- [SpringApplicationShutdownHook] c.a.c.n.registry.NacosServiceRegistry    : De-registering from Nacos Server now...
16:22:12:319  INFO 42492 --- [SpringApplicationShutdownHook] c.a.c.n.registry.NacosServiceRegistry    : De-registration finished.
16:22:12:644  INFO 42492 --- [SpringApplicationShutdownHook] com.alibaba.nacos.common.remote.client   : Shutdown rpc client, set status to shutdown
16:22:12:644  INFO 42492 --- [SpringApplicationShutdownHook] com.alibaba.nacos.common.remote.client   : Shutdown client event executor java.util.concurrent.ScheduledThreadPoolExecutor@35d0ac31[Running, pool size = 2, active threads = 2, queued tasks = 0, completed tasks = 0]
16:22:12:644  INFO 42492 --- [SpringApplicationShutdownHook] com.alibaba.nacos.common.remote.client   : Close current connection 1769064311591_192.168.100.1_1671
16:22:12:649  INFO 42492 --- [nacos-grpc-client-executor-1222] c.a.n.c.remote.client.grpc.GrpcClient    : [1769064311591_192.168.100.1_1671]Ignore complete event,isRunning:false,isAbandon=false
16:22:12:683  INFO 42492 --- [SpringApplicationShutdownHook] c.a.n.c.remote.client.grpc.GrpcClient    : Shutdown grpc executor java.util.concurrent.ThreadPoolExecutor@6ea0aaeb[Running, pool size = 5, active threads = 0, queued tasks = 0, completed tasks = 1223]
16:22:12:700  INFO 42492 --- [SpringApplicationShutdownHook] com.zaxxer.hikari.HikariDataSource       : HikariPool-1 - Shutdown initiated...
16:22:12:714  INFO 42492 --- [SpringApplicationShutdownHook] com.zaxxer.hikari.HikariDataSource       : HikariPool-1 - Shutdown completed.
16:32:30:447  INFO 59964 --- [main] com.hmall.user.UserApplication           : Starting UserApplication using Java 17.0.17 on DESKTOP-GR78KPD with PID 59964 (D:\code\project\hmall\hmall\user-service\target\classes started by Chen in D:\code\project\hmall\hmall)
16:32:30:448 DEBUG 59964 --- [main] com.hmall.user.UserApplication           : Running with Spring Boot v2.7.12, Spring v5.3.27
16:32:30:449  INFO 59964 --- [main] com.hmall.user.UserApplication           : The following 1 profile is active: "local"
16:32:31:511  INFO 59964 --- [main] o.s.cloud.context.scope.GenericScope     : BeanFactory id=cb6cefc0-bb89-3611-ae0f-df35870559d1
16:32:31:934  INFO 59964 --- [main] o.s.b.w.embedded.tomcat.TomcatWebServer  : Tomcat initialized with port(s): 8085 (http)
16:32:31:945  INFO 59964 --- [main] o.apache.catalina.core.StandardService   : Starting service [Tomcat]
16:32:31:945  INFO 59964 --- [main] org.apache.catalina.core.StandardEngine  : Starting Servlet engine: [Apache Tomcat/9.0.75]
16:32:32:060  INFO 59964 --- [main] o.a.c.c.C.[Tomcat].[localhost].[/]       : Initializing Spring embedded WebApplicationContext
16:32:32:060  INFO 59964 --- [main] w.s.c.ServletWebServerApplicationContext : Root WebApplicationContext: initialization completed in 1565 ms
16:32:33:631  INFO 59964 --- [main] pertySourcedRequestMappingHandlerMapping : Mapped URL path [/v2/api-docs] onto method [springfox.documentation.swagger2.web.Swagger2ControllerWebMvc#getDocumentation(String, HttpServletRequest)]
16:32:34:219  INFO 59964 --- [main] com.alibaba.nacos.common.remote.client   : [RpcClientFactory] create a new rpc client of 322005a9-20fe-4394-aed8-30b285275db2
16:32:34:284  INFO 59964 --- [main] org.reflections.Reflections              : Reflections took 29 ms to scan 1 urls, producing 3 keys and 6 values 
16:32:34:309  INFO 59964 --- [main] org.reflections.Reflections              : Reflections took 10 ms to scan 1 urls, producing 4 keys and 9 values 
16:32:34:318  INFO 59964 --- [main] org.reflections.Reflections              : Reflections took 6 ms to scan 1 urls, producing 3 keys and 10 values 
16:32:34:320  WARN 59964 --- [main] org.reflections.Reflections              : given scan urls are empty. set urls in the configuration
16:32:34:326  INFO 59964 --- [main] org.reflections.Reflections              : Reflections took 6 ms to scan 1 urls, producing 1 keys and 5 values 
16:32:34:335  INFO 59964 --- [main] org.reflections.Reflections              : Reflections took 8 ms to scan 1 urls, producing 1 keys and 7 values 
16:32:34:341  INFO 59964 --- [main] org.reflections.Reflections              : Reflections took 4 ms to scan 1 urls, producing 2 keys and 8 values 
16:32:34:343  WARN 59964 --- [main] org.reflections.Reflections              : given scan urls are empty. set urls in the configuration
16:32:34:344  INFO 59964 --- [main] com.alibaba.nacos.common.remote.client   : [322005a9-20fe-4394-aed8-30b285275db2] RpcClient init label, labels = {module=naming, source=sdk}
16:32:34:346  INFO 59964 --- [main] com.alibaba.nacos.common.remote.client   : [322005a9-20fe-4394-aed8-30b285275db2] RpcClient init, ServerListFactory = com.alibaba.nacos.client.naming.core.ServerListManager
16:32:34:346  INFO 59964 --- [main] com.alibaba.nacos.common.remote.client   : [322005a9-20fe-4394-aed8-30b285275db2] Registry connection listener to current client:com.alibaba.nacos.client.naming.remote.gprc.redo.NamingGrpcRedoService
16:32:34:346  INFO 59964 --- [main] com.alibaba.nacos.common.remote.client   : [322005a9-20fe-4394-aed8-30b285275db2] Register server push request handler:com.alibaba.nacos.client.naming.remote.gprc.NamingPushRequestHandler
16:32:34:348  INFO 59964 --- [main] com.alibaba.nacos.common.remote.client   : [322005a9-20fe-4394-aed8-30b285275db2] Try to connect to server on start up, server: {serverIp = '192.168.100.131', server main port = 8848}
16:32:35:354  INFO 59964 --- [main] com.alibaba.nacos.common.remote.client   : [322005a9-20fe-4394-aed8-30b285275db2] Success to connect to server [192.168.100.131:8848] on start up, connectionId = 1769070755451_192.168.100.1_4714
16:32:35:355  INFO 59964 --- [com.alibaba.nacos.client.remote.worker] com.alibaba.nacos.common.remote.client   : [322005a9-20fe-4394-aed8-30b285275db2] Notify connected event to listeners.
16:32:35:355  INFO 59964 --- [main] com.alibaba.nacos.common.remote.client   : [322005a9-20fe-4394-aed8-30b285275db2] Register server push request handler:com.alibaba.nacos.common.remote.client.RpcClient$ConnectResetRequestHandler
16:32:35:355  INFO 59964 --- [main] com.alibaba.nacos.common.remote.client   : [322005a9-20fe-4394-aed8-30b285275db2] Register server push request handler:com.alibaba.nacos.common.remote.client.RpcClient$$Lambda$972/0x00000178db831ed8
16:32:35:416  INFO 59964 --- [main] o.s.b.w.embedded.tomcat.TomcatWebServer  : Tomcat started on port(s): 8085 (http) with context path ''
16:32:35:429  INFO 59964 --- [main] c.a.c.n.registry.NacosServiceRegistry    : nacos registry, DEFAULT_GROUP user-service 192.168.245.1:8085 register finished
16:32:35:672  INFO 59964 --- [main] d.s.w.p.DocumentationPluginsBootstrapper : Documentation plugins bootstrapped
16:32:35:675  INFO 59964 --- [main] d.s.w.p.DocumentationPluginsBootstrapper : Found 1 custom documentation plugin(s)
16:32:35:695  INFO 59964 --- [main] s.d.s.w.s.ApiListingReferenceScanner     : Scanning for api listing references
16:32:35:808  INFO 59964 --- [main] com.hmall.user.UserApplication           : Started UserApplication in 6.099 seconds (JVM running for 6.792)
16:32:35:893  INFO 59964 --- [nacos-grpc-client-executor-10] com.alibaba.nacos.common.remote.client   : [322005a9-20fe-4394-aed8-30b285275db2] Receive server push request, request = NotifySubscriberRequest, requestId = 44
16:32:35:907  INFO 59964 --- [nacos-grpc-client-executor-10] com.alibaba.nacos.common.remote.client   : [322005a9-20fe-4394-aed8-30b285275db2] Ack server push request, request = NotifySubscriberRequest, requestId = 44
16:34:23:596  WARN 59964 --- [Thread-4] c.a.nacos.common.notify.NotifyCenter     : [NotifyCenter] Start destroying Publisher
16:34:23:596  WARN 59964 --- [Thread-7] c.a.n.common.http.HttpClientBeanHolder   : [HttpClientBeanHolder] Start destroying common HttpClient
16:34:23:596  WARN 59964 --- [Thread-4] c.a.nacos.common.notify.NotifyCenter     : [NotifyCenter] Destruction of the end
16:34:23:597  WARN 59964 --- [Thread-7] c.a.n.common.http.HttpClientBeanHolder   : [HttpClientBeanHolder] Destruction of the end
16:34:23:627  INFO 59964 --- [SpringApplicationShutdownHook] c.a.c.n.registry.NacosServiceRegistry    : De-registering from Nacos Server now...
16:34:23:632  INFO 59964 --- [SpringApplicationShutdownHook] c.a.c.n.registry.NacosServiceRegistry    : De-registration finished.
16:34:23:963  INFO 59964 --- [SpringApplicationShutdownHook] com.alibaba.nacos.common.remote.client   : Shutdown rpc client, set status to shutdown
16:34:23:963  INFO 59964 --- [SpringApplicationShutdownHook] com.alibaba.nacos.common.remote.client   : Shutdown client event executor java.util.concurrent.ScheduledThreadPoolExecutor@72ec4298[Running, pool size = 2, active threads = 2, queued tasks = 0, completed tasks = 0]
16:34:23:964  INFO 59964 --- [SpringApplicationShutdownHook] com.alibaba.nacos.common.remote.client   : Close current connection 1769070755451_192.168.100.1_4714
16:34:23:966  INFO 59964 --- [nacos-grpc-client-executor-40] c.a.n.c.remote.client.grpc.GrpcClient    : [1769070755451_192.168.100.1_4714]Ignore complete event,isRunning:false,isAbandon=false
16:34:23:968  INFO 59964 --- [SpringApplicationShutdownHook] c.a.n.c.remote.client.grpc.GrpcClient    : Shutdown grpc executor java.util.concurrent.ThreadPoolExecutor@191cd89c[Running, pool size = 5, active threads = 0, queued tasks = 0, completed tasks = 41]
16:40:01:205  INFO 51284 --- [main] com.hmall.user.UserApplication           : Starting UserApplication using Java 17.0.17 on DESKTOP-GR78KPD with PID 51284 (D:\code\project\hmall\hmall\user-service\target\classes started by Chen in D:\code\project\hmall\hmall)
16:40:01:206 DEBUG 51284 --- [main] com.hmall.user.UserApplication           : Running with Spring Boot v2.7.12, Spring v5.3.27
16:40:01:207  INFO 51284 --- [main] com.hmall.user.UserApplication           : The following 1 profile is active: "local"
16:40:02:102  INFO 51284 --- [main] o.s.cloud.context.scope.GenericScope     : BeanFactory id=cb6cefc0-bb89-3611-ae0f-df35870559d1
16:40:02:564  INFO 51284 --- [main] o.s.b.w.embedded.tomcat.TomcatWebServer  : Tomcat initialized with port(s): 8085 (http)
16:40:02:578  INFO 51284 --- [main] o.apache.catalina.core.StandardService   : Starting service [Tomcat]
16:40:02:580  INFO 51284 --- [main] org.apache.catalina.core.StandardEngine  : Starting Servlet engine: [Apache Tomcat/9.0.75]
16:40:02:764  INFO 51284 --- [main] o.a.c.c.C.[Tomcat].[localhost].[/]       : Initializing Spring embedded WebApplicationContext
16:40:02:764  INFO 51284 --- [main] w.s.c.ServletWebServerApplicationContext : Root WebApplicationContext: initialization completed in 1510 ms
16:40:04:199  INFO 51284 --- [main] pertySourcedRequestMappingHandlerMapping : Mapped URL path [/v2/api-docs] onto method [springfox.documentation.swagger2.web.Swagger2ControllerWebMvc#getDocumentation(String, HttpServletRequest)]
16:40:04:586  INFO 51284 --- [main] com.alibaba.nacos.common.remote.client   : [RpcClientFactory] create a new rpc client of 051a0a56-0b7a-4b00-9d66-6218bbc2fb5d
16:40:04:631  INFO 51284 --- [main] org.reflections.Reflections              : Reflections took 21 ms to scan 1 urls, producing 3 keys and 6 values 
16:40:04:651  INFO 51284 --- [main] org.reflections.Reflections              : Reflections took 8 ms to scan 1 urls, producing 4 keys and 9 values 
16:40:04:658  INFO 51284 --- [main] org.reflections.Reflections              : Reflections took 5 ms to scan 1 urls, producing 3 keys and 10 values 
16:40:04:659  WARN 51284 --- [main] org.reflections.Reflections              : given scan urls are empty. set urls in the configuration
16:40:04:663  INFO 51284 --- [main] org.reflections.Reflections              : Reflections took 3 ms to scan 1 urls, producing 1 keys and 5 values 
16:40:04:670  INFO 51284 --- [main] org.reflections.Reflections              : Reflections took 5 ms to scan 1 urls, producing 1 keys and 7 values 
16:40:04:676  INFO 51284 --- [main] org.reflections.Reflections              : Reflections took 4 ms to scan 1 urls, producing 2 keys and 8 values 
16:40:04:678  WARN 51284 --- [main] org.reflections.Reflections              : given scan urls are empty. set urls in the configuration
16:40:04:679  INFO 51284 --- [main] com.alibaba.nacos.common.remote.client   : [051a0a56-0b7a-4b00-9d66-6218bbc2fb5d] RpcClient init label, labels = {module=naming, source=sdk}
16:40:04:681  INFO 51284 --- [main] com.alibaba.nacos.common.remote.client   : [051a0a56-0b7a-4b00-9d66-6218bbc2fb5d] RpcClient init, ServerListFactory = com.alibaba.nacos.client.naming.core.ServerListManager
16:40:04:681  INFO 51284 --- [main] com.alibaba.nacos.common.remote.client   : [051a0a56-0b7a-4b00-9d66-6218bbc2fb5d] Registry connection listener to current client:com.alibaba.nacos.client.naming.remote.gprc.redo.NamingGrpcRedoService
16:40:04:681  INFO 51284 --- [main] com.alibaba.nacos.common.remote.client   : [051a0a56-0b7a-4b00-9d66-6218bbc2fb5d] Register server push request handler:com.alibaba.nacos.client.naming.remote.gprc.NamingPushRequestHandler
16:40:04:682  INFO 51284 --- [main] com.alibaba.nacos.common.remote.client   : [051a0a56-0b7a-4b00-9d66-6218bbc2fb5d] Try to connect to server on start up, server: {serverIp = '192.168.100.131', server main port = 8848}
16:40:05:558  INFO 51284 --- [main] com.alibaba.nacos.common.remote.client   : [051a0a56-0b7a-4b00-9d66-6218bbc2fb5d] Success to connect to server [192.168.100.131:8848] on start up, connectionId = 1769071205667_192.168.100.1_4743
16:40:05:558  INFO 51284 --- [com.alibaba.nacos.client.remote.worker] com.alibaba.nacos.common.remote.client   : [051a0a56-0b7a-4b00-9d66-6218bbc2fb5d] Notify connected event to listeners.
16:40:05:559  INFO 51284 --- [main] com.alibaba.nacos.common.remote.client   : [051a0a56-0b7a-4b00-9d66-6218bbc2fb5d] Register server push request handler:com.alibaba.nacos.common.remote.client.RpcClient$ConnectResetRequestHandler
16:40:05:559  INFO 51284 --- [main] com.alibaba.nacos.common.remote.client   : [051a0a56-0b7a-4b00-9d66-6218bbc2fb5d] Register server push request handler:com.alibaba.nacos.common.remote.client.RpcClient$$Lambda$972/0x000001de35832918
16:40:05:616  INFO 51284 --- [main] o.s.b.w.embedded.tomcat.TomcatWebServer  : Tomcat started on port(s): 8085 (http) with context path ''
16:40:05:630  INFO 51284 --- [main] c.a.c.n.registry.NacosServiceRegistry    : nacos registry, DEFAULT_GROUP user-service 192.168.245.1:8085 register finished
16:40:05:846  INFO 51284 --- [main] d.s.w.p.DocumentationPluginsBootstrapper : Documentation plugins bootstrapped
16:40:05:850  INFO 51284 --- [main] d.s.w.p.DocumentationPluginsBootstrapper : Found 1 custom documentation plugin(s)
16:40:05:866  INFO 51284 --- [main] s.d.s.w.s.ApiListingReferenceScanner     : Scanning for api listing references
16:40:05:951  INFO 51284 --- [main] com.hmall.user.UserApplication           : Started UserApplication in 5.47 seconds (JVM running for 6.268)
16:40:06:095  INFO 51284 --- [nacos-grpc-client-executor-10] com.alibaba.nacos.common.remote.client   : [051a0a56-0b7a-4b00-9d66-6218bbc2fb5d] Receive server push request, request = NotifySubscriberRequest, requestId = 52
16:40:06:106  INFO 51284 --- [nacos-grpc-client-executor-10] com.alibaba.nacos.common.remote.client   : [051a0a56-0b7a-4b00-9d66-6218bbc2fb5d] Ack server push request, request = NotifySubscriberRequest, requestId = 52
17:38:49:421  INFO 51284 --- [http-nio-8085-exec-1] o.a.c.c.C.[Tomcat].[localhost].[/]       : Initializing Spring DispatcherServlet 'dispatcherServlet'
17:38:49:426  INFO 51284 --- [http-nio-8085-exec-1] o.s.web.servlet.DispatcherServlet        : Initializing Servlet 'dispatcherServlet'
17:38:49:469  INFO 51284 --- [http-nio-8085-exec-1] o.s.web.servlet.DispatcherServlet        : Completed initialization in 43 ms
17:38:49:859  WARN 51284 --- [http-nio-8085-exec-1] c.b.m.c.t.support.ReflectLambdaMeta      : Unable to make field private final java.lang.Class java.lang.invoke.SerializedLambda.capturingClass accessible: module java.base does not "opens java.lang.invoke" to unnamed module @2ef9b8bc
17:38:49:877  INFO 51284 --- [http-nio-8085-exec-1] com.zaxxer.hikari.HikariDataSource       : HikariPool-1 - Starting...
17:38:50:350  INFO 51284 --- [http-nio-8085-exec-1] com.zaxxer.hikari.HikariDataSource       : HikariPool-1 - Start completed.
17:38:50:357 DEBUG 51284 --- [http-nio-8085-exec-1] c.h.user.mapper.UserMapper.selectList    : ==>  Preparing: SELECT id,username,password,phone,create_time,update_time,status,balance FROM user WHERE (username = ?)
17:38:50:378 DEBUG 51284 --- [http-nio-8085-exec-1] c.h.user.mapper.UserMapper.selectList    : ==> Parameters: jack(String)
17:38:50:780 DEBUG 51284 --- [http-nio-8085-exec-1] c.h.user.mapper.UserMapper.selectList    : <==      Total: 1
17:38:51:840 DEBUG 51284 --- [http-nio-8085-exec-2] c.h.user.mapper.UserMapper.selectList    : ==>  Preparing: SELECT id,username,password,phone,create_time,update_time,status,balance FROM user WHERE (username = ?)
17:38:51:840 DEBUG 51284 --- [http-nio-8085-exec-2] c.h.user.mapper.UserMapper.selectList    : ==> Parameters: jack(String)
17:38:51:841 DEBUG 51284 --- [http-nio-8085-exec-2] c.h.user.mapper.UserMapper.selectList    : <==      Total: 1
17:39:12:888 DEBUG 51284 --- [http-nio-8085-exec-3] c.h.u.mapper.AddressMapper.selectList    : ==>  Preparing: SELECT id,user_id,province,city,town,mobile,street,contact,is_default,notes FROM address WHERE (user_id = ?)
17:39:12:889 DEBUG 51284 --- [http-nio-8085-exec-3] c.h.u.mapper.AddressMapper.selectList    : ==> Parameters: 1(Long)
17:39:12:960 DEBUG 51284 --- [http-nio-8085-exec-3] c.h.u.mapper.AddressMapper.selectList    : <==      Total: 4
17:40:56:840 DEBUG 51284 --- [http-nio-8085-exec-5] c.h.u.mapper.AddressMapper.selectList    : ==>  Preparing: SELECT id,user_id,province,city,town,mobile,street,contact,is_default,notes FROM address WHERE (user_id = ?)
17:40:56:840 DEBUG 51284 --- [http-nio-8085-exec-5] c.h.u.mapper.AddressMapper.selectList    : ==> Parameters: 1(Long)
17:40:56:842 DEBUG 51284 --- [http-nio-8085-exec-5] c.h.u.mapper.AddressMapper.selectList    : <==      Total: 4
17:50:06:225 DEBUG 51284 --- [http-nio-8085-exec-6] c.h.u.mapper.AddressMapper.selectList    : ==>  Preparing: SELECT id,user_id,province,city,town,mobile,street,contact,is_default,notes FROM address WHERE (user_id = ?)
17:50:06:225 DEBUG 51284 --- [http-nio-8085-exec-6] c.h.u.mapper.AddressMapper.selectList    : ==> Parameters: 1(Long)
17:50:06:228 DEBUG 51284 --- [http-nio-8085-exec-6] c.h.u.mapper.AddressMapper.selectList    : <==      Total: 4
17:51:11:916 DEBUG 51284 --- [http-nio-8085-exec-9] c.h.u.mapper.AddressMapper.selectList    : ==>  Preparing: SELECT id,user_id,province,city,town,mobile,street,contact,is_default,notes FROM address WHERE (user_id = ?)
17:51:11:916 DEBUG 51284 --- [http-nio-8085-exec-9] c.h.u.mapper.AddressMapper.selectList    : ==> Parameters: 1(Long)
17:51:11:922 DEBUG 51284 --- [http-nio-8085-exec-9] c.h.u.mapper.AddressMapper.selectList    : <==      Total: 4
17:55:22:341  INFO 51284 --- [com.alibaba.nacos.client.remote.worker] com.alibaba.nacos.common.remote.client   : [051a0a56-0b7a-4b00-9d66-6218bbc2fb5d] Server healthy check fail, currentConnection = 1769071205667_192.168.100.1_4743
17:55:22:344  INFO 51284 --- [com.alibaba.nacos.client.remote.worker] com.alibaba.nacos.common.remote.client   : [051a0a56-0b7a-4b00-9d66-6218bbc2fb5d] Try to reconnect to a new server, server is  not appointed, will choose a random server.
17:55:25:528 ERROR 51284 --- [com.alibaba.nacos.client.remote.worker] c.a.n.c.remote.client.grpc.GrpcClient    : Server check fail, please check server 192.168.100.131 ,port 9848 is available , error ={}

java.util.concurrent.TimeoutException: Waited 3000 milliseconds (plus 14 milliseconds, 588100 nanoseconds delay) for com.alibaba.nacos.shaded.io.grpc.stub.ClientCalls$GrpcFuture@4b0fa2d9[status=PENDING, info=[GrpcFuture{clientCall={delegate={delegate=ClientCallImpl{method=MethodDescriptor{fullMethodName=Request/request, type=UNARY, idempotent=false, safe=false, sampledToLocalTracing=true, requestMarshaller=com.alibaba.nacos.shaded.io.grpc.protobuf.lite.ProtoLiteUtils$MessageMarshaller@6bc9c727, responseMarshaller=com.alibaba.nacos.shaded.io.grpc.protobuf.lite.ProtoLiteUtils$MessageMarshaller@60c75ea, schemaDescriptor=com.alibaba.nacos.api.grpc.auto.RequestGrpc$RequestMethodDescriptorSupplier@3b15e4bb}}}}}]]
	at com.alibaba.nacos.shaded.com.google.common.util.concurrent.AbstractFuture.get(AbstractFuture.java:508) ~[nacos-client-2.0.4.jar:na]
	at com.alibaba.nacos.common.remote.client.grpc.GrpcClient.serverCheck(GrpcClient.java:148) ~[nacos-client-2.0.4.jar:na]
	at com.alibaba.nacos.common.remote.client.grpc.GrpcClient.connectToServer(GrpcClient.java:264) ~[nacos-client-2.0.4.jar:na]
	at com.alibaba.nacos.common.remote.client.RpcClient.reconnect(RpcClient.java:522) ~[nacos-client-2.0.4.jar:na]
	at com.alibaba.nacos.common.remote.client.RpcClient.lambda$start$2(RpcClient.java:370) ~[nacos-client-2.0.4.jar:na]
	at java.base/java.util.concurrent.Executors$RunnableAdapter.call(Executors.java:539) ~[na:na]
	at java.base/java.util.concurrent.FutureTask.run$$$capture(FutureTask.java:264) ~[na:na]
	at java.base/java.util.concurrent.FutureTask.run(FutureTask.java) ~[na:na]
	at java.base/java.util.concurrent.ScheduledThreadPoolExecutor$ScheduledFutureTask.run(ScheduledThreadPoolExecutor.java:304) ~[na:na]
	at java.base/java.util.concurrent.ThreadPoolExecutor.runWorker(ThreadPoolExecutor.java:1136) ~[na:na]
	at java.base/java.util.concurrent.ThreadPoolExecutor$Worker.run(ThreadPoolExecutor.java:635) ~[na:na]
	at java.base/java.lang.Thread.run(Thread.java:842) ~[na:na]

17:55:28:658 ERROR 51284 --- [com.alibaba.nacos.client.remote.worker] c.a.n.c.remote.client.grpc.GrpcClient    : Server check fail, please check server 192.168.100.131 ,port 9848 is available , error ={}

java.util.concurrent.TimeoutException: Waited 3000 milliseconds (plus 13 milliseconds, 952000 nanoseconds delay) for com.alibaba.nacos.shaded.io.grpc.stub.ClientCalls$GrpcFuture@6e380d9a[status=PENDING, info=[GrpcFuture{clientCall={delegate={delegate=ClientCallImpl{method=MethodDescriptor{fullMethodName=Request/request, type=UNARY, idempotent=false, safe=false, sampledToLocalTracing=true, requestMarshaller=com.alibaba.nacos.shaded.io.grpc.protobuf.lite.ProtoLiteUtils$MessageMarshaller@6bc9c727, responseMarshaller=com.alibaba.nacos.shaded.io.grpc.protobuf.lite.ProtoLiteUtils$MessageMarshaller@60c75ea, schemaDescriptor=com.alibaba.nacos.api.grpc.auto.RequestGrpc$RequestMethodDescriptorSupplier@3b15e4bb}}}}}]]
	at com.alibaba.nacos.shaded.com.google.common.util.concurrent.AbstractFuture.get(AbstractFuture.java:508) ~[nacos-client-2.0.4.jar:na]
	at com.alibaba.nacos.common.remote.client.grpc.GrpcClient.serverCheck(GrpcClient.java:148) ~[nacos-client-2.0.4.jar:na]
	at com.alibaba.nacos.common.remote.client.grpc.GrpcClient.connectToServer(GrpcClient.java:264) ~[nacos-client-2.0.4.jar:na]
	at com.alibaba.nacos.common.remote.client.RpcClient.reconnect(RpcClient.java:522) ~[nacos-client-2.0.4.jar:na]
	at com.alibaba.nacos.common.remote.client.RpcClient.lambda$start$2(RpcClient.java:370) ~[nacos-client-2.0.4.jar:na]
	at java.base/java.util.concurrent.Executors$RunnableAdapter.call(Executors.java:539) ~[na:na]
	at java.base/java.util.concurrent.FutureTask.run$$$capture(FutureTask.java:264) ~[na:na]
	at java.base/java.util.concurrent.FutureTask.run(FutureTask.java) ~[na:na]
	at java.base/java.util.concurrent.ScheduledThreadPoolExecutor$ScheduledFutureTask.run(ScheduledThreadPoolExecutor.java:304) ~[na:na]
	at java.base/java.util.concurrent.ThreadPoolExecutor.runWorker(ThreadPoolExecutor.java:1136) ~[na:na]
	at java.base/java.util.concurrent.ThreadPoolExecutor$Worker.run(ThreadPoolExecutor.java:635) ~[na:na]
	at java.base/java.lang.Thread.run(Thread.java:842) ~[na:na]

17:55:28:662  INFO 51284 --- [com.alibaba.nacos.client.remote.worker] com.alibaba.nacos.common.remote.client   : [051a0a56-0b7a-4b00-9d66-6218bbc2fb5d] Fail to connect server, after trying 1 times, last try server is {serverIp = '192.168.100.131', server main port = 8848}, error = unknown
17:55:31:880 ERROR 51284 --- [com.alibaba.nacos.client.remote.worker] c.a.n.c.remote.client.grpc.GrpcClient    : Server check fail, please check server 192.168.100.131 ,port 9848 is available , error ={}

java.util.concurrent.TimeoutException: Waited 3000 milliseconds (plus 3 milliseconds, 671800 nanoseconds delay) for com.alibaba.nacos.shaded.io.grpc.stub.ClientCalls$GrpcFuture@2f4dcb19[status=PENDING, info=[GrpcFuture{clientCall={delegate={delegate=ClientCallImpl{method=MethodDescriptor{fullMethodName=Request/request, type=UNARY, idempotent=false, safe=false, sampledToLocalTracing=true, requestMarshaller=com.alibaba.nacos.shaded.io.grpc.protobuf.lite.ProtoLiteUtils$MessageMarshaller@6bc9c727, responseMarshaller=com.alibaba.nacos.shaded.io.grpc.protobuf.lite.ProtoLiteUtils$MessageMarshaller@60c75ea, schemaDescriptor=com.alibaba.nacos.api.grpc.auto.RequestGrpc$RequestMethodDescriptorSupplier@3b15e4bb}}}}}]]
	at com.alibaba.nacos.shaded.com.google.common.util.concurrent.AbstractFuture.get(AbstractFuture.java:508) ~[nacos-client-2.0.4.jar:na]
	at com.alibaba.nacos.common.remote.client.grpc.GrpcClient.serverCheck(GrpcClient.java:148) ~[nacos-client-2.0.4.jar:na]
	at com.alibaba.nacos.common.remote.client.grpc.GrpcClient.connectToServer(GrpcClient.java:264) ~[nacos-client-2.0.4.jar:na]
	at com.alibaba.nacos.common.remote.client.RpcClient.reconnect(RpcClient.java:522) ~[nacos-client-2.0.4.jar:na]
	at com.alibaba.nacos.common.remote.client.RpcClient.lambda$start$2(RpcClient.java:370) ~[nacos-client-2.0.4.jar:na]
	at java.base/java.util.concurrent.Executors$RunnableAdapter.call(Executors.java:539) ~[na:na]
	at java.base/java.util.concurrent.FutureTask.run$$$capture(FutureTask.java:264) ~[na:na]
	at java.base/java.util.concurrent.FutureTask.run(FutureTask.java) ~[na:na]
	at java.base/java.util.concurrent.ScheduledThreadPoolExecutor$ScheduledFutureTask.run(ScheduledThreadPoolExecutor.java:304) ~[na:na]
	at java.base/java.util.concurrent.ThreadPoolExecutor.runWorker(ThreadPoolExecutor.java:1136) ~[na:na]
	at java.base/java.util.concurrent.ThreadPoolExecutor$Worker.run(ThreadPoolExecutor.java:635) ~[na:na]
	at java.base/java.lang.Thread.run(Thread.java:842) ~[na:na]

17:55:31:881  INFO 51284 --- [com.alibaba.nacos.client.remote.worker] com.alibaba.nacos.common.remote.client   : [051a0a56-0b7a-4b00-9d66-6218bbc2fb5d] Fail to connect server, after trying 2 times, last try server is {serverIp = '192.168.100.131', server main port = 8848}, error = unknown
17:55:33:329  INFO 51284 --- [com.alibaba.nacos.client.remote.worker] com.alibaba.nacos.common.remote.client   : [051a0a56-0b7a-4b00-9d66-6218bbc2fb5d] Success to connect a server [192.168.100.131:8848], connectionId = 1769075733510_192.168.100.1_3222
17:55:33:329  INFO 51284 --- [com.alibaba.nacos.client.remote.worker] com.alibaba.nacos.common.remote.client   : [051a0a56-0b7a-4b00-9d66-6218bbc2fb5d] Abandon prev connection, server is 192.168.100.131:8848, connectionId is 1769071205667_192.168.100.1_4743
17:55:33:329  INFO 51284 --- [com.alibaba.nacos.client.remote.worker] com.alibaba.nacos.common.remote.client   : Close current connection 1769071205667_192.168.100.1_4743
17:55:33:329  WARN 51284 --- [nacos-grpc-client-executor-967] c.a.n.c.remote.client.grpc.GrpcClient    : [1769071205667_192.168.100.1_4743]Ignore error event,isRunning:true,isAbandon=true
17:55:33:332  INFO 51284 --- [com.alibaba.nacos.client.remote.worker] com.alibaba.nacos.common.remote.client   : [051a0a56-0b7a-4b00-9d66-6218bbc2fb5d] Notify disconnected event to listeners
17:55:33:337  INFO 51284 --- [com.alibaba.nacos.client.remote.worker] com.alibaba.nacos.common.remote.client   : [051a0a56-0b7a-4b00-9d66-6218bbc2fb5d] Notify connected event to listeners.
17:55:33:856  INFO 51284 --- [nacos-grpc-client-executor-971] com.alibaba.nacos.common.remote.client   : [051a0a56-0b7a-4b00-9d66-6218bbc2fb5d] Receive server push request, request = NotifySubscriberRequest, requestId = 97
17:55:33:856  INFO 51284 --- [nacos-grpc-client-executor-971] com.alibaba.nacos.common.remote.client   : [051a0a56-0b7a-4b00-9d66-6218bbc2fb5d] Ack server push request, request = NotifySubscriberRequest, requestId = 97
18:46:17:743  WARN 51284 --- [Thread-4] c.a.nacos.common.notify.NotifyCenter     : [NotifyCenter] Start destroying Publisher
18:46:17:743  WARN 51284 --- [Thread-7] c.a.n.common.http.HttpClientBeanHolder   : [HttpClientBeanHolder] Start destroying common HttpClient
18:46:17:749  WARN 51284 --- [Thread-4] c.a.nacos.common.notify.NotifyCenter     : [NotifyCenter] Destruction of the end
18:46:17:755  WARN 51284 --- [Thread-7] c.a.n.common.http.HttpClientBeanHolder   : [HttpClientBeanHolder] Destruction of the end
18:46:17:845  INFO 51284 --- [SpringApplicationShutdownHook] c.a.c.n.registry.NacosServiceRegistry    : De-registering from Nacos Server now...
18:46:17:853  INFO 51284 --- [SpringApplicationShutdownHook] c.a.c.n.registry.NacosServiceRegistry    : De-registration finished.
18:46:18:191  INFO 51284 --- [SpringApplicationShutdownHook] com.alibaba.nacos.common.remote.client   : Shutdown rpc client, set status to shutdown
18:46:18:191  INFO 51284 --- [SpringApplicationShutdownHook] com.alibaba.nacos.common.remote.client   : Shutdown client event executor java.util.concurrent.ScheduledThreadPoolExecutor@3e8ec152[Running, pool size = 2, active threads = 2, queued tasks = 0, completed tasks = 0]
18:46:18:191  INFO 51284 --- [SpringApplicationShutdownHook] com.alibaba.nacos.common.remote.client   : Close current connection 1769075733510_192.168.100.1_3222
18:46:18:194  INFO 51284 --- [nacos-grpc-client-executor-1601] c.a.n.c.remote.client.grpc.GrpcClient    : [1769075733510_192.168.100.1_3222]Ignore complete event,isRunning:false,isAbandon=false
18:46:18:195  INFO 51284 --- [SpringApplicationShutdownHook] c.a.n.c.remote.client.grpc.GrpcClient    : Shutdown grpc executor java.util.concurrent.ThreadPoolExecutor@28dd2e05[Running, pool size = 4, active threads = 0, queued tasks = 0, completed tasks = 1602]
18:46:18:201  INFO 51284 --- [SpringApplicationShutdownHook] com.zaxxer.hikari.HikariDataSource       : HikariPool-1 - Shutdown initiated...
18:46:18:211  INFO 51284 --- [SpringApplicationShutdownHook] com.zaxxer.hikari.HikariDataSource       : HikariPool-1 - Shutdown completed.
18:46:21:091  INFO 67320 --- [main] com.hmall.user.UserApplication           : Starting UserApplication using Java 17.0.17 on DESKTOP-GR78KPD with PID 67320 (D:\code\project\hmall\hmall\user-service\target\classes started by Chen in D:\code\project\hmall\hmall)
18:46:21:092 DEBUG 67320 --- [main] com.hmall.user.UserApplication           : Running with Spring Boot v2.7.12, Spring v5.3.27
18:46:21:093  INFO 67320 --- [main] com.hmall.user.UserApplication           : The following 1 profile is active: "local"
18:46:22:097  INFO 67320 --- [main] o.s.cloud.context.scope.GenericScope     : BeanFactory id=cb6cefc0-bb89-3611-ae0f-df35870559d1
18:46:22:505  INFO 67320 --- [main] o.s.b.w.embedded.tomcat.TomcatWebServer  : Tomcat initialized with port(s): 8085 (http)
18:46:22:514  INFO 67320 --- [main] o.apache.catalina.core.StandardService   : Starting service [Tomcat]
18:46:22:514  INFO 67320 --- [main] org.apache.catalina.core.StandardEngine  : Starting Servlet engine: [Apache Tomcat/9.0.75]
18:46:22:674  INFO 67320 --- [main] o.a.c.c.C.[Tomcat].[localhost].[/]       : Initializing Spring embedded WebApplicationContext
18:46:22:674  INFO 67320 --- [main] w.s.c.ServletWebServerApplicationContext : Root WebApplicationContext: initialization completed in 1540 ms
18:46:24:407  INFO 67320 --- [main] pertySourcedRequestMappingHandlerMapping : Mapped URL path [/v2/api-docs] onto method [springfox.documentation.swagger2.web.Swagger2ControllerWebMvc#getDocumentation(String, HttpServletRequest)]
18:46:25:009  INFO 67320 --- [main] com.alibaba.nacos.common.remote.client   : [RpcClientFactory] create a new rpc client of 4309a169-5ce6-4378-9de4-ff1b23634c80
18:46:25:086  INFO 67320 --- [main] org.reflections.Reflections              : Reflections took 33 ms to scan 1 urls, producing 3 keys and 6 values 
18:46:25:111  INFO 67320 --- [main] org.reflections.Reflections              : Reflections took 8 ms to scan 1 urls, producing 4 keys and 9 values 
18:46:25:117  INFO 67320 --- [main] org.reflections.Reflections              : Reflections took 4 ms to scan 1 urls, producing 3 keys and 10 values 
18:46:25:122  WARN 67320 --- [main] org.reflections.Reflections              : given scan urls are empty. set urls in the configuration
18:46:25:128  INFO 67320 --- [main] org.reflections.Reflections              : Reflections took 3 ms to scan 1 urls, producing 1 keys and 5 values 
18:46:25:135  INFO 67320 --- [main] org.reflections.Reflections              : Reflections took 5 ms to scan 1 urls, producing 1 keys and 7 values 
18:46:25:144  INFO 67320 --- [main] org.reflections.Reflections              : Reflections took 5 ms to scan 1 urls, producing 2 keys and 8 values 
18:46:25:145  WARN 67320 --- [main] org.reflections.Reflections              : given scan urls are empty. set urls in the configuration
18:46:25:146  INFO 67320 --- [main] com.alibaba.nacos.common.remote.client   : [4309a169-5ce6-4378-9de4-ff1b23634c80] RpcClient init label, labels = {module=naming, source=sdk}
18:46:25:147  INFO 67320 --- [main] com.alibaba.nacos.common.remote.client   : [4309a169-5ce6-4378-9de4-ff1b23634c80] RpcClient init, ServerListFactory = com.alibaba.nacos.client.naming.core.ServerListManager
18:46:25:148  INFO 67320 --- [main] com.alibaba.nacos.common.remote.client   : [4309a169-5ce6-4378-9de4-ff1b23634c80] Registry connection listener to current client:com.alibaba.nacos.client.naming.remote.gprc.redo.NamingGrpcRedoService
18:46:25:148  INFO 67320 --- [main] com.alibaba.nacos.common.remote.client   : [4309a169-5ce6-4378-9de4-ff1b23634c80] Register server push request handler:com.alibaba.nacos.client.naming.remote.gprc.NamingPushRequestHandler
18:46:25:150  INFO 67320 --- [main] com.alibaba.nacos.common.remote.client   : [4309a169-5ce6-4378-9de4-ff1b23634c80] Try to connect to server on start up, server: {serverIp = '192.168.100.131', server main port = 8848}
18:46:26:425  INFO 67320 --- [main] com.alibaba.nacos.common.remote.client   : [4309a169-5ce6-4378-9de4-ff1b23634c80] Success to connect to server [192.168.100.131:8848] on start up, connectionId = 1769078786491_192.168.100.1_12136
18:46:26:426  INFO 67320 --- [com.alibaba.nacos.client.remote.worker] com.alibaba.nacos.common.remote.client   : [4309a169-5ce6-4378-9de4-ff1b23634c80] Notify connected event to listeners.
18:46:26:426  INFO 67320 --- [main] com.alibaba.nacos.common.remote.client   : [4309a169-5ce6-4378-9de4-ff1b23634c80] Register server push request handler:com.alibaba.nacos.common.remote.client.RpcClient$ConnectResetRequestHandler
18:46:26:426  INFO 67320 --- [main] com.alibaba.nacos.common.remote.client   : [4309a169-5ce6-4378-9de4-ff1b23634c80] Register server push request handler:com.alibaba.nacos.common.remote.client.RpcClient$$Lambda$972/0x0000020f81832710
18:46:26:509  INFO 67320 --- [main] o.s.b.w.embedded.tomcat.TomcatWebServer  : Tomcat started on port(s): 8085 (http) with context path ''
18:46:26:526  INFO 67320 --- [main] c.a.c.n.registry.NacosServiceRegistry    : nacos registry, DEFAULT_GROUP user-service 192.168.245.1:8085 register finished
18:46:26:782  INFO 67320 --- [main] d.s.w.p.DocumentationPluginsBootstrapper : Documentation plugins bootstrapped
18:46:26:787  INFO 67320 --- [main] d.s.w.p.DocumentationPluginsBootstrapper : Found 1 custom documentation plugin(s)
18:46:26:821  INFO 67320 --- [main] s.d.s.w.s.ApiListingReferenceScanner     : Scanning for api listing references
18:46:26:992  INFO 67320 --- [main] com.hmall.user.UserApplication           : Started UserApplication in 6.62 seconds (JVM running for 7.331)
18:46:27:042  INFO 67320 --- [nacos-grpc-client-executor-10] com.alibaba.nacos.common.remote.client   : [4309a169-5ce6-4378-9de4-ff1b23634c80] Receive server push request, request = NotifySubscriberRequest, requestId = 115
18:46:27:058  INFO 67320 --- [nacos-grpc-client-executor-10] com.alibaba.nacos.common.remote.client   : [4309a169-5ce6-4378-9de4-ff1b23634c80] Ack server push request, request = NotifySubscriberRequest, requestId = 115
18:46:45:564  INFO 67320 --- [http-nio-8085-exec-1] o.a.c.c.C.[Tomcat].[localhost].[/]       : Initializing Spring DispatcherServlet 'dispatcherServlet'
18:46:45:564  INFO 67320 --- [http-nio-8085-exec-1] o.s.web.servlet.DispatcherServlet        : Initializing Servlet 'dispatcherServlet'
18:46:45:565  INFO 67320 --- [http-nio-8085-exec-1] o.s.web.servlet.DispatcherServlet        : Completed initialization in 1 ms
18:46:45:673  WARN 67320 --- [http-nio-8085-exec-1] c.b.m.c.t.support.ReflectLambdaMeta      : Unable to make field private final java.lang.Class java.lang.invoke.SerializedLambda.capturingClass accessible: module java.base does not "opens java.lang.invoke" to unnamed module @2ef9b8bc
18:46:45:685  INFO 67320 --- [http-nio-8085-exec-1] com.zaxxer.hikari.HikariDataSource       : HikariPool-1 - Starting...
18:46:45:963  INFO 67320 --- [http-nio-8085-exec-1] com.zaxxer.hikari.HikariDataSource       : HikariPool-1 - Start completed.
18:46:45:968 DEBUG 67320 --- [http-nio-8085-exec-1] c.h.user.mapper.UserMapper.selectList    : ==>  Preparing: SELECT id,username,password,phone,create_time,update_time,status,balance FROM user WHERE (username = ?)
18:46:45:985 DEBUG 67320 --- [http-nio-8085-exec-1] c.h.user.mapper.UserMapper.selectList    : ==> Parameters: jack(String)
18:46:46:015 DEBUG 67320 --- [http-nio-8085-exec-1] c.h.user.mapper.UserMapper.selectList    : <==      Total: 1
18:48:45:467 DEBUG 67320 --- [http-nio-8085-exec-3] c.h.u.mapper.AddressMapper.selectList    : ==>  Preparing: SELECT id,user_id,province,city,town,mobile,street,contact,is_default,notes FROM address WHERE (user_id = ?)
18:48:45:467 DEBUG 67320 --- [http-nio-8085-exec-3] c.h.u.mapper.AddressMapper.selectList    : ==> Parameters: 1(Long)
18:48:45:472 DEBUG 67320 --- [http-nio-8085-exec-3] c.h.u.mapper.AddressMapper.selectList    : <==      Total: 4
18:59:46:661  WARN 67320 --- [Thread-4] c.a.nacos.common.notify.NotifyCenter     : [NotifyCenter] Start destroying Publisher
18:59:46:662  WARN 67320 --- [Thread-4] c.a.nacos.common.notify.NotifyCenter     : [NotifyCenter] Destruction of the end
18:59:46:662  WARN 67320 --- [Thread-7] c.a.n.common.http.HttpClientBeanHolder   : [HttpClientBeanHolder] Start destroying common HttpClient
18:59:46:663  WARN 67320 --- [Thread-7] c.a.n.common.http.HttpClientBeanHolder   : [HttpClientBeanHolder] Destruction of the end
18:59:46:714  INFO 67320 --- [SpringApplicationShutdownHook] c.a.c.n.registry.NacosServiceRegistry    : De-registering from Nacos Server now...
18:59:46:719  INFO 67320 --- [SpringApplicationShutdownHook] c.a.c.n.registry.NacosServiceRegistry    : De-registration finished.
18:59:47:041  INFO 67320 --- [SpringApplicationShutdownHook] com.alibaba.nacos.common.remote.client   : Shutdown rpc client, set status to shutdown
18:59:47:041  INFO 67320 --- [SpringApplicationShutdownHook] com.alibaba.nacos.common.remote.client   : Shutdown client event executor java.util.concurrent.ScheduledThreadPoolExecutor@4d449f77[Running, pool size = 2, active threads = 2, queued tasks = 0, completed tasks = 0]
18:59:47:041  INFO 67320 --- [SpringApplicationShutdownHook] com.alibaba.nacos.common.remote.client   : Close current connection 1769078786491_192.168.100.1_12136
18:59:47:044  INFO 67320 --- [nacos-grpc-client-executor-182] c.a.n.c.remote.client.grpc.GrpcClient    : [1769078786491_192.168.100.1_12136]Ignore complete event,isRunning:false,isAbandon=false
18:59:47:049  INFO 67320 --- [SpringApplicationShutdownHook] c.a.n.c.remote.client.grpc.GrpcClient    : Shutdown grpc executor java.util.concurrent.ThreadPoolExecutor@4b6f504b[Running, pool size = 4, active threads = 0, queued tasks = 0, completed tasks = 183]
18:59:47:054  INFO 67320 --- [SpringApplicationShutdownHook] com.zaxxer.hikari.HikariDataSource       : HikariPool-1 - Shutdown initiated...
18:59:47:099  INFO 67320 --- [SpringApplicationShutdownHook] com.zaxxer.hikari.HikariDataSource       : HikariPool-1 - Shutdown completed.
